2024-03-07 09:57:36,318 [MainThread  ] [INFO ]  Starting main function
2024-03-07 09:57:36,318 [MainThread  ] [INFO ]  Parameters:
2024-03-07 09:57:36,318 [MainThread  ] [INFO ]   SoccerNet_path : /mnt/patatas_fritas/soccernet-spain
2024-03-07 09:57:36,318 [MainThread  ] [INFO ]         features : ResNET_TF2_PCA512.npy
2024-03-07 09:57:36,318 [MainThread  ] [INFO ]       max_epochs : 1000
2024-03-07 09:57:36,318 [MainThread  ] [INFO ]     load_weights : None
2024-03-07 09:57:36,318 [MainThread  ] [INFO ]       model_name : CALF_germany
2024-03-07 09:57:36,318 [MainThread  ] [INFO ]        test_only : True
2024-03-07 09:57:36,318 [MainThread  ] [INFO ]        challenge : False
2024-03-07 09:57:36,318 [MainThread  ] [INFO ]         K_params : None
2024-03-07 09:57:36,318 [MainThread  ] [INFO ]     num_features : 512
2024-03-07 09:57:36,318 [MainThread  ] [INFO ]  chunks_per_epoch : 18000
2024-03-07 09:57:36,318 [MainThread  ] [INFO ]  evaluation_frequency : 20
2024-03-07 09:57:36,318 [MainThread  ] [INFO ]      dim_capsule : 16
2024-03-07 09:57:36,319 [MainThread  ] [INFO ]        framerate : 2
2024-03-07 09:57:36,319 [MainThread  ] [INFO ]       chunk_size : 120
2024-03-07 09:57:36,319 [MainThread  ] [INFO ]  receptive_field : 40
2024-03-07 09:57:36,319 [MainThread  ] [INFO ]     lambda_coord : 5.0
2024-03-07 09:57:36,319 [MainThread  ] [INFO ]     lambda_noobj : 0.5
2024-03-07 09:57:36,319 [MainThread  ] [INFO ]  loss_weight_segmentation : 0.000367
2024-03-07 09:57:36,319 [MainThread  ] [INFO ]  loss_weight_detection : 1.0
2024-03-07 09:57:36,319 [MainThread  ] [INFO ]       batch_size : 32
2024-03-07 09:57:36,319 [MainThread  ] [INFO ]               LR : 0.001
2024-03-07 09:57:36,319 [MainThread  ] [INFO ]         patience : 25
2024-03-07 09:57:36,319 [MainThread  ] [INFO ]              GPU : -1
2024-03-07 09:57:36,319 [MainThread  ] [INFO ]   max_num_worker : 4
2024-03-07 09:57:36,319 [MainThread  ] [INFO ]         loglevel : INFO
2024-03-07 09:57:36,320 [MainThread  ] [INFO ]  Checking/Download features and labels locally
2024-03-07 09:57:36,326 [MainThread  ] [INFO ]  ContextAwareModel(
  (conv_1): Conv2d(1, 128, kernel_size=(1, 512), stride=(1, 1))
  (conv_2): Conv2d(128, 32, kernel_size=(1, 1), stride=(1, 1))
  (pad_p_1): ZeroPad2d(padding=(0, 0, 5, 6), value=0.0)
  (pad_p_2): ZeroPad2d(padding=(0, 0, 13, 13), value=0.0)
  (pad_p_3): ZeroPad2d(padding=(0, 0, 19, 20), value=0.0)
  (pad_p_4): ZeroPad2d(padding=(0, 0, 39, 40), value=0.0)
  (conv_p_1): Conv2d(32, 8, kernel_size=(12, 1), stride=(1, 1))
  (conv_p_2): Conv2d(32, 16, kernel_size=(27, 1), stride=(1, 1))
  (conv_p_3): Conv2d(32, 32, kernel_size=(40, 1), stride=(1, 1))
  (conv_p_4): Conv2d(32, 64, kernel_size=(80, 1), stride=(1, 1))
  (pad_seg): ZeroPad2d(padding=(0, 0, 1, 1), value=0.0)
  (conv_seg): Conv2d(152, 272, kernel_size=(3, 1), stride=(1, 1))
  (batch_seg): BatchNorm2d(240, eps=0.001, momentum=0.01, affine=True, track_running_stats=True)
  (max_pool_spot): MaxPool2d(kernel_size=(3, 1), stride=(2, 1), padding=0, dilation=1, ceil_mode=False)
  (pad_spot_1): ZeroPad2d(padding=(0, 0, 1, 1), value=0.0)
  (conv_spot_1): Conv2d(289, 32, kernel_size=(3, 1), stride=(1, 1))
  (max_pool_spot_1): MaxPool2d(kernel_size=(3, 1), stride=(2, 1), padding=0, dilation=1, ceil_mode=False)
  (pad_spot_2): ZeroPad2d(padding=(0, 0, 1, 1), value=0.0)
  (conv_spot_2): Conv2d(32, 16, kernel_size=(3, 1), stride=(1, 1))
  (max_pool_spot_2): MaxPool2d(kernel_size=(3, 1), stride=(2, 1), padding=0, dilation=1, ceil_mode=False)
  (conv_conf): Conv2d(464, 30, kernel_size=(1, 1), stride=(1, 1))
  (conv_class): Conv2d(464, 255, kernel_size=(1, 1), stride=(1, 1))
  (softmax): Softmax(dim=-1)
)
2024-03-07 09:57:36,326 [MainThread  ] [INFO ]  Total number of parameters: 578245
2024-03-07 09:57:44,563 [MainThread  ] [INFO ]  Metric: loose
2024-03-07 09:57:44,564 [MainThread  ] [INFO ]                        Any    Visible    Unseen
------------------  -----  ---------  --------
Penalty              0          0         0
Kick-off            16.95       5.64     18.26
Goal                19.39      20.59      0
Substitution         5.57       5.62      0
Offside             10.78      11.24      0.94
Shots on target     15.07      15.17      0
Shots off target     9.68       9.68      0
Clearance           25.59      25.54     24.83
Ball out of play    37.33      37.75     32.86
Throw-in            19.29      20.62     13.24
Foul                26.87      27.19     15.95
Indirect free-kick  23.53      28.45     21.26
Direct free-kick     7.54       7.9       0
Corner              26.89      30.59     18.6
Yellow card          3.98       4.63      3.37
Red card             0          0         0
Yellow->red card     0          0         0
Average mAP         14.62      14.74     11.49
2024-03-07 09:57:47,125 [MainThread  ] [INFO ]  Metric: tight
2024-03-07 09:57:47,126 [MainThread  ] [INFO ]                        Any    Visible    Unseen
------------------  -----  ---------  --------
Penalty              0          0         0
Kick-off             9.17       0.63      9.31
Goal                 6.15       6.22      0
Substitution         2.11       2.11      0
Offside              0.92       1.15      0.12
Shots on target      3.21       3.21      0
Shots off target     5.72       5.72      0
Clearance            2.6        3.06      3.05
Ball out of play    12.68      12.74     14.12
Throw-in             2.73       3.59      1.87
Foul                 7.73       7.86      3.32
Indirect free-kick   5.01       8.7       3.55
Direct free-kick     0.83       1.01      0
Corner               6.06       5.95      8.06
Yellow card          0.3        0.39      0.15
Red card             0          0         0
Yellow->red card     0          0         0
Average mAP          3.84       3.67      3.35
2024-03-07 09:57:52,110 [MainThread  ] [INFO ]  Total Execution Time is 15.79187798500061 seconds
