2024-03-07 09:54:37,174 [MainThread  ] [INFO ]  Starting main function
2024-03-07 09:54:37,174 [MainThread  ] [INFO ]  Parameters:
2024-03-07 09:54:37,174 [MainThread  ] [INFO ]   SoccerNet_path : /mnt/patatas_fritas/soccernet-france
2024-03-07 09:54:37,175 [MainThread  ] [INFO ]         features : ResNET_TF2_PCA512.npy
2024-03-07 09:54:37,175 [MainThread  ] [INFO ]       max_epochs : 1000
2024-03-07 09:54:37,175 [MainThread  ] [INFO ]     load_weights : None
2024-03-07 09:54:37,175 [MainThread  ] [INFO ]       model_name : CALF_germany
2024-03-07 09:54:37,175 [MainThread  ] [INFO ]        test_only : True
2024-03-07 09:54:37,175 [MainThread  ] [INFO ]        challenge : False
2024-03-07 09:54:37,175 [MainThread  ] [INFO ]         K_params : None
2024-03-07 09:54:37,175 [MainThread  ] [INFO ]     num_features : 512
2024-03-07 09:54:37,175 [MainThread  ] [INFO ]  chunks_per_epoch : 18000
2024-03-07 09:54:37,175 [MainThread  ] [INFO ]  evaluation_frequency : 20
2024-03-07 09:54:37,175 [MainThread  ] [INFO ]      dim_capsule : 16
2024-03-07 09:54:37,175 [MainThread  ] [INFO ]        framerate : 2
2024-03-07 09:54:37,175 [MainThread  ] [INFO ]       chunk_size : 120
2024-03-07 09:54:37,175 [MainThread  ] [INFO ]  receptive_field : 40
2024-03-07 09:54:37,175 [MainThread  ] [INFO ]     lambda_coord : 5.0
2024-03-07 09:54:37,175 [MainThread  ] [INFO ]     lambda_noobj : 0.5
2024-03-07 09:54:37,175 [MainThread  ] [INFO ]  loss_weight_segmentation : 0.000367
2024-03-07 09:54:37,175 [MainThread  ] [INFO ]  loss_weight_detection : 1.0
2024-03-07 09:54:37,175 [MainThread  ] [INFO ]       batch_size : 32
2024-03-07 09:54:37,175 [MainThread  ] [INFO ]               LR : 0.001
2024-03-07 09:54:37,175 [MainThread  ] [INFO ]         patience : 25
2024-03-07 09:54:37,175 [MainThread  ] [INFO ]              GPU : -1
2024-03-07 09:54:37,175 [MainThread  ] [INFO ]   max_num_worker : 4
2024-03-07 09:54:37,176 [MainThread  ] [INFO ]         loglevel : INFO
2024-03-07 09:54:37,176 [MainThread  ] [INFO ]  Checking/Download features and labels locally
2024-03-07 09:54:37,182 [MainThread  ] [INFO ]  ContextAwareModel(
  (conv_1): Conv2d(1, 128, kernel_size=(1, 512), stride=(1, 1))
  (conv_2): Conv2d(128, 32, kernel_size=(1, 1), stride=(1, 1))
  (pad_p_1): ZeroPad2d(padding=(0, 0, 5, 6), value=0.0)
  (pad_p_2): ZeroPad2d(padding=(0, 0, 13, 13), value=0.0)
  (pad_p_3): ZeroPad2d(padding=(0, 0, 19, 20), value=0.0)
  (pad_p_4): ZeroPad2d(padding=(0, 0, 39, 40), value=0.0)
  (conv_p_1): Conv2d(32, 8, kernel_size=(12, 1), stride=(1, 1))
  (conv_p_2): Conv2d(32, 16, kernel_size=(27, 1), stride=(1, 1))
  (conv_p_3): Conv2d(32, 32, kernel_size=(40, 1), stride=(1, 1))
  (conv_p_4): Conv2d(32, 64, kernel_size=(80, 1), stride=(1, 1))
  (pad_seg): ZeroPad2d(padding=(0, 0, 1, 1), value=0.0)
  (conv_seg): Conv2d(152, 272, kernel_size=(3, 1), stride=(1, 1))
  (batch_seg): BatchNorm2d(240, eps=0.001, momentum=0.01, affine=True, track_running_stats=True)
  (max_pool_spot): MaxPool2d(kernel_size=(3, 1), stride=(2, 1), padding=0, dilation=1, ceil_mode=False)
  (pad_spot_1): ZeroPad2d(padding=(0, 0, 1, 1), value=0.0)
  (conv_spot_1): Conv2d(289, 32, kernel_size=(3, 1), stride=(1, 1))
  (max_pool_spot_1): MaxPool2d(kernel_size=(3, 1), stride=(2, 1), padding=0, dilation=1, ceil_mode=False)
  (pad_spot_2): ZeroPad2d(padding=(0, 0, 1, 1), value=0.0)
  (conv_spot_2): Conv2d(32, 16, kernel_size=(3, 1), stride=(1, 1))
  (max_pool_spot_2): MaxPool2d(kernel_size=(3, 1), stride=(2, 1), padding=0, dilation=1, ceil_mode=False)
  (conv_conf): Conv2d(464, 30, kernel_size=(1, 1), stride=(1, 1))
  (conv_class): Conv2d(464, 255, kernel_size=(1, 1), stride=(1, 1))
  (softmax): Softmax(dim=-1)
)
2024-03-07 09:54:37,182 [MainThread  ] [INFO ]  Total number of parameters: 578245
2024-03-07 09:54:41,529 [MainThread  ] [INFO ]  Metric: loose
2024-03-07 09:54:41,530 [MainThread  ] [INFO ]                        Any    Visible    Unseen
------------------  -----  ---------  --------
Penalty              0          0         0
Kick-off             5.84       4.03      8.47
Goal                17.63      17.63      0
Substitution        42         47.4       0
Offside             13.84      13.84      0
Shots on target     16.45      16.45      0
Shots off target     3.51       3.51      0
Clearance           12.62      14.05     14.99
Ball out of play    45.33      44.86     61.7
Throw-in            34         44.34     18.66
Foul                22.42      23.33     31.24
Indirect free-kick  16.74      14.21     32.33
Direct free-kick     9.09      11.98      0
Corner               8.82      13.29      0
Yellow card         21.34      22.52      0
Red card             0          0         0
Yellow->red card     0          0         0
Average mAP         15.86      17.14     12.88
2024-03-07 09:54:43,179 [MainThread  ] [INFO ]  Metric: tight
2024-03-07 09:54:43,180 [MainThread  ] [INFO ]                        Any    Visible    Unseen
------------------  -----  ---------  --------
Penalty              0          0         0
Kick-off             0          0         0
Goal                 0          0         0
Substitution         7.73       8.52      0
Offside              0.74       0.74      0
Shots on target      0.22       0.22      0
Shots off target     0          0         0
Clearance            1.86       7.11      0.04
Ball out of play    13.31      14        13.13
Throw-in             4.69       7.91      0.19
Foul                 4.79       5.45      0
Indirect free-kick   2.25       4.29      3.07
Direct free-kick     5.68       5.68      0
Corner               2.37       2.75      0
Yellow card         18.18      18.18      0
Red card             0          0         0
Yellow->red card     0          0         0
Average mAP          3.64       4.4       1.26
2024-03-07 09:54:46,970 [MainThread  ] [INFO ]  Total Execution Time is 9.796011447906494 seconds
