2024-03-07 09:56:33,676 [MainThread  ] [INFO ]  Starting main function
2024-03-07 09:56:33,676 [MainThread  ] [INFO ]  Parameters:
2024-03-07 09:56:33,676 [MainThread  ] [INFO ]   SoccerNet_path : /mnt/patatas_fritas/soccernet-italy
2024-03-07 09:56:33,676 [MainThread  ] [INFO ]         features : ResNET_TF2_PCA512.npy
2024-03-07 09:56:33,676 [MainThread  ] [INFO ]       max_epochs : 1000
2024-03-07 09:56:33,677 [MainThread  ] [INFO ]     load_weights : None
2024-03-07 09:56:33,677 [MainThread  ] [INFO ]       model_name : CALF_germany
2024-03-07 09:56:33,677 [MainThread  ] [INFO ]        test_only : True
2024-03-07 09:56:33,677 [MainThread  ] [INFO ]        challenge : False
2024-03-07 09:56:33,677 [MainThread  ] [INFO ]         K_params : None
2024-03-07 09:56:33,677 [MainThread  ] [INFO ]     num_features : 512
2024-03-07 09:56:33,677 [MainThread  ] [INFO ]  chunks_per_epoch : 18000
2024-03-07 09:56:33,677 [MainThread  ] [INFO ]  evaluation_frequency : 20
2024-03-07 09:56:33,677 [MainThread  ] [INFO ]      dim_capsule : 16
2024-03-07 09:56:33,677 [MainThread  ] [INFO ]        framerate : 2
2024-03-07 09:56:33,677 [MainThread  ] [INFO ]       chunk_size : 120
2024-03-07 09:56:33,677 [MainThread  ] [INFO ]  receptive_field : 40
2024-03-07 09:56:33,677 [MainThread  ] [INFO ]     lambda_coord : 5.0
2024-03-07 09:56:33,677 [MainThread  ] [INFO ]     lambda_noobj : 0.5
2024-03-07 09:56:33,677 [MainThread  ] [INFO ]  loss_weight_segmentation : 0.000367
2024-03-07 09:56:33,677 [MainThread  ] [INFO ]  loss_weight_detection : 1.0
2024-03-07 09:56:33,677 [MainThread  ] [INFO ]       batch_size : 32
2024-03-07 09:56:33,677 [MainThread  ] [INFO ]               LR : 0.001
2024-03-07 09:56:33,677 [MainThread  ] [INFO ]         patience : 25
2024-03-07 09:56:33,677 [MainThread  ] [INFO ]              GPU : -1
2024-03-07 09:56:33,677 [MainThread  ] [INFO ]   max_num_worker : 4
2024-03-07 09:56:33,677 [MainThread  ] [INFO ]         loglevel : INFO
2024-03-07 09:56:33,678 [MainThread  ] [INFO ]  Checking/Download features and labels locally
2024-03-07 09:56:33,684 [MainThread  ] [INFO ]  ContextAwareModel(
  (conv_1): Conv2d(1, 128, kernel_size=(1, 512), stride=(1, 1))
  (conv_2): Conv2d(128, 32, kernel_size=(1, 1), stride=(1, 1))
  (pad_p_1): ZeroPad2d(padding=(0, 0, 5, 6), value=0.0)
  (pad_p_2): ZeroPad2d(padding=(0, 0, 13, 13), value=0.0)
  (pad_p_3): ZeroPad2d(padding=(0, 0, 19, 20), value=0.0)
  (pad_p_4): ZeroPad2d(padding=(0, 0, 39, 40), value=0.0)
  (conv_p_1): Conv2d(32, 8, kernel_size=(12, 1), stride=(1, 1))
  (conv_p_2): Conv2d(32, 16, kernel_size=(27, 1), stride=(1, 1))
  (conv_p_3): Conv2d(32, 32, kernel_size=(40, 1), stride=(1, 1))
  (conv_p_4): Conv2d(32, 64, kernel_size=(80, 1), stride=(1, 1))
  (pad_seg): ZeroPad2d(padding=(0, 0, 1, 1), value=0.0)
  (conv_seg): Conv2d(152, 272, kernel_size=(3, 1), stride=(1, 1))
  (batch_seg): BatchNorm2d(240, eps=0.001, momentum=0.01, affine=True, track_running_stats=True)
  (max_pool_spot): MaxPool2d(kernel_size=(3, 1), stride=(2, 1), padding=0, dilation=1, ceil_mode=False)
  (pad_spot_1): ZeroPad2d(padding=(0, 0, 1, 1), value=0.0)
  (conv_spot_1): Conv2d(289, 32, kernel_size=(3, 1), stride=(1, 1))
  (max_pool_spot_1): MaxPool2d(kernel_size=(3, 1), stride=(2, 1), padding=0, dilation=1, ceil_mode=False)
  (pad_spot_2): ZeroPad2d(padding=(0, 0, 1, 1), value=0.0)
  (conv_spot_2): Conv2d(32, 16, kernel_size=(3, 1), stride=(1, 1))
  (max_pool_spot_2): MaxPool2d(kernel_size=(3, 1), stride=(2, 1), padding=0, dilation=1, ceil_mode=False)
  (conv_conf): Conv2d(464, 30, kernel_size=(1, 1), stride=(1, 1))
  (conv_class): Conv2d(464, 255, kernel_size=(1, 1), stride=(1, 1))
  (softmax): Softmax(dim=-1)
)
2024-03-07 09:56:33,685 [MainThread  ] [INFO ]  Total number of parameters: 578245
2024-03-07 09:56:41,374 [MainThread  ] [INFO ]  Metric: loose
2024-03-07 09:56:41,375 [MainThread  ] [INFO ]                        Any    Visible    Unseen
------------------  -----  ---------  --------
Penalty              0          0         0
Kick-off            17.96      13.62     17.31
Goal                36.42      39.88      0
Substitution         8.91       8.88      1.14
Offside              7.07       7.3       3.24
Shots on target     18.26      18.26      0
Shots off target    10.14      10.18      0
Clearance           22.93      22.97     22.34
Ball out of play    39.55      39.71     34.35
Throw-in            23.7       25.94     18.03
Foul                31.14      31.14     52.07
Indirect free-kick  30.58      28.09     34.81
Direct free-kick     8.17       8.99      0
Corner              29.41      29.38     36.44
Yellow card          4.56       5.09      0.65
Red card             0          0         0
Yellow->red card     0          0         0
Average mAP         16.99      17.03     16.95
2024-03-07 09:56:43,816 [MainThread  ] [INFO ]  Metric: tight
2024-03-07 09:56:43,817 [MainThread  ] [INFO ]                        Any    Visible    Unseen
------------------  -----  ---------  --------
Penalty              0          0         0
Kick-off             2          1.46      1.58
Goal                 8.86       9.55      0
Substitution         1.37       1.7       0
Offside              3.18       3.24      0
Shots on target      8.97       8.97      0
Shots off target     3.56       3.56      0
Clearance            4.19       3.72      3.81
Ball out of play    10.2       10.39      6.78
Throw-in             5.37       5.51      2.63
Foul                 4.81       4.81      0
Indirect free-kick   2.9        3.32      4.4
Direct free-kick     1.89       1.89      0
Corner               5.33       5.45     10.11
Yellow card          0.12       0.12      0.08
Red card             0          0         0
Yellow->red card     0          0         0
Average mAP          3.69       3.75      2.26
2024-03-07 09:56:48,601 [MainThread  ] [INFO ]  Total Execution Time is 14.924479246139526 seconds
