2024-03-06 18:50:18,037 [MainThread  ] [INFO ]  Starting main function
2024-03-06 18:50:18,037 [MainThread  ] [INFO ]  Parameters:
2024-03-06 18:50:18,037 [MainThread  ] [INFO ]   SoccerNet_path : /mnt/patatas_fritas/soccernet-germany
2024-03-06 18:50:18,037 [MainThread  ] [INFO ]         features : ResNET_TF2_PCA512.npy
2024-03-06 18:50:18,037 [MainThread  ] [INFO ]       max_epochs : 1000
2024-03-06 18:50:18,037 [MainThread  ] [INFO ]     load_weights : None
2024-03-06 18:50:18,037 [MainThread  ] [INFO ]       model_name : CALF_germany
2024-03-06 18:50:18,037 [MainThread  ] [INFO ]        test_only : False
2024-03-06 18:50:18,037 [MainThread  ] [INFO ]        challenge : False
2024-03-06 18:50:18,037 [MainThread  ] [INFO ]         K_params : None
2024-03-06 18:50:18,037 [MainThread  ] [INFO ]     num_features : 512
2024-03-06 18:50:18,037 [MainThread  ] [INFO ]  chunks_per_epoch : 18000
2024-03-06 18:50:18,037 [MainThread  ] [INFO ]  evaluation_frequency : 20
2024-03-06 18:50:18,037 [MainThread  ] [INFO ]      dim_capsule : 16
2024-03-06 18:50:18,037 [MainThread  ] [INFO ]        framerate : 2
2024-03-06 18:50:18,037 [MainThread  ] [INFO ]       chunk_size : 120
2024-03-06 18:50:18,037 [MainThread  ] [INFO ]  receptive_field : 40
2024-03-06 18:50:18,038 [MainThread  ] [INFO ]     lambda_coord : 5.0
2024-03-06 18:50:18,038 [MainThread  ] [INFO ]     lambda_noobj : 0.5
2024-03-06 18:50:18,038 [MainThread  ] [INFO ]  loss_weight_segmentation : 0.000367
2024-03-06 18:50:18,038 [MainThread  ] [INFO ]  loss_weight_detection : 1.0
2024-03-06 18:50:18,038 [MainThread  ] [INFO ]       batch_size : 32
2024-03-06 18:50:18,038 [MainThread  ] [INFO ]               LR : 0.001
2024-03-06 18:50:18,038 [MainThread  ] [INFO ]         patience : 25
2024-03-06 18:50:18,038 [MainThread  ] [INFO ]              GPU : -1
2024-03-06 18:50:18,038 [MainThread  ] [INFO ]   max_num_worker : 4
2024-03-06 18:50:18,038 [MainThread  ] [INFO ]         loglevel : INFO
2024-03-06 18:50:18,040 [MainThread  ] [INFO ]  Checking/Download features and labels locally
2024-03-06 18:50:18,040 [MainThread  ] [INFO ]  Pre-compute clips
2024-03-06 18:50:36,418 [MainThread  ] [INFO ]  Checking/Download features and labels locally
2024-03-06 18:50:36,418 [MainThread  ] [INFO ]  Pre-compute clips
2024-03-06 18:50:40,885 [MainThread  ] [INFO ]  Checking/Download features and labels locally
2024-03-06 18:50:40,885 [MainThread  ] [INFO ]  Checking/Download features and labels locally
2024-03-06 18:50:40,892 [MainThread  ] [INFO ]  ContextAwareModel(
  (conv_1): Conv2d(1, 128, kernel_size=(1, 512), stride=(1, 1))
  (conv_2): Conv2d(128, 32, kernel_size=(1, 1), stride=(1, 1))
  (pad_p_1): ZeroPad2d(padding=(0, 0, 5, 6), value=0.0)
  (pad_p_2): ZeroPad2d(padding=(0, 0, 13, 13), value=0.0)
  (pad_p_3): ZeroPad2d(padding=(0, 0, 19, 20), value=0.0)
  (pad_p_4): ZeroPad2d(padding=(0, 0, 39, 40), value=0.0)
  (conv_p_1): Conv2d(32, 8, kernel_size=(12, 1), stride=(1, 1))
  (conv_p_2): Conv2d(32, 16, kernel_size=(27, 1), stride=(1, 1))
  (conv_p_3): Conv2d(32, 32, kernel_size=(40, 1), stride=(1, 1))
  (conv_p_4): Conv2d(32, 64, kernel_size=(80, 1), stride=(1, 1))
  (pad_seg): ZeroPad2d(padding=(0, 0, 1, 1), value=0.0)
  (conv_seg): Conv2d(152, 272, kernel_size=(3, 1), stride=(1, 1))
  (batch_seg): BatchNorm2d(240, eps=0.001, momentum=0.01, affine=True, track_running_stats=True)
  (max_pool_spot): MaxPool2d(kernel_size=(3, 1), stride=(2, 1), padding=0, dilation=1, ceil_mode=False)
  (pad_spot_1): ZeroPad2d(padding=(0, 0, 1, 1), value=0.0)
  (conv_spot_1): Conv2d(289, 32, kernel_size=(3, 1), stride=(1, 1))
  (max_pool_spot_1): MaxPool2d(kernel_size=(3, 1), stride=(2, 1), padding=0, dilation=1, ceil_mode=False)
  (pad_spot_2): ZeroPad2d(padding=(0, 0, 1, 1), value=0.0)
  (conv_spot_2): Conv2d(32, 16, kernel_size=(3, 1), stride=(1, 1))
  (max_pool_spot_2): MaxPool2d(kernel_size=(3, 1), stride=(2, 1), padding=0, dilation=1, ceil_mode=False)
  (conv_conf): Conv2d(464, 30, kernel_size=(1, 1), stride=(1, 1))
  (conv_class): Conv2d(464, 255, kernel_size=(1, 1), stride=(1, 1))
  (softmax): Softmax(dim=-1)
)
2024-03-06 18:50:40,892 [MainThread  ] [INFO ]  Total number of parameters: 578245
2024-03-06 18:50:40,893 [MainThread  ] [INFO ]  start training
2024-03-06 19:07:45,007 [MainThread  ] [INFO ]  Validation performance at epoch 21 -> 0.2634303847491557
2024-03-06 19:07:51,825 [MainThread  ] [INFO ]  Test performance at epoch 21 -> 0.2509031886211979
2024-03-06 19:24:11,364 [MainThread  ] [INFO ]  Validation performance at epoch 41 -> 0.2677279985985004
2024-03-06 19:24:17,642 [MainThread  ] [INFO ]  Test performance at epoch 41 -> 0.3089132881825496
2024-03-06 19:40:43,308 [MainThread  ] [INFO ]  Validation performance at epoch 61 -> 0.2938673475143314
2024-03-06 19:40:49,458 [MainThread  ] [INFO ]  Test performance at epoch 61 -> 0.28824648086050186
2024-03-06 19:57:11,006 [MainThread  ] [INFO ]  Validation performance at epoch 81 -> 0.2845341623266321
2024-03-06 20:13:31,702 [MainThread  ] [INFO ]  Validation performance at epoch 101 -> 0.2794030273970415
2024-03-06 20:15:11,380 [MainThread  ] [INFO ]  Plateau Reached!
2024-03-06 20:29:55,937 [MainThread  ] [INFO ]  Validation performance at epoch 121 -> 0.2987796474490154
2024-03-06 20:30:02,047 [MainThread  ] [INFO ]  Test performance at epoch 121 -> 0.3236604337375709
2024-03-06 20:36:37,700 [MainThread  ] [INFO ]  Plateau Reached!
2024-03-06 20:46:28,661 [MainThread  ] [INFO ]  Validation performance at epoch 141 -> 0.29033303323994486
2024-03-06 20:57:56,844 [MainThread  ] [INFO ]  Plateau Reached!
2024-03-06 21:01:36,886 [MainThread  ] [INFO ]  Validation performance at epoch 161 -> 0.30256949057905685
2024-03-06 21:01:42,383 [MainThread  ] [INFO ]  Test performance at epoch 161 -> 0.3185110050982827
2024-03-06 21:11:16,517 [MainThread  ] [INFO ]  Validation performance at epoch 181 -> 0.3022432476528339
2024-03-06 21:11:16,517 [MainThread  ] [INFO ]  Plateau Reached!
2024-03-06 21:20:46,019 [MainThread  ] [INFO ]  Validation performance at epoch 201 -> 0.29965080130633387
2024-03-06 21:23:38,117 [MainThread  ] [INFO ]  Plateau Reached!
2024-03-06 21:30:20,139 [MainThread  ] [INFO ]  Validation performance at epoch 221 -> 0.29919889210226613
2024-03-06 21:35:33,946 [MainThread  ] [INFO ]  Plateau Reached and no more reduction -> Exiting Loop
2024-03-06 21:35:46,609 [MainThread  ] [INFO ]  Total Execution Time is 9928.572353363037 seconds
