2024-03-07 11:59:27,180 [MainThread  ] [INFO ]  Starting main function
2024-03-07 11:59:27,180 [MainThread  ] [INFO ]  Parameters:
2024-03-07 11:59:27,180 [MainThread  ] [INFO ]   SoccerNet_path : /mnt/patatas_fritas/soccernet-germany
2024-03-07 11:59:27,180 [MainThread  ] [INFO ]         features : ResNET_TF2_PCA512.npy
2024-03-07 11:59:27,180 [MainThread  ] [INFO ]       max_epochs : 1000
2024-03-07 11:59:27,180 [MainThread  ] [INFO ]     load_weights : None
2024-03-07 11:59:27,180 [MainThread  ] [INFO ]       model_name : MAXPOOL_v2_france
2024-03-07 11:59:27,180 [MainThread  ] [INFO ]        test_only : True
2024-03-07 11:59:27,180 [MainThread  ] [INFO ]      split_train : ['train']
2024-03-07 11:59:27,180 [MainThread  ] [INFO ]      split_valid : ['valid']
2024-03-07 11:59:27,180 [MainThread  ] [INFO ]       split_test : ['test']
2024-03-07 11:59:27,180 [MainThread  ] [INFO ]          version : 2
2024-03-07 11:59:27,180 [MainThread  ] [INFO ]     num_features : 512
2024-03-07 11:59:27,180 [MainThread  ] [INFO ]  evaluation_frequency : 10
2024-03-07 11:59:27,180 [MainThread  ] [INFO ]        framerate : 2
2024-03-07 11:59:27,180 [MainThread  ] [INFO ]       chunk_size : 20
2024-03-07 11:59:27,180 [MainThread  ] [INFO ]             pool : MAX
2024-03-07 11:59:27,180 [MainThread  ] [INFO ]       NMS_window : 20
2024-03-07 11:59:27,180 [MainThread  ] [INFO ]    NMS_threshold : 0.0
2024-03-07 11:59:27,181 [MainThread  ] [INFO ]       batch_size : 256
2024-03-07 11:59:27,181 [MainThread  ] [INFO ]               LR : 0.001
2024-03-07 11:59:27,181 [MainThread  ] [INFO ]              LRe : 1e-06
2024-03-07 11:59:27,181 [MainThread  ] [INFO ]         patience : 10
2024-03-07 11:59:27,181 [MainThread  ] [INFO ]              GPU : -1
2024-03-07 11:59:27,181 [MainThread  ] [INFO ]   max_num_worker : 4
2024-03-07 11:59:27,181 [MainThread  ] [INFO ]         loglevel : INFO
2024-03-07 11:59:27,181 [MainThread  ] [INFO ]  Checking/Download features and labels locally
2024-03-07 11:59:28,778 [MainThread  ] [INFO ]  Model(
  (pool_layer): MaxPool1d(kernel_size=40, stride=1, padding=0, dilation=1, ceil_mode=False)
  (fc): Linear(in_features=512, out_features=18, bias=True)
  (drop): Dropout(p=0.4, inplace=False)
  (sigm): Sigmoid()
)
2024-03-07 11:59:28,779 [MainThread  ] [INFO ]  Total number of parameters: 9234
2024-03-07 11:59:28,781 [MainThread  ] [INFO ]  Checking/Download features and labels locally
2024-03-07 11:59:48,790 [MainThread  ] [INFO ]  Metric: loose
2024-03-07 11:59:48,791 [MainThread  ] [INFO ]                        Any    Visible    Unseen
------------------  -----  ---------  --------
Penalty              0.32       1.16      0
Kick-off             9.13      19.66      6.9
Goal                 1.17       1.38      0
Substitution        34.28      39.01     15.04
Offside              2.28       2.57      1.97
Shots on target      6.34       6.5       0
Shots off target    11.83      11.83      0
Clearance            6.55       6.82      6.83
Ball out of play    36.33      36.79     27.02
Throw-in            31.16      33.11     19.41
Foul                13.58      13.71      6.82
Indirect free-kick  12.02      12.65     12.19
Direct free-kick     2.27       2.73      0
Corner               7.76       8.48      6.41
Yellow card          2.89       3.24      0.15
Red card             0.03       0.41      0
Yellow->red card     0.02       0.45      0
Average mAP         10.47      11.79      7.9
2024-03-07 11:59:51,787 [MainThread  ] [INFO ]  Metric: tight
2024-03-07 11:59:51,787 [MainThread  ] [INFO ]                        Any    Visible    Unseen
------------------  -----  ---------  --------
Penalty              0          0.01      0
Kick-off             7.11      17.81      4.65
Goal                 0.05       0.06      0
Substitution         5.36       6.78      2.04
Offside              0.16       0.19      0.11
Shots on target      0.73       0.73      0
Shots off target     0.15       0.15      0
Clearance            0.31       0.28      0.44
Ball out of play     7.38       7.34      1.93
Throw-in             2.39       2.54      3.9
Foul                 0.7        0.7       0
Indirect free-kick   0.7        0.75      0.77
Direct free-kick     0.18       0.23      0
Corner               0.3        0.36      0.05
Yellow card          0.11       0.13      0
Red card             0.01       0.11      0
Yellow->red card     0.01       0.39      0
Average mAP          1.51       2.27      1.07
2024-03-07 11:59:51,789 [MainThread  ] [INFO ]  Best Performance at end of training 
2024-03-07 11:59:51,789 [MainThread  ] [INFO ]  a_mAP visibility all: 0.015090714423969318
2024-03-07 11:59:51,789 [MainThread  ] [INFO ]  a_mAP visibility all per class: [1.8450456833311195e-05, 0.07106332452915073, 0.0004895262039136619, 0.05360509030260155, 0.00162201532319827, 0.0072943513561519804, 0.001537325364396996, 0.003054257994969457, 0.07382549529193223, 0.023883903270300356, 0.006956364700040258, 0.006976050921183011, 0.0018389381258814873, 0.003021724838221348, 0.0011386579812104826, 7.624164972407783e-05, 0.00014042689776921837]
2024-03-07 11:59:51,789 [MainThread  ] [INFO ]  a_mAP visibility visible: 0.022689372447432875
2024-03-07 11:59:51,789 [MainThread  ] [INFO ]  a_mAP visibility visible per class: [0.00013046654837699614, 0.17812308973631455, 0.0005751389663474385, 0.06783331891909869, 0.0019042239049151196, 0.0073243598109877205, 0.001537325364396996, 0.002782516402851401, 0.07335689253281795, 0.02538878505359521, 0.007025967432355786, 0.007480277089070303, 0.0023162593223749486, 0.003588636504752641, 0.0013311285185740479, 0.00109717868338558, 0.003923766816143498]
2024-03-07 11:59:51,789 [MainThread  ] [INFO ]  a_mAP visibility unshown: 0.010676087235838886
2024-03-07 11:59:51,789 [MainThread  ] [INFO ]  a_mAP visibility unshown per class: [0.0, 0.04646396261071337, 0.0, 0.020414892817340553, 0.001076820971597368, 0.0, 0.0, 0.004440069813143981, 0.019253644579464255, 0.038951102988664874, 0.0, 0.007727577123358376, 0.0, 0.0004610631616227581, 0.0, 0.0, 0.0]
2024-03-07 11:59:51,789 [MainThread  ] [INFO ]  Total Execution Time is 24.60989761352539 seconds
