2024-03-07 11:58:17,959 [MainThread  ] [INFO ]  Starting main function
2024-03-07 11:58:17,959 [MainThread  ] [INFO ]  Parameters:
2024-03-07 11:58:17,959 [MainThread  ] [INFO ]   SoccerNet_path : /mnt/patatas_fritas/soccernet-france
2024-03-07 11:58:17,959 [MainThread  ] [INFO ]         features : ResNET_TF2_PCA512.npy
2024-03-07 11:58:17,959 [MainThread  ] [INFO ]       max_epochs : 1000
2024-03-07 11:58:17,959 [MainThread  ] [INFO ]     load_weights : None
2024-03-07 11:58:17,959 [MainThread  ] [INFO ]       model_name : MAXPOOL_v2_france
2024-03-07 11:58:17,959 [MainThread  ] [INFO ]        test_only : True
2024-03-07 11:58:17,959 [MainThread  ] [INFO ]      split_train : ['train']
2024-03-07 11:58:17,959 [MainThread  ] [INFO ]      split_valid : ['valid']
2024-03-07 11:58:17,960 [MainThread  ] [INFO ]       split_test : ['test']
2024-03-07 11:58:17,960 [MainThread  ] [INFO ]          version : 2
2024-03-07 11:58:17,960 [MainThread  ] [INFO ]     num_features : 512
2024-03-07 11:58:17,960 [MainThread  ] [INFO ]  evaluation_frequency : 10
2024-03-07 11:58:17,960 [MainThread  ] [INFO ]        framerate : 2
2024-03-07 11:58:17,960 [MainThread  ] [INFO ]       chunk_size : 20
2024-03-07 11:58:17,960 [MainThread  ] [INFO ]             pool : MAX
2024-03-07 11:58:17,960 [MainThread  ] [INFO ]       NMS_window : 20
2024-03-07 11:58:17,960 [MainThread  ] [INFO ]    NMS_threshold : 0.0
2024-03-07 11:58:17,960 [MainThread  ] [INFO ]       batch_size : 256
2024-03-07 11:58:17,960 [MainThread  ] [INFO ]               LR : 0.001
2024-03-07 11:58:17,960 [MainThread  ] [INFO ]              LRe : 1e-06
2024-03-07 11:58:17,960 [MainThread  ] [INFO ]         patience : 10
2024-03-07 11:58:17,960 [MainThread  ] [INFO ]              GPU : -1
2024-03-07 11:58:17,960 [MainThread  ] [INFO ]   max_num_worker : 4
2024-03-07 11:58:17,960 [MainThread  ] [INFO ]         loglevel : INFO
2024-03-07 11:58:17,960 [MainThread  ] [INFO ]  Checking/Download features and labels locally
2024-03-07 11:58:19,561 [MainThread  ] [INFO ]  Model(
  (pool_layer): MaxPool1d(kernel_size=40, stride=1, padding=0, dilation=1, ceil_mode=False)
  (fc): Linear(in_features=512, out_features=18, bias=True)
  (drop): Dropout(p=0.4, inplace=False)
  (sigm): Sigmoid()
)
2024-03-07 11:58:19,561 [MainThread  ] [INFO ]  Total number of parameters: 9234
2024-03-07 11:58:19,562 [MainThread  ] [INFO ]  Checking/Download features and labels locally
2024-03-07 11:58:26,979 [MainThread  ] [INFO ]  Metric: loose
2024-03-07 11:58:26,980 [MainThread  ] [INFO ]                        Any    Visible    Unseen
------------------  -----  ---------  --------
Penalty             42.27      42.39      0
Kick-off            50.4       61.33     45.89
Goal                31.5       31.5       0
Substitution        76.5       77.14      0
Offside             12.98      12.98      0
Shots on target     17.56      17.56      0
Shots off target    10.25      10.25      0
Clearance           19.35      14.86     23.64
Ball out of play    36.62      36.17     38.54
Throw-in            36.03      40.87     22.23
Foul                21.36      20.83     42.14
Indirect free-kick  10.4       14.87     10.76
Direct free-kick    15.44      18.57      8.17
Corner              35.28      35.58     48.11
Yellow card         25.95      33.54      0
Red card             0          0         0
Yellow->red card     0          0         0
Average mAP         25.99      27.55     18.42
2024-03-07 11:58:28,730 [MainThread  ] [INFO ]  Metric: tight
2024-03-07 11:58:28,731 [MainThread  ] [INFO ]                        Any    Visible    Unseen
------------------  -----  ---------  --------
Penalty              0.04       0.08      0
Kick-off            32.92      27.27     40.53
Goal                 0.96       0.96      0
Substitution         1.28       1.45      0
Offside              1.94       1.94      0
Shots on target      0.18       0.18      0
Shots off target     0.08       0.08      0
Clearance            0.89       0.41      1.83
Ball out of play     1.83       1.86      3.1
Throw-in             7.91       7.94      4.22
Foul                 1.58       1.7       0
Indirect free-kick   2.91       5.75      0.16
Direct free-kick     0.78       1.3       0.72
Corner               1.5        3         0
Yellow card          1.36       1.7       0
Red card             0          0         0
Yellow->red card     0          0         0
Average mAP          3.3        3.27      3.89
2024-03-07 11:58:28,733 [MainThread  ] [INFO ]  Best Performance at end of training 
2024-03-07 11:58:28,733 [MainThread  ] [INFO ]  a_mAP visibility all: 0.03303367861552639
2024-03-07 11:58:28,733 [MainThread  ] [INFO ]  a_mAP visibility all per class: [0.00038261401897765536, 0.32918910935682794, 0.009569377990430622, 0.01280726848908667, 0.019411219124375337, 0.001818963451518742, 0.0008175511841200991, 0.008853708261689927, 0.018348003229920792, 0.07906587998469608, 0.015797570615294552, 0.029073302083544292, 0.007773326760183914, 0.0150282782769183, 0.013636363636363637, 0.0, 0.0]
2024-03-07 11:58:28,733 [MainThread  ] [INFO ]  a_mAP visibility visible: 0.03271662937882663
2024-03-07 11:58:28,733 [MainThread  ] [INFO ]  a_mAP visibility visible per class: [0.0007575757575757576, 0.2727272727272727, 0.009569377990430622, 0.014514268626110733, 0.019411219124375337, 0.001818963451518742, 0.0008175511841200991, 0.004149196366177499, 0.0185562951367264, 0.07940115404647245, 0.016951627855894054, 0.057451836373045614, 0.01301013435833807, 0.03000077189654005, 0.017045454545454544, 0.0, 0.0]
2024-03-07 11:58:28,733 [MainThread  ] [INFO ]  a_mAP visibility unshown: 0.03888598513570421
2024-03-07 11:58:28,733 [MainThread  ] [INFO ]  a_mAP visibility unshown per class: [0.0, 0.40525274388910754, 0.0, 0.0, 0.0, 0.0, 0.0, 0.018276601647068756, 0.03099173553719008, 0.04224656309041988, 0.0, 0.001587421437919777, 0.007162741162448746, 0.0, 0.0, 0.0, 0.0]
2024-03-07 11:58:28,733 [MainThread  ] [INFO ]  Total Execution Time is 10.774226665496826 seconds
