2024-03-05 14:32:51,823 [MainThread  ] [INFO ]  Starting main function
2024-03-05 14:32:51,823 [MainThread  ] [INFO ]  Parameters:
2024-03-05 14:32:51,823 [MainThread  ] [INFO ]   SoccerNet_path : /mnt/patatas_fritas/soccernet-europe_uefa
2024-03-05 14:32:51,823 [MainThread  ] [INFO ]         features : ResNET_TF2.npy
2024-03-05 14:32:51,823 [MainThread  ] [INFO ]       max_epochs : 1000
2024-03-05 14:32:51,823 [MainThread  ] [INFO ]     load_weights : None
2024-03-05 14:32:51,823 [MainThread  ] [INFO ]       model_name : NetVLAD++_europe_uefa
2024-03-05 14:32:51,823 [MainThread  ] [INFO ]        test_only : True
2024-03-05 14:32:51,823 [MainThread  ] [INFO ]      split_train : ['train']
2024-03-05 14:32:51,823 [MainThread  ] [INFO ]      split_valid : ['valid']
2024-03-05 14:32:51,823 [MainThread  ] [INFO ]       split_test : ['test']
2024-03-05 14:32:51,823 [MainThread  ] [INFO ]          version : 2
2024-03-05 14:32:51,823 [MainThread  ] [INFO ]      feature_dim : None
2024-03-05 14:32:51,823 [MainThread  ] [INFO ]  evaluation_frequency : 10
2024-03-05 14:32:51,824 [MainThread  ] [INFO ]        framerate : 2
2024-03-05 14:32:51,824 [MainThread  ] [INFO ]      window_size : 15
2024-03-05 14:32:51,824 [MainThread  ] [INFO ]             pool : NetVLAD++
2024-03-05 14:32:51,824 [MainThread  ] [INFO ]       vocab_size : 64
2024-03-05 14:32:51,824 [MainThread  ] [INFO ]       NMS_window : 30
2024-03-05 14:32:51,824 [MainThread  ] [INFO ]    NMS_threshold : 0.0
2024-03-05 14:32:51,824 [MainThread  ] [INFO ]       batch_size : 256
2024-03-05 14:32:51,824 [MainThread  ] [INFO ]               LR : 0.001
2024-03-05 14:32:51,824 [MainThread  ] [INFO ]              LRe : 1e-06
2024-03-05 14:32:51,824 [MainThread  ] [INFO ]         patience : 10
2024-03-05 14:32:51,824 [MainThread  ] [INFO ]              GPU : -1
2024-03-05 14:32:51,824 [MainThread  ] [INFO ]   max_num_worker : 4
2024-03-05 14:32:51,824 [MainThread  ] [INFO ]             seed : 0
2024-03-05 14:32:51,824 [MainThread  ] [INFO ]         loglevel : INFO
2024-03-05 14:32:51,884 [MainThread  ] [INFO ]  Checking/Download features and labels locally
2024-03-05 14:32:55,166 [MainThread  ] [INFO ]  Model(
  (feature_extractor): Linear(in_features=2048, out_features=512, bias=True)
  (pool_layer_before): NetVLAD()
  (pool_layer_after): NetVLAD()
  (fc): Linear(in_features=32768, out_features=18, bias=True)
  (drop): Dropout(p=0.4, inplace=False)
  (sigm): Sigmoid()
)
2024-03-05 14:32:55,167 [MainThread  ] [INFO ]  Total number of parameters: 1704466
2024-03-05 14:32:55,193 [MainThread  ] [INFO ]  Checking/Download features and labels locally
2024-03-05 14:38:43,498 [MainThread  ] [INFO ]  Best Performance at end of training 
2024-03-05 14:38:43,498 [MainThread  ] [INFO ]  a_mAP visibility all: 0.47718731767069067
2024-03-05 14:38:43,498 [MainThread  ] [INFO ]  a_mAP visibility all per class: [0.30876866501219563, 0.5291343599525713, 0.595035661691215, 0.7605471896679504, 0.21248478923209146, 0.3971477463289041, 0.42230953931150006, 0.5414870058944916, 0.7125402241137212, 0.7150397804036136, 0.5969457561924988, 0.4885074620302646, 0.5143208196502775, 0.829478838938964, 0.4588158035778553, 0.013510574880813826, 0.01611018352281174]
2024-03-05 14:38:43,498 [MainThread  ] [INFO ]  a_mAP visibility visible: 0.5363203966190152
2024-03-05 14:38:43,498 [MainThread  ] [INFO ]  a_mAP visibility visible per class: [0.52352767400071, 0.7624533077846937, 0.6272384358485589, 0.8116509234175897, 0.2260543456012387, 0.3975644442868973, 0.4266504875185799, 0.650577587693643, 0.7166943354530798, 0.7521918503918101, 0.6037789557469316, 0.4170462495447477, 0.5772705300398475, 0.8460243421047487, 0.5104901225538945, 0.15809212572405526, 0.11014102481223254]
2024-03-05 14:38:43,498 [MainThread  ] [INFO ]  a_mAP visibility unshown: 0.36243077442374816
2024-03-05 14:38:43,498 [MainThread  ] [INFO ]  a_mAP visibility unshown per class: [0.0, 0.44531164919728494, 0.0, 0.401925192570997, 0.11763880513891581, 0.17272727272727273, 0.016642194944626376, 0.45990526570842133, 0.6492137564913576, 0.6295757570235693, 0.3732589210375186, 0.5678175773389988, 0.07401196377170861, 0.7234093621479767, 0.08016234941007926, 0.0, 0.0]
2024-03-05 14:44:35,536 [MainThread  ] [INFO ]  Best Performance at end of training 
2024-03-05 14:44:35,537 [MainThread  ] [INFO ]  a_mAP visibility all: 0.12033209012888971
2024-03-05 14:44:35,537 [MainThread  ] [INFO ]  a_mAP visibility all per class: [0.05696251376662848, 0.17385953022567552, 0.08810311300543423, 0.19754874924490679, 0.031038281316224894, 0.08722999970458181, 0.09759546252250922, 0.17255276034884148, 0.12757734940521842, 0.19902711902293277, 0.09965092516694436, 0.10266754097741658, 0.17569968463034102, 0.3111139774053877, 0.12291732129782344, 0.00045547349702086324, 0.001645730653237585]
2024-03-05 14:44:35,537 [MainThread  ] [INFO ]  a_mAP visibility visible: 0.13479180135722513
2024-03-05 14:44:35,537 [MainThread  ] [INFO ]  a_mAP visibility visible per class: [0.10657557343864284, 0.21078870491776047, 0.09182986575651442, 0.21709524090835358, 0.031542879453902, 0.08746280772424439, 0.09876641368319908, 0.2429338225377396, 0.127445747596533, 0.22795058213669278, 0.10104045751869918, 0.05608284035331304, 0.20521722850240434, 0.3275641245433828, 0.14096202299918043, 0.006451561751515914, 0.011750749250749249]
2024-03-05 14:44:35,537 [MainThread  ] [INFO ]  a_mAP visibility unshown: 0.09146189323273991
2024-03-05 14:44:35,537 [MainThread  ] [INFO ]  a_mAP visibility unshown per class: [0.0, 0.16625546436000876, 0.0, 0.12778996586913444, 0.009616922250510734, 0.0, 0.0, 0.1165242013105394, 0.17715748215857913, 0.1301438061211175, 0.009953188928497409, 0.19899436779989438, 0.05028336803145963, 0.19066483266300166, 0.011621012532875896, 0.0, 0.0]
2024-03-05 14:44:35,538 [MainThread  ] [INFO ]  Total Execution Time is 703.714777469635 seconds
