2024-03-07 10:03:29,503 [MainThread  ] [INFO ]  Starting main function
2024-03-07 10:03:29,503 [MainThread  ] [INFO ]  Parameters:
2024-03-07 10:03:29,503 [MainThread  ] [INFO ]   SoccerNet_path : /mnt/patatas_fritas/soccernet-spain
2024-03-07 10:03:29,503 [MainThread  ] [INFO ]         features : ResNET_TF2_PCA512.npy
2024-03-07 10:03:29,503 [MainThread  ] [INFO ]       max_epochs : 1000
2024-03-07 10:03:29,503 [MainThread  ] [INFO ]     load_weights : None
2024-03-07 10:03:29,503 [MainThread  ] [INFO ]       model_name : CALF_italy
2024-03-07 10:03:29,503 [MainThread  ] [INFO ]        test_only : True
2024-03-07 10:03:29,503 [MainThread  ] [INFO ]        challenge : False
2024-03-07 10:03:29,504 [MainThread  ] [INFO ]         K_params : None
2024-03-07 10:03:29,504 [MainThread  ] [INFO ]     num_features : 512
2024-03-07 10:03:29,504 [MainThread  ] [INFO ]  chunks_per_epoch : 18000
2024-03-07 10:03:29,504 [MainThread  ] [INFO ]  evaluation_frequency : 20
2024-03-07 10:03:29,504 [MainThread  ] [INFO ]      dim_capsule : 16
2024-03-07 10:03:29,504 [MainThread  ] [INFO ]        framerate : 2
2024-03-07 10:03:29,504 [MainThread  ] [INFO ]       chunk_size : 120
2024-03-07 10:03:29,504 [MainThread  ] [INFO ]  receptive_field : 40
2024-03-07 10:03:29,504 [MainThread  ] [INFO ]     lambda_coord : 5.0
2024-03-07 10:03:29,504 [MainThread  ] [INFO ]     lambda_noobj : 0.5
2024-03-07 10:03:29,504 [MainThread  ] [INFO ]  loss_weight_segmentation : 0.000367
2024-03-07 10:03:29,504 [MainThread  ] [INFO ]  loss_weight_detection : 1.0
2024-03-07 10:03:29,504 [MainThread  ] [INFO ]       batch_size : 32
2024-03-07 10:03:29,505 [MainThread  ] [INFO ]               LR : 0.001
2024-03-07 10:03:29,505 [MainThread  ] [INFO ]         patience : 25
2024-03-07 10:03:29,505 [MainThread  ] [INFO ]              GPU : -1
2024-03-07 10:03:29,505 [MainThread  ] [INFO ]   max_num_worker : 4
2024-03-07 10:03:29,505 [MainThread  ] [INFO ]         loglevel : INFO
2024-03-07 10:03:29,506 [MainThread  ] [INFO ]  Checking/Download features and labels locally
2024-03-07 10:03:29,513 [MainThread  ] [INFO ]  ContextAwareModel(
  (conv_1): Conv2d(1, 128, kernel_size=(1, 512), stride=(1, 1))
  (conv_2): Conv2d(128, 32, kernel_size=(1, 1), stride=(1, 1))
  (pad_p_1): ZeroPad2d(padding=(0, 0, 5, 6), value=0.0)
  (pad_p_2): ZeroPad2d(padding=(0, 0, 13, 13), value=0.0)
  (pad_p_3): ZeroPad2d(padding=(0, 0, 19, 20), value=0.0)
  (pad_p_4): ZeroPad2d(padding=(0, 0, 39, 40), value=0.0)
  (conv_p_1): Conv2d(32, 8, kernel_size=(12, 1), stride=(1, 1))
  (conv_p_2): Conv2d(32, 16, kernel_size=(27, 1), stride=(1, 1))
  (conv_p_3): Conv2d(32, 32, kernel_size=(40, 1), stride=(1, 1))
  (conv_p_4): Conv2d(32, 64, kernel_size=(80, 1), stride=(1, 1))
  (pad_seg): ZeroPad2d(padding=(0, 0, 1, 1), value=0.0)
  (conv_seg): Conv2d(152, 272, kernel_size=(3, 1), stride=(1, 1))
  (batch_seg): BatchNorm2d(240, eps=0.001, momentum=0.01, affine=True, track_running_stats=True)
  (max_pool_spot): MaxPool2d(kernel_size=(3, 1), stride=(2, 1), padding=0, dilation=1, ceil_mode=False)
  (pad_spot_1): ZeroPad2d(padding=(0, 0, 1, 1), value=0.0)
  (conv_spot_1): Conv2d(289, 32, kernel_size=(3, 1), stride=(1, 1))
  (max_pool_spot_1): MaxPool2d(kernel_size=(3, 1), stride=(2, 1), padding=0, dilation=1, ceil_mode=False)
  (pad_spot_2): ZeroPad2d(padding=(0, 0, 1, 1), value=0.0)
  (conv_spot_2): Conv2d(32, 16, kernel_size=(3, 1), stride=(1, 1))
  (max_pool_spot_2): MaxPool2d(kernel_size=(3, 1), stride=(2, 1), padding=0, dilation=1, ceil_mode=False)
  (conv_conf): Conv2d(464, 30, kernel_size=(1, 1), stride=(1, 1))
  (conv_class): Conv2d(464, 255, kernel_size=(1, 1), stride=(1, 1))
  (softmax): Softmax(dim=-1)
)
2024-03-07 10:03:29,514 [MainThread  ] [INFO ]  Total number of parameters: 578245
2024-03-07 10:03:37,762 [MainThread  ] [INFO ]  Metric: loose
2024-03-07 10:03:37,763 [MainThread  ] [INFO ]                        Any    Visible    Unseen
------------------  -----  ---------  --------
Penalty              0.2        0.99      0
Kick-off            10.27       2.57     16.03
Goal                28.14      29.38      0
Substitution        12.03      20.81      3.46
Offside              2.01       2.24      0
Shots on target     12.17      12.14     31.82
Shots off target    12.36      12.36      0
Clearance           20.87      27.8      18.09
Ball out of play    42.6       42.79     41.42
Throw-in            27.9       30.92     22.86
Foul                34.62      34.91     23.67
Indirect free-kick  23.09      18        25
Direct free-kick    23.82      26.38      3.57
Corner              26.91      27.96     13.91
Yellow card          9.57      10.83      2.58
Red card             0          0         0
Yellow->red card     0          0         0
Average mAP         16.86      17.65     15.57
2024-03-07 10:03:40,352 [MainThread  ] [INFO ]  Metric: tight
2024-03-07 10:03:40,352 [MainThread  ] [INFO ]                        Any    Visible    Unseen
------------------  -----  ---------  --------
Penalty              0          0         0
Kick-off             0.44       0.61      0.45
Goal                 4.74       4.9       0
Substitution         1.09       1.7       0.81
Offside              0.72       0.8       0
Shots on target      3.19       3.19      0
Shots off target     4.55       4.55      0
Clearance            3.43       4.67      3.97
Ball out of play     5.93       5.97     10.03
Throw-in             9.14       9.24      2.51
Foul                 8.97       9.06      0.27
Indirect free-kick   2.95       2.69      3.29
Direct free-kick     2.86       2.85      0.45
Corner               3.07       3.17      0.68
Yellow card          4.91       4.96      0.98
Red card             0          0         0
Yellow->red card     0          0         0
Average mAP          3.29       3.43      1.8
2024-03-07 10:03:45,382 [MainThread  ] [INFO ]  Total Execution Time is 15.879700422286987 seconds
