2024-03-07 10:01:12,333 [MainThread  ] [INFO ]  Starting main function
2024-03-07 10:01:12,333 [MainThread  ] [INFO ]  Parameters:
2024-03-07 10:01:12,333 [MainThread  ] [INFO ]   SoccerNet_path : /mnt/patatas_fritas/soccernet-france
2024-03-07 10:01:12,334 [MainThread  ] [INFO ]         features : ResNET_TF2_PCA512.npy
2024-03-07 10:01:12,334 [MainThread  ] [INFO ]       max_epochs : 1000
2024-03-07 10:01:12,334 [MainThread  ] [INFO ]     load_weights : None
2024-03-07 10:01:12,334 [MainThread  ] [INFO ]       model_name : CALF_italy
2024-03-07 10:01:12,334 [MainThread  ] [INFO ]        test_only : True
2024-03-07 10:01:12,334 [MainThread  ] [INFO ]        challenge : False
2024-03-07 10:01:12,334 [MainThread  ] [INFO ]         K_params : None
2024-03-07 10:01:12,334 [MainThread  ] [INFO ]     num_features : 512
2024-03-07 10:01:12,334 [MainThread  ] [INFO ]  chunks_per_epoch : 18000
2024-03-07 10:01:12,334 [MainThread  ] [INFO ]  evaluation_frequency : 20
2024-03-07 10:01:12,334 [MainThread  ] [INFO ]      dim_capsule : 16
2024-03-07 10:01:12,334 [MainThread  ] [INFO ]        framerate : 2
2024-03-07 10:01:12,334 [MainThread  ] [INFO ]       chunk_size : 120
2024-03-07 10:01:12,335 [MainThread  ] [INFO ]  receptive_field : 40
2024-03-07 10:01:12,335 [MainThread  ] [INFO ]     lambda_coord : 5.0
2024-03-07 10:01:12,335 [MainThread  ] [INFO ]     lambda_noobj : 0.5
2024-03-07 10:01:12,335 [MainThread  ] [INFO ]  loss_weight_segmentation : 0.000367
2024-03-07 10:01:12,335 [MainThread  ] [INFO ]  loss_weight_detection : 1.0
2024-03-07 10:01:12,335 [MainThread  ] [INFO ]       batch_size : 32
2024-03-07 10:01:12,335 [MainThread  ] [INFO ]               LR : 0.001
2024-03-07 10:01:12,335 [MainThread  ] [INFO ]         patience : 25
2024-03-07 10:01:12,335 [MainThread  ] [INFO ]              GPU : -1
2024-03-07 10:01:12,335 [MainThread  ] [INFO ]   max_num_worker : 4
2024-03-07 10:01:12,335 [MainThread  ] [INFO ]         loglevel : INFO
2024-03-07 10:01:12,336 [MainThread  ] [INFO ]  Checking/Download features and labels locally
2024-03-07 10:01:12,343 [MainThread  ] [INFO ]  ContextAwareModel(
  (conv_1): Conv2d(1, 128, kernel_size=(1, 512), stride=(1, 1))
  (conv_2): Conv2d(128, 32, kernel_size=(1, 1), stride=(1, 1))
  (pad_p_1): ZeroPad2d(padding=(0, 0, 5, 6), value=0.0)
  (pad_p_2): ZeroPad2d(padding=(0, 0, 13, 13), value=0.0)
  (pad_p_3): ZeroPad2d(padding=(0, 0, 19, 20), value=0.0)
  (pad_p_4): ZeroPad2d(padding=(0, 0, 39, 40), value=0.0)
  (conv_p_1): Conv2d(32, 8, kernel_size=(12, 1), stride=(1, 1))
  (conv_p_2): Conv2d(32, 16, kernel_size=(27, 1), stride=(1, 1))
  (conv_p_3): Conv2d(32, 32, kernel_size=(40, 1), stride=(1, 1))
  (conv_p_4): Conv2d(32, 64, kernel_size=(80, 1), stride=(1, 1))
  (pad_seg): ZeroPad2d(padding=(0, 0, 1, 1), value=0.0)
  (conv_seg): Conv2d(152, 272, kernel_size=(3, 1), stride=(1, 1))
  (batch_seg): BatchNorm2d(240, eps=0.001, momentum=0.01, affine=True, track_running_stats=True)
  (max_pool_spot): MaxPool2d(kernel_size=(3, 1), stride=(2, 1), padding=0, dilation=1, ceil_mode=False)
  (pad_spot_1): ZeroPad2d(padding=(0, 0, 1, 1), value=0.0)
  (conv_spot_1): Conv2d(289, 32, kernel_size=(3, 1), stride=(1, 1))
  (max_pool_spot_1): MaxPool2d(kernel_size=(3, 1), stride=(2, 1), padding=0, dilation=1, ceil_mode=False)
  (pad_spot_2): ZeroPad2d(padding=(0, 0, 1, 1), value=0.0)
  (conv_spot_2): Conv2d(32, 16, kernel_size=(3, 1), stride=(1, 1))
  (max_pool_spot_2): MaxPool2d(kernel_size=(3, 1), stride=(2, 1), padding=0, dilation=1, ceil_mode=False)
  (conv_conf): Conv2d(464, 30, kernel_size=(1, 1), stride=(1, 1))
  (conv_class): Conv2d(464, 255, kernel_size=(1, 1), stride=(1, 1))
  (softmax): Softmax(dim=-1)
)
2024-03-07 10:01:12,343 [MainThread  ] [INFO ]  Total number of parameters: 578245
2024-03-07 10:01:16,921 [MainThread  ] [INFO ]  Metric: loose
2024-03-07 10:01:16,922 [MainThread  ] [INFO ]                        Any    Visible    Unseen
------------------  -----  ---------  --------
Penalty             54.55      54.55      0
Kick-off            28.41       0        41.12
Goal                43.8       43.8       0
Substitution        48.26      61.38      0
Offside             21.01      21.01      0
Shots on target     18.08      18.08      0
Shots off target    19.52      19.52      0
Clearance           30.54      41.11     27.44
Ball out of play    52.69      52.01     76.1
Throw-in            39.72      40.26     39.52
Foul                34.61      34.73     34.71
Indirect free-kick  10.61      10.82     16.36
Direct free-kick    11.16      20.87      2.07
Corner              44.24      45.5      34.71
Yellow card         15.96      23.22      0
Red card             0          0         0
Yellow->red card     0          0         0
Average mAP         27.83      28.64     20.93
2024-03-07 10:01:18,659 [MainThread  ] [INFO ]  Metric: tight
2024-03-07 10:01:18,659 [MainThread  ] [INFO ]                        Any    Visible    Unseen
------------------  -----  ---------  --------
Penalty             34.09      34.09      0
Kick-off             0          0         0
Goal                 0          0         0
Substitution         3.41       4.38      0
Offside              4.66       4.66      0
Shots on target      7.39       7.39      0
Shots off target     0.68       0.68      0
Clearance            7.01       9.17      6.86
Ball out of play     7.76       8.01     15.34
Throw-in             5.99       5.53      7.5
Foul                14.97      16.94      0
Indirect free-kick   1.5        2.58      1.8
Direct free-kick     0          0         0
Corner               7.95       7.95      0
Yellow card          0          0         0
Red card             0          0         0
Yellow->red card     0          0         0
Average mAP          5.61       5.96      2.42
2024-03-07 10:01:22,672 [MainThread  ] [INFO ]  Total Execution Time is 10.339098691940308 seconds
