2024-03-07 09:46:46,321 [MainThread  ] [INFO ]  Starting main function
2024-03-07 09:46:46,321 [MainThread  ] [INFO ]  Parameters:
2024-03-07 09:46:46,322 [MainThread  ] [INFO ]   SoccerNet_path : /mnt/patatas_fritas/soccernet-england
2024-03-07 09:46:46,322 [MainThread  ] [INFO ]         features : ResNET_TF2_PCA512.npy
2024-03-07 09:46:46,322 [MainThread  ] [INFO ]       max_epochs : 1000
2024-03-07 09:46:46,322 [MainThread  ] [INFO ]     load_weights : None
2024-03-07 09:46:46,322 [MainThread  ] [INFO ]       model_name : CALF_france
2024-03-07 09:46:46,322 [MainThread  ] [INFO ]        test_only : True
2024-03-07 09:46:46,322 [MainThread  ] [INFO ]        challenge : False
2024-03-07 09:46:46,322 [MainThread  ] [INFO ]         K_params : None
2024-03-07 09:46:46,322 [MainThread  ] [INFO ]     num_features : 512
2024-03-07 09:46:46,322 [MainThread  ] [INFO ]  chunks_per_epoch : 18000
2024-03-07 09:46:46,322 [MainThread  ] [INFO ]  evaluation_frequency : 20
2024-03-07 09:46:46,322 [MainThread  ] [INFO ]      dim_capsule : 16
2024-03-07 09:46:46,322 [MainThread  ] [INFO ]        framerate : 2
2024-03-07 09:46:46,322 [MainThread  ] [INFO ]       chunk_size : 120
2024-03-07 09:46:46,322 [MainThread  ] [INFO ]  receptive_field : 40
2024-03-07 09:46:46,322 [MainThread  ] [INFO ]     lambda_coord : 5.0
2024-03-07 09:46:46,323 [MainThread  ] [INFO ]     lambda_noobj : 0.5
2024-03-07 09:46:46,323 [MainThread  ] [INFO ]  loss_weight_segmentation : 0.000367
2024-03-07 09:46:46,323 [MainThread  ] [INFO ]  loss_weight_detection : 1.0
2024-03-07 09:46:46,323 [MainThread  ] [INFO ]       batch_size : 32
2024-03-07 09:46:46,323 [MainThread  ] [INFO ]               LR : 0.001
2024-03-07 09:46:46,323 [MainThread  ] [INFO ]         patience : 25
2024-03-07 09:46:46,323 [MainThread  ] [INFO ]              GPU : -1
2024-03-07 09:46:46,323 [MainThread  ] [INFO ]   max_num_worker : 4
2024-03-07 09:46:46,323 [MainThread  ] [INFO ]         loglevel : INFO
2024-03-07 09:46:46,324 [MainThread  ] [INFO ]  Checking/Download features and labels locally
2024-03-07 09:46:46,330 [MainThread  ] [INFO ]  ContextAwareModel(
  (conv_1): Conv2d(1, 128, kernel_size=(1, 512), stride=(1, 1))
  (conv_2): Conv2d(128, 32, kernel_size=(1, 1), stride=(1, 1))
  (pad_p_1): ZeroPad2d(padding=(0, 0, 5, 6), value=0.0)
  (pad_p_2): ZeroPad2d(padding=(0, 0, 13, 13), value=0.0)
  (pad_p_3): ZeroPad2d(padding=(0, 0, 19, 20), value=0.0)
  (pad_p_4): ZeroPad2d(padding=(0, 0, 39, 40), value=0.0)
  (conv_p_1): Conv2d(32, 8, kernel_size=(12, 1), stride=(1, 1))
  (conv_p_2): Conv2d(32, 16, kernel_size=(27, 1), stride=(1, 1))
  (conv_p_3): Conv2d(32, 32, kernel_size=(40, 1), stride=(1, 1))
  (conv_p_4): Conv2d(32, 64, kernel_size=(80, 1), stride=(1, 1))
  (pad_seg): ZeroPad2d(padding=(0, 0, 1, 1), value=0.0)
  (conv_seg): Conv2d(152, 272, kernel_size=(3, 1), stride=(1, 1))
  (batch_seg): BatchNorm2d(240, eps=0.001, momentum=0.01, affine=True, track_running_stats=True)
  (max_pool_spot): MaxPool2d(kernel_size=(3, 1), stride=(2, 1), padding=0, dilation=1, ceil_mode=False)
  (pad_spot_1): ZeroPad2d(padding=(0, 0, 1, 1), value=0.0)
  (conv_spot_1): Conv2d(289, 32, kernel_size=(3, 1), stride=(1, 1))
  (max_pool_spot_1): MaxPool2d(kernel_size=(3, 1), stride=(2, 1), padding=0, dilation=1, ceil_mode=False)
  (pad_spot_2): ZeroPad2d(padding=(0, 0, 1, 1), value=0.0)
  (conv_spot_2): Conv2d(32, 16, kernel_size=(3, 1), stride=(1, 1))
  (max_pool_spot_2): MaxPool2d(kernel_size=(3, 1), stride=(2, 1), padding=0, dilation=1, ceil_mode=False)
  (conv_conf): Conv2d(464, 30, kernel_size=(1, 1), stride=(1, 1))
  (conv_class): Conv2d(464, 255, kernel_size=(1, 1), stride=(1, 1))
  (softmax): Softmax(dim=-1)
)
2024-03-07 09:46:46,331 [MainThread  ] [INFO ]  Total number of parameters: 578245
2024-03-07 09:46:53,566 [MainThread  ] [INFO ]  Metric: loose
2024-03-07 09:46:53,567 [MainThread  ] [INFO ]                        Any    Visible    Unseen
------------------  -----  ---------  --------
Penalty              0          0         0
Kick-off             7.69       5.79      7.55
Goal                19.08      19.49      0
Substitution         8.55      16.05      8.34
Offside              4.74       4.77      0
Shots on target      6.38       6.38      0
Shots off target     7.15       7.36      0
Clearance           19.71      20.51     14.63
Ball out of play    32.82      32.77     36.1
Throw-in            25.49      27.71     21.16
Foul                27.8       28.06     31.87
Indirect free-kick  12.77      11.52     14.77
Direct free-kick    14.36      14.81      5.35
Corner              19.25      19.27     20.13
Yellow card          6.36       6.83      1.71
Red card             0          0         0
Yellow->red card     0          0         0
Average mAP         12.48      13.02     12.43
2024-03-07 09:46:55,885 [MainThread  ] [INFO ]  Metric: tight
2024-03-07 09:46:55,886 [MainThread  ] [INFO ]                        Any    Visible    Unseen
------------------  -----  ---------  --------
Penalty              0          0         0
Kick-off             0.24       1.47      0.16
Goal                 1.31       1.32      0
Substitution         0.34       0.9       0
Offside              3.05       3.06      0
Shots on target      1.39       1.39      0
Shots off target     1.77       1.77      0
Clearance            9.6        9.59      2.82
Ball out of play     5.93       5.74      8.87
Throw-in             4.16       4.3       5.67
Foul                10.28      10.29     12.12
Indirect free-kick   0.58       0.58      2.01
Direct free-kick     0.6        0.66      0
Corner               7.01       7.01      3.86
Yellow card          0.24       0.28      0
Red card             0          0         0
Yellow->red card     0          0         0
Average mAP          2.73       2.84      2.73
2024-03-07 09:47:00,596 [MainThread  ] [INFO ]  Total Execution Time is 14.274871826171875 seconds
