2024-03-07 09:47:49,819 [MainThread  ] [INFO ]  Starting main function
2024-03-07 09:47:49,819 [MainThread  ] [INFO ]  Parameters:
2024-03-07 09:47:49,819 [MainThread  ] [INFO ]   SoccerNet_path : /mnt/patatas_fritas/soccernet-europe_uefa
2024-03-07 09:47:49,819 [MainThread  ] [INFO ]         features : ResNET_TF2_PCA512.npy
2024-03-07 09:47:49,819 [MainThread  ] [INFO ]       max_epochs : 1000
2024-03-07 09:47:49,819 [MainThread  ] [INFO ]     load_weights : None
2024-03-07 09:47:49,819 [MainThread  ] [INFO ]       model_name : CALF_france
2024-03-07 09:47:49,819 [MainThread  ] [INFO ]        test_only : True
2024-03-07 09:47:49,819 [MainThread  ] [INFO ]        challenge : False
2024-03-07 09:47:49,819 [MainThread  ] [INFO ]         K_params : None
2024-03-07 09:47:49,819 [MainThread  ] [INFO ]     num_features : 512
2024-03-07 09:47:49,819 [MainThread  ] [INFO ]  chunks_per_epoch : 18000
2024-03-07 09:47:49,819 [MainThread  ] [INFO ]  evaluation_frequency : 20
2024-03-07 09:47:49,819 [MainThread  ] [INFO ]      dim_capsule : 16
2024-03-07 09:47:49,819 [MainThread  ] [INFO ]        framerate : 2
2024-03-07 09:47:49,820 [MainThread  ] [INFO ]       chunk_size : 120
2024-03-07 09:47:49,820 [MainThread  ] [INFO ]  receptive_field : 40
2024-03-07 09:47:49,820 [MainThread  ] [INFO ]     lambda_coord : 5.0
2024-03-07 09:47:49,820 [MainThread  ] [INFO ]     lambda_noobj : 0.5
2024-03-07 09:47:49,820 [MainThread  ] [INFO ]  loss_weight_segmentation : 0.000367
2024-03-07 09:47:49,820 [MainThread  ] [INFO ]  loss_weight_detection : 1.0
2024-03-07 09:47:49,820 [MainThread  ] [INFO ]       batch_size : 32
2024-03-07 09:47:49,820 [MainThread  ] [INFO ]               LR : 0.001
2024-03-07 09:47:49,820 [MainThread  ] [INFO ]         patience : 25
2024-03-07 09:47:49,820 [MainThread  ] [INFO ]              GPU : -1
2024-03-07 09:47:49,820 [MainThread  ] [INFO ]   max_num_worker : 4
2024-03-07 09:47:49,820 [MainThread  ] [INFO ]         loglevel : INFO
2024-03-07 09:47:49,821 [MainThread  ] [INFO ]  Checking/Download features and labels locally
2024-03-07 09:47:49,827 [MainThread  ] [INFO ]  ContextAwareModel(
  (conv_1): Conv2d(1, 128, kernel_size=(1, 512), stride=(1, 1))
  (conv_2): Conv2d(128, 32, kernel_size=(1, 1), stride=(1, 1))
  (pad_p_1): ZeroPad2d(padding=(0, 0, 5, 6), value=0.0)
  (pad_p_2): ZeroPad2d(padding=(0, 0, 13, 13), value=0.0)
  (pad_p_3): ZeroPad2d(padding=(0, 0, 19, 20), value=0.0)
  (pad_p_4): ZeroPad2d(padding=(0, 0, 39, 40), value=0.0)
  (conv_p_1): Conv2d(32, 8, kernel_size=(12, 1), stride=(1, 1))
  (conv_p_2): Conv2d(32, 16, kernel_size=(27, 1), stride=(1, 1))
  (conv_p_3): Conv2d(32, 32, kernel_size=(40, 1), stride=(1, 1))
  (conv_p_4): Conv2d(32, 64, kernel_size=(80, 1), stride=(1, 1))
  (pad_seg): ZeroPad2d(padding=(0, 0, 1, 1), value=0.0)
  (conv_seg): Conv2d(152, 272, kernel_size=(3, 1), stride=(1, 1))
  (batch_seg): BatchNorm2d(240, eps=0.001, momentum=0.01, affine=True, track_running_stats=True)
  (max_pool_spot): MaxPool2d(kernel_size=(3, 1), stride=(2, 1), padding=0, dilation=1, ceil_mode=False)
  (pad_spot_1): ZeroPad2d(padding=(0, 0, 1, 1), value=0.0)
  (conv_spot_1): Conv2d(289, 32, kernel_size=(3, 1), stride=(1, 1))
  (max_pool_spot_1): MaxPool2d(kernel_size=(3, 1), stride=(2, 1), padding=0, dilation=1, ceil_mode=False)
  (pad_spot_2): ZeroPad2d(padding=(0, 0, 1, 1), value=0.0)
  (conv_spot_2): Conv2d(32, 16, kernel_size=(3, 1), stride=(1, 1))
  (max_pool_spot_2): MaxPool2d(kernel_size=(3, 1), stride=(2, 1), padding=0, dilation=1, ceil_mode=False)
  (conv_conf): Conv2d(464, 30, kernel_size=(1, 1), stride=(1, 1))
  (conv_class): Conv2d(464, 255, kernel_size=(1, 1), stride=(1, 1))
  (softmax): Softmax(dim=-1)
)
2024-03-07 09:47:49,827 [MainThread  ] [INFO ]  Total number of parameters: 578245
2024-03-07 09:47:57,084 [MainThread  ] [INFO ]  Metric: loose
2024-03-07 09:47:57,085 [MainThread  ] [INFO ]                        Any    Visible    Unseen
------------------  -----  ---------  --------
Penalty             12.4       23.07      0
Kick-off            11.04       6.65     12.19
Goal                20.33      20.82      0
Substitution        32.05      42.59      6.04
Offside              4.69       4.88      1.45
Shots on target     11.08      11.08      0
Shots off target    10.14      10.28      0
Clearance           13.96      20.87     11.79
Ball out of play    38.27      38.68     31.02
Throw-in            29.09      31.79     20.33
Foul                21.19      21.06     50.23
Indirect free-kick  11.99      10.2      15.57
Direct free-kick     8.34      11.31      1.35
Corner              20.31      23.02      4.78
Yellow card          9.15      10.31      1.21
Red card             0          0         0
Yellow->red card     0          0         0
Average mAP         14.94      16.86     12
2024-03-07 09:47:59,415 [MainThread  ] [INFO ]  Metric: tight
2024-03-07 09:47:59,416 [MainThread  ] [INFO ]                        Any    Visible    Unseen
------------------  -----  ---------  --------
Penalty              9.09      18.18      0
Kick-off             1.32       0         1.56
Goal                 2.97       3         0
Substitution         2.06       2.96      0.72
Offside              1.81       1.9       0
Shots on target      1.63       1.63      0
Shots off target     6.53       6.53      0
Clearance            4.85       9.86      1.37
Ball out of play     5.65       5.76      4.6
Throw-in             3.73       3.65      5.79
Foul                 2.82       3.01      0.34
Indirect free-kick   0.79       1.64      0.69
Direct free-kick     0.52       0.73      0
Corner               8.6        8.98      0
Yellow card          0.68       0.72      1.21
Red card             0          0         0
Yellow->red card     0          0         0
Average mAP          3.12       4.03      1.25
2024-03-07 09:48:04,103 [MainThread  ] [INFO ]  Total Execution Time is 14.28419804573059 seconds
