2024-03-06 18:44:02,394 [MainThread  ] [INFO ]  Starting main function
2024-03-06 18:44:02,394 [MainThread  ] [INFO ]  Parameters:
2024-03-06 18:44:02,394 [MainThread  ] [INFO ]   SoccerNet_path : /mnt/patatas_fritas/soccernet-france
2024-03-06 18:44:02,394 [MainThread  ] [INFO ]         features : ResNET_TF2_PCA512.npy
2024-03-06 18:44:02,394 [MainThread  ] [INFO ]       max_epochs : 1000
2024-03-06 18:44:02,394 [MainThread  ] [INFO ]     load_weights : None
2024-03-06 18:44:02,394 [MainThread  ] [INFO ]       model_name : CALF_france
2024-03-06 18:44:02,394 [MainThread  ] [INFO ]        test_only : False
2024-03-06 18:44:02,394 [MainThread  ] [INFO ]        challenge : False
2024-03-06 18:44:02,394 [MainThread  ] [INFO ]         K_params : None
2024-03-06 18:44:02,394 [MainThread  ] [INFO ]     num_features : 512
2024-03-06 18:44:02,395 [MainThread  ] [INFO ]  chunks_per_epoch : 18000
2024-03-06 18:44:02,395 [MainThread  ] [INFO ]  evaluation_frequency : 20
2024-03-06 18:44:02,395 [MainThread  ] [INFO ]      dim_capsule : 16
2024-03-06 18:44:02,395 [MainThread  ] [INFO ]        framerate : 2
2024-03-06 18:44:02,395 [MainThread  ] [INFO ]       chunk_size : 120
2024-03-06 18:44:02,395 [MainThread  ] [INFO ]  receptive_field : 40
2024-03-06 18:44:02,395 [MainThread  ] [INFO ]     lambda_coord : 5.0
2024-03-06 18:44:02,395 [MainThread  ] [INFO ]     lambda_noobj : 0.5
2024-03-06 18:44:02,395 [MainThread  ] [INFO ]  loss_weight_segmentation : 0.000367
2024-03-06 18:44:02,395 [MainThread  ] [INFO ]  loss_weight_detection : 1.0
2024-03-06 18:44:02,395 [MainThread  ] [INFO ]       batch_size : 32
2024-03-06 18:44:02,395 [MainThread  ] [INFO ]               LR : 0.001
2024-03-06 18:44:02,395 [MainThread  ] [INFO ]         patience : 25
2024-03-06 18:44:02,395 [MainThread  ] [INFO ]              GPU : -1
2024-03-06 18:44:02,395 [MainThread  ] [INFO ]   max_num_worker : 4
2024-03-06 18:44:02,395 [MainThread  ] [INFO ]         loglevel : INFO
2024-03-06 18:44:02,396 [MainThread  ] [INFO ]  Checking/Download features and labels locally
2024-03-06 18:44:02,396 [MainThread  ] [INFO ]  Pre-compute clips
2024-03-06 18:44:17,645 [MainThread  ] [INFO ]  Checking/Download features and labels locally
2024-03-06 18:44:17,646 [MainThread  ] [INFO ]  Pre-compute clips
2024-03-06 18:44:22,602 [MainThread  ] [INFO ]  Checking/Download features and labels locally
2024-03-06 18:44:22,603 [MainThread  ] [INFO ]  Checking/Download features and labels locally
2024-03-06 18:44:22,607 [MainThread  ] [INFO ]  ContextAwareModel(
  (conv_1): Conv2d(1, 128, kernel_size=(1, 512), stride=(1, 1))
  (conv_2): Conv2d(128, 32, kernel_size=(1, 1), stride=(1, 1))
  (pad_p_1): ZeroPad2d(padding=(0, 0, 5, 6), value=0.0)
  (pad_p_2): ZeroPad2d(padding=(0, 0, 13, 13), value=0.0)
  (pad_p_3): ZeroPad2d(padding=(0, 0, 19, 20), value=0.0)
  (pad_p_4): ZeroPad2d(padding=(0, 0, 39, 40), value=0.0)
  (conv_p_1): Conv2d(32, 8, kernel_size=(12, 1), stride=(1, 1))
  (conv_p_2): Conv2d(32, 16, kernel_size=(27, 1), stride=(1, 1))
  (conv_p_3): Conv2d(32, 32, kernel_size=(40, 1), stride=(1, 1))
  (conv_p_4): Conv2d(32, 64, kernel_size=(80, 1), stride=(1, 1))
  (pad_seg): ZeroPad2d(padding=(0, 0, 1, 1), value=0.0)
  (conv_seg): Conv2d(152, 272, kernel_size=(3, 1), stride=(1, 1))
  (batch_seg): BatchNorm2d(240, eps=0.001, momentum=0.01, affine=True, track_running_stats=True)
  (max_pool_spot): MaxPool2d(kernel_size=(3, 1), stride=(2, 1), padding=0, dilation=1, ceil_mode=False)
  (pad_spot_1): ZeroPad2d(padding=(0, 0, 1, 1), value=0.0)
  (conv_spot_1): Conv2d(289, 32, kernel_size=(3, 1), stride=(1, 1))
  (max_pool_spot_1): MaxPool2d(kernel_size=(3, 1), stride=(2, 1), padding=0, dilation=1, ceil_mode=False)
  (pad_spot_2): ZeroPad2d(padding=(0, 0, 1, 1), value=0.0)
  (conv_spot_2): Conv2d(32, 16, kernel_size=(3, 1), stride=(1, 1))
  (max_pool_spot_2): MaxPool2d(kernel_size=(3, 1), stride=(2, 1), padding=0, dilation=1, ceil_mode=False)
  (conv_conf): Conv2d(464, 30, kernel_size=(1, 1), stride=(1, 1))
  (conv_class): Conv2d(464, 255, kernel_size=(1, 1), stride=(1, 1))
  (softmax): Softmax(dim=-1)
)
2024-03-06 18:44:22,608 [MainThread  ] [INFO ]  Total number of parameters: 578245
2024-03-06 18:44:22,608 [MainThread  ] [INFO ]  start training
2024-03-06 18:58:20,086 [MainThread  ] [INFO ]  Validation performance at epoch 21 -> 0.2371727561461988
2024-03-06 18:58:25,064 [MainThread  ] [INFO ]  Test performance at epoch 21 -> 0.29352111913875234
2024-03-06 19:10:30,389 [MainThread  ] [INFO ]  Plateau Reached!
2024-03-06 19:14:41,262 [MainThread  ] [INFO ]  Validation performance at epoch 41 -> 0.28303074111052084
2024-03-06 19:14:45,882 [MainThread  ] [INFO ]  Test performance at epoch 41 -> 0.3117269548104639
2024-03-06 19:31:06,886 [MainThread  ] [INFO ]  Validation performance at epoch 61 -> 0.2721615319862712
2024-03-06 19:31:55,741 [MainThread  ] [INFO ]  Plateau Reached!
2024-03-06 19:47:25,609 [MainThread  ] [INFO ]  Validation performance at epoch 81 -> 0.28697788828067483
2024-03-06 19:47:30,303 [MainThread  ] [INFO ]  Test performance at epoch 81 -> 0.3028410241404156
2024-03-06 19:56:31,187 [MainThread  ] [INFO ]  Plateau Reached!
2024-03-06 20:03:55,537 [MainThread  ] [INFO ]  Validation performance at epoch 101 -> 0.2880031810743358
2024-03-06 20:04:00,135 [MainThread  ] [INFO ]  Test performance at epoch 101 -> 0.2923257209218151
2024-03-06 20:17:50,938 [MainThread  ] [INFO ]  Plateau Reached!
2024-03-06 20:20:24,372 [MainThread  ] [INFO ]  Validation performance at epoch 121 -> 0.2868460855583274
2024-03-06 20:36:47,103 [MainThread  ] [INFO ]  Validation performance at epoch 141 -> 0.2876063238776632
2024-03-06 20:39:14,144 [MainThread  ] [INFO ]  Plateau Reached!
2024-03-06 20:53:13,249 [MainThread  ] [INFO ]  Validation performance at epoch 161 -> 0.2873581597677367
2024-03-06 20:59:48,626 [MainThread  ] [INFO ]  Plateau Reached and no more reduction -> Exiting Loop
2024-03-06 20:59:59,703 [MainThread  ] [INFO ]  Total Execution Time is 8157.308693885803 seconds
