2024-03-07 09:49:51,306 [MainThread  ] [INFO ]  Starting main function
2024-03-07 09:49:51,306 [MainThread  ] [INFO ]  Parameters:
2024-03-07 09:49:51,306 [MainThread  ] [INFO ]   SoccerNet_path : /mnt/patatas_fritas/soccernet-italy
2024-03-07 09:49:51,306 [MainThread  ] [INFO ]         features : ResNET_TF2_PCA512.npy
2024-03-07 09:49:51,306 [MainThread  ] [INFO ]       max_epochs : 1000
2024-03-07 09:49:51,306 [MainThread  ] [INFO ]     load_weights : None
2024-03-07 09:49:51,306 [MainThread  ] [INFO ]       model_name : CALF_france
2024-03-07 09:49:51,306 [MainThread  ] [INFO ]        test_only : True
2024-03-07 09:49:51,306 [MainThread  ] [INFO ]        challenge : False
2024-03-07 09:49:51,306 [MainThread  ] [INFO ]         K_params : None
2024-03-07 09:49:51,306 [MainThread  ] [INFO ]     num_features : 512
2024-03-07 09:49:51,306 [MainThread  ] [INFO ]  chunks_per_epoch : 18000
2024-03-07 09:49:51,306 [MainThread  ] [INFO ]  evaluation_frequency : 20
2024-03-07 09:49:51,306 [MainThread  ] [INFO ]      dim_capsule : 16
2024-03-07 09:49:51,306 [MainThread  ] [INFO ]        framerate : 2
2024-03-07 09:49:51,306 [MainThread  ] [INFO ]       chunk_size : 120
2024-03-07 09:49:51,306 [MainThread  ] [INFO ]  receptive_field : 40
2024-03-07 09:49:51,307 [MainThread  ] [INFO ]     lambda_coord : 5.0
2024-03-07 09:49:51,307 [MainThread  ] [INFO ]     lambda_noobj : 0.5
2024-03-07 09:49:51,307 [MainThread  ] [INFO ]  loss_weight_segmentation : 0.000367
2024-03-07 09:49:51,307 [MainThread  ] [INFO ]  loss_weight_detection : 1.0
2024-03-07 09:49:51,307 [MainThread  ] [INFO ]       batch_size : 32
2024-03-07 09:49:51,307 [MainThread  ] [INFO ]               LR : 0.001
2024-03-07 09:49:51,307 [MainThread  ] [INFO ]         patience : 25
2024-03-07 09:49:51,307 [MainThread  ] [INFO ]              GPU : -1
2024-03-07 09:49:51,307 [MainThread  ] [INFO ]   max_num_worker : 4
2024-03-07 09:49:51,307 [MainThread  ] [INFO ]         loglevel : INFO
2024-03-07 09:49:51,308 [MainThread  ] [INFO ]  Checking/Download features and labels locally
2024-03-07 09:49:51,314 [MainThread  ] [INFO ]  ContextAwareModel(
  (conv_1): Conv2d(1, 128, kernel_size=(1, 512), stride=(1, 1))
  (conv_2): Conv2d(128, 32, kernel_size=(1, 1), stride=(1, 1))
  (pad_p_1): ZeroPad2d(padding=(0, 0, 5, 6), value=0.0)
  (pad_p_2): ZeroPad2d(padding=(0, 0, 13, 13), value=0.0)
  (pad_p_3): ZeroPad2d(padding=(0, 0, 19, 20), value=0.0)
  (pad_p_4): ZeroPad2d(padding=(0, 0, 39, 40), value=0.0)
  (conv_p_1): Conv2d(32, 8, kernel_size=(12, 1), stride=(1, 1))
  (conv_p_2): Conv2d(32, 16, kernel_size=(27, 1), stride=(1, 1))
  (conv_p_3): Conv2d(32, 32, kernel_size=(40, 1), stride=(1, 1))
  (conv_p_4): Conv2d(32, 64, kernel_size=(80, 1), stride=(1, 1))
  (pad_seg): ZeroPad2d(padding=(0, 0, 1, 1), value=0.0)
  (conv_seg): Conv2d(152, 272, kernel_size=(3, 1), stride=(1, 1))
  (batch_seg): BatchNorm2d(240, eps=0.001, momentum=0.01, affine=True, track_running_stats=True)
  (max_pool_spot): MaxPool2d(kernel_size=(3, 1), stride=(2, 1), padding=0, dilation=1, ceil_mode=False)
  (pad_spot_1): ZeroPad2d(padding=(0, 0, 1, 1), value=0.0)
  (conv_spot_1): Conv2d(289, 32, kernel_size=(3, 1), stride=(1, 1))
  (max_pool_spot_1): MaxPool2d(kernel_size=(3, 1), stride=(2, 1), padding=0, dilation=1, ceil_mode=False)
  (pad_spot_2): ZeroPad2d(padding=(0, 0, 1, 1), value=0.0)
  (conv_spot_2): Conv2d(32, 16, kernel_size=(3, 1), stride=(1, 1))
  (max_pool_spot_2): MaxPool2d(kernel_size=(3, 1), stride=(2, 1), padding=0, dilation=1, ceil_mode=False)
  (conv_conf): Conv2d(464, 30, kernel_size=(1, 1), stride=(1, 1))
  (conv_class): Conv2d(464, 255, kernel_size=(1, 1), stride=(1, 1))
  (softmax): Softmax(dim=-1)
)
2024-03-07 09:49:51,314 [MainThread  ] [INFO ]  Total number of parameters: 578245
2024-03-07 09:49:58,860 [MainThread  ] [INFO ]  Metric: loose
2024-03-07 09:49:58,861 [MainThread  ] [INFO ]                        Any    Visible    Unseen
------------------  -----  ---------  --------
Penalty              0          0         0
Kick-off            11.89      14.13      7.52
Goal                22.61      24.46      0
Substitution        14.59      21.48      3.45
Offside              1.69       1.9       0
Shots on target     12.46      12.46      0
Shots off target     4.08       4.28      0
Clearance           17.61      19.58     14.99
Ball out of play    27.75      27.96     22.72
Throw-in            16.95      18.86      9.85
Foul                20.05      20.05     29.13
Indirect free-kick   7.78       7.12     11.6
Direct free-kick    15.37      16.68      0
Corner              14.78      14.74     19.01
Yellow card          4.95       5.12      9.96
Red card             0          0         0
Yellow->red card     0          0         0
Average mAP         11.33      12.28      9.86
2024-03-07 09:50:01,246 [MainThread  ] [INFO ]  Metric: tight
2024-03-07 09:50:01,247 [MainThread  ] [INFO ]                        Any    Visible    Unseen
------------------  -----  ---------  --------
Penalty              0          0         0
Kick-off             0.55       0.66      0.79
Goal                 9.17       9.18      0
Substitution         1.92       3.68      0.72
Offside              0.45       0.49      0
Shots on target      8.03       8.03      0
Shots off target     1.08       1.18      0
Clearance            8.35       8.74      8.08
Ball out of play     9.73       9.74      5.61
Throw-in             1.51       1.59      1.21
Foul                 1.44       1.44      0
Indirect free-kick   1.15       1.55      1.36
Direct free-kick     6.05       6.13      0
Corner               5.68       5.68      2.55
Yellow card          0.13       0.14      0
Red card             0          0         0
Yellow->red card     0          0         0
Average mAP          3.25       3.42      1.56
2024-03-07 09:50:05,922 [MainThread  ] [INFO ]  Total Execution Time is 14.616558074951172 seconds
