2024-03-07 09:50:47,996 [MainThread  ] [INFO ]  Starting main function
2024-03-07 09:50:47,997 [MainThread  ] [INFO ]  Parameters:
2024-03-07 09:50:47,997 [MainThread  ] [INFO ]   SoccerNet_path : /mnt/patatas_fritas/soccernet-spain
2024-03-07 09:50:47,997 [MainThread  ] [INFO ]         features : ResNET_TF2_PCA512.npy
2024-03-07 09:50:47,997 [MainThread  ] [INFO ]       max_epochs : 1000
2024-03-07 09:50:47,997 [MainThread  ] [INFO ]     load_weights : None
2024-03-07 09:50:47,997 [MainThread  ] [INFO ]       model_name : CALF_france
2024-03-07 09:50:47,997 [MainThread  ] [INFO ]        test_only : True
2024-03-07 09:50:47,997 [MainThread  ] [INFO ]        challenge : False
2024-03-07 09:50:47,997 [MainThread  ] [INFO ]         K_params : None
2024-03-07 09:50:47,997 [MainThread  ] [INFO ]     num_features : 512
2024-03-07 09:50:47,997 [MainThread  ] [INFO ]  chunks_per_epoch : 18000
2024-03-07 09:50:47,997 [MainThread  ] [INFO ]  evaluation_frequency : 20
2024-03-07 09:50:47,997 [MainThread  ] [INFO ]      dim_capsule : 16
2024-03-07 09:50:47,997 [MainThread  ] [INFO ]        framerate : 2
2024-03-07 09:50:47,997 [MainThread  ] [INFO ]       chunk_size : 120
2024-03-07 09:50:47,997 [MainThread  ] [INFO ]  receptive_field : 40
2024-03-07 09:50:47,997 [MainThread  ] [INFO ]     lambda_coord : 5.0
2024-03-07 09:50:47,997 [MainThread  ] [INFO ]     lambda_noobj : 0.5
2024-03-07 09:50:47,997 [MainThread  ] [INFO ]  loss_weight_segmentation : 0.000367
2024-03-07 09:50:47,997 [MainThread  ] [INFO ]  loss_weight_detection : 1.0
2024-03-07 09:50:47,997 [MainThread  ] [INFO ]       batch_size : 32
2024-03-07 09:50:47,997 [MainThread  ] [INFO ]               LR : 0.001
2024-03-07 09:50:47,997 [MainThread  ] [INFO ]         patience : 25
2024-03-07 09:50:47,998 [MainThread  ] [INFO ]              GPU : -1
2024-03-07 09:50:47,998 [MainThread  ] [INFO ]   max_num_worker : 4
2024-03-07 09:50:47,998 [MainThread  ] [INFO ]         loglevel : INFO
2024-03-07 09:50:47,999 [MainThread  ] [INFO ]  Checking/Download features and labels locally
2024-03-07 09:50:48,004 [MainThread  ] [INFO ]  ContextAwareModel(
  (conv_1): Conv2d(1, 128, kernel_size=(1, 512), stride=(1, 1))
  (conv_2): Conv2d(128, 32, kernel_size=(1, 1), stride=(1, 1))
  (pad_p_1): ZeroPad2d(padding=(0, 0, 5, 6), value=0.0)
  (pad_p_2): ZeroPad2d(padding=(0, 0, 13, 13), value=0.0)
  (pad_p_3): ZeroPad2d(padding=(0, 0, 19, 20), value=0.0)
  (pad_p_4): ZeroPad2d(padding=(0, 0, 39, 40), value=0.0)
  (conv_p_1): Conv2d(32, 8, kernel_size=(12, 1), stride=(1, 1))
  (conv_p_2): Conv2d(32, 16, kernel_size=(27, 1), stride=(1, 1))
  (conv_p_3): Conv2d(32, 32, kernel_size=(40, 1), stride=(1, 1))
  (conv_p_4): Conv2d(32, 64, kernel_size=(80, 1), stride=(1, 1))
  (pad_seg): ZeroPad2d(padding=(0, 0, 1, 1), value=0.0)
  (conv_seg): Conv2d(152, 272, kernel_size=(3, 1), stride=(1, 1))
  (batch_seg): BatchNorm2d(240, eps=0.001, momentum=0.01, affine=True, track_running_stats=True)
  (max_pool_spot): MaxPool2d(kernel_size=(3, 1), stride=(2, 1), padding=0, dilation=1, ceil_mode=False)
  (pad_spot_1): ZeroPad2d(padding=(0, 0, 1, 1), value=0.0)
  (conv_spot_1): Conv2d(289, 32, kernel_size=(3, 1), stride=(1, 1))
  (max_pool_spot_1): MaxPool2d(kernel_size=(3, 1), stride=(2, 1), padding=0, dilation=1, ceil_mode=False)
  (pad_spot_2): ZeroPad2d(padding=(0, 0, 1, 1), value=0.0)
  (conv_spot_2): Conv2d(32, 16, kernel_size=(3, 1), stride=(1, 1))
  (max_pool_spot_2): MaxPool2d(kernel_size=(3, 1), stride=(2, 1), padding=0, dilation=1, ceil_mode=False)
  (conv_conf): Conv2d(464, 30, kernel_size=(1, 1), stride=(1, 1))
  (conv_class): Conv2d(464, 255, kernel_size=(1, 1), stride=(1, 1))
  (softmax): Softmax(dim=-1)
)
2024-03-07 09:50:48,005 [MainThread  ] [INFO ]  Total number of parameters: 578245
2024-03-07 09:50:56,181 [MainThread  ] [INFO ]  Metric: loose
2024-03-07 09:50:56,182 [MainThread  ] [INFO ]                        Any    Visible    Unseen
------------------  -----  ---------  --------
Penalty              3.51       3.51      0
Kick-off            14.07       2.12     15.33
Goal                22.34      22.75      0
Substitution         8.04      11.43      5.44
Offside              2.15       2.42      2.89
Shots on target      6.63       6.63      0
Shots off target    14.86      14.86      0
Clearance           22.66      17.54     23.27
Ball out of play    34.12      34.26     25.28
Throw-in            20.1       21.99     20.85
Foul                24.15      24.46      9.32
Indirect free-kick  11.07      12.24     16
Direct free-kick    15.33      17.23      1.25
Corner              17.46      17.85     14.26
Yellow card          2.6        2.98      1.53
Red card             0          0         0
Yellow->red card     0          0         0
Average mAP         12.89      12.49     10.42
2024-03-07 09:50:58,714 [MainThread  ] [INFO ]  Metric: tight
2024-03-07 09:50:58,714 [MainThread  ] [INFO ]                        Any    Visible    Unseen
------------------  -----  ---------  --------
Penalty              1.89       1.89      0
Kick-off             3.56       0.21      3.58
Goal                 3.85       3.88      0
Substitution         0.63       1.12      0.33
Offside              0.24       0.32      0
Shots on target      0.61       0.61      0
Shots off target     8.42       8.42      0
Clearance            4.72       2.55      5.03
Ball out of play     8.62       8.65      2.86
Throw-in             3.71       4.04      1.94
Foul                 2.29       2.32      0.83
Indirect free-kick   2.89       3.02      9.16
Direct free-kick     0.92       1.01      1.25
Corner               9.09       9.09      0.57
Yellow card          0.13       0.16      0
Red card             0          0         0
Yellow->red card     0          0         0
Average mAP          3.03       2.78      1.96
2024-03-07 09:51:03,596 [MainThread  ] [INFO ]  Total Execution Time is 15.599976301193237 seconds
