2024-03-07 11:39:37,040 [MainThread  ] [INFO ]  Starting main function
2024-03-07 11:39:37,040 [MainThread  ] [INFO ]  Parameters:
2024-03-07 11:39:37,040 [MainThread  ] [INFO ]   SoccerNet_path : /mnt/patatas_fritas/soccernet-europe_uefa
2024-03-07 11:39:37,040 [MainThread  ] [INFO ]         features : ResNET_TF2_PCA512.npy
2024-03-07 11:39:37,040 [MainThread  ] [INFO ]       max_epochs : 1000
2024-03-07 11:39:37,040 [MainThread  ] [INFO ]     load_weights : None
2024-03-07 11:39:37,040 [MainThread  ] [INFO ]       model_name : MAXPOOL_v2_england
2024-03-07 11:39:37,040 [MainThread  ] [INFO ]        test_only : True
2024-03-07 11:39:37,040 [MainThread  ] [INFO ]      split_train : ['train']
2024-03-07 11:39:37,040 [MainThread  ] [INFO ]      split_valid : ['valid']
2024-03-07 11:39:37,040 [MainThread  ] [INFO ]       split_test : ['test']
2024-03-07 11:39:37,040 [MainThread  ] [INFO ]          version : 2
2024-03-07 11:39:37,040 [MainThread  ] [INFO ]     num_features : 512
2024-03-07 11:39:37,040 [MainThread  ] [INFO ]  evaluation_frequency : 10
2024-03-07 11:39:37,041 [MainThread  ] [INFO ]        framerate : 2
2024-03-07 11:39:37,041 [MainThread  ] [INFO ]       chunk_size : 20
2024-03-07 11:39:37,041 [MainThread  ] [INFO ]             pool : MAX
2024-03-07 11:39:37,041 [MainThread  ] [INFO ]       NMS_window : 20
2024-03-07 11:39:37,041 [MainThread  ] [INFO ]    NMS_threshold : 0.0
2024-03-07 11:39:37,041 [MainThread  ] [INFO ]       batch_size : 256
2024-03-07 11:39:37,041 [MainThread  ] [INFO ]               LR : 0.001
2024-03-07 11:39:37,041 [MainThread  ] [INFO ]              LRe : 1e-06
2024-03-07 11:39:37,041 [MainThread  ] [INFO ]         patience : 10
2024-03-07 11:39:37,041 [MainThread  ] [INFO ]              GPU : -1
2024-03-07 11:39:37,041 [MainThread  ] [INFO ]   max_num_worker : 4
2024-03-07 11:39:37,041 [MainThread  ] [INFO ]         loglevel : INFO
2024-03-07 11:39:37,042 [MainThread  ] [INFO ]  Checking/Download features and labels locally
2024-03-07 11:39:38,633 [MainThread  ] [INFO ]  Model(
  (pool_layer): MaxPool1d(kernel_size=40, stride=1, padding=0, dilation=1, ceil_mode=False)
  (fc): Linear(in_features=512, out_features=18, bias=True)
  (drop): Dropout(p=0.4, inplace=False)
  (sigm): Sigmoid()
)
2024-03-07 11:39:38,633 [MainThread  ] [INFO ]  Total number of parameters: 9234
2024-03-07 11:39:38,635 [MainThread  ] [INFO ]  Checking/Download features and labels locally
2024-03-07 11:40:04,429 [MainThread  ] [INFO ]  Metric: loose
2024-03-07 11:40:04,430 [MainThread  ] [INFO ]                        Any    Visible    Unseen
------------------  -----  ---------  --------
Penalty              0.19       1.1       0
Kick-off            17.31      41.83     15.65
Goal                 1.65       1.92      0
Substitution        31.87      40.71      4.61
Offside              1.63       2.02      0.48
Shots on target      8.33       8.33      0
Shots off target     5.31       5.43      0
Clearance           14.3       16.3       6.52
Ball out of play    31.81      32.28     29.15
Throw-in            29.1       31.88     19.14
Foul                19.45      19.54     13.38
Indirect free-kick   9.55      11.74      8.33
Direct free-kick     6.22       7.65      0.13
Corner              16.79      17.8       8.54
Yellow card         10.72      11.18      2.5
Red card             0          0         0
Yellow->red card     0.04       0.39      0
Average mAP         12.02      14.71      8.34
2024-03-07 11:40:07,873 [MainThread  ] [INFO ]  Metric: tight
2024-03-07 11:40:07,874 [MainThread  ] [INFO ]                        Any    Visible    Unseen
------------------  -----  ---------  --------
Penalty              0          0.01      0
Kick-off             8.73      31.01      8.29
Goal                 0.05       0.06      0
Substitution         2.11       2.63      0.46
Offside              0.04       0.06      0.02
Shots on target      0.26       0.26      0
Shots off target     0.11       0.11      0
Clearance            4.82       4.85      0.45
Ball out of play     2.23       2         9.52
Throw-in             3.7        3.76      2.24
Foul                 2.55       2.56      2.18
Indirect free-kick   0.61       0.65      0.72
Direct free-kick     0.23       0.29      0.02
Corner               0.51       0.44      2.77
Yellow card          1.86       1.87      0.03
Red card             0          0         0
Yellow->red card     0          0.03      0
Average mAP          1.64       2.98      2.05
2024-03-07 11:40:07,875 [MainThread  ] [INFO ]  Best Performance at end of training 
2024-03-07 11:40:07,875 [MainThread  ] [INFO ]  a_mAP visibility all: 0.016363867438536423
2024-03-07 11:40:07,875 [MainThread  ] [INFO ]  a_mAP visibility all per class: [2.4484732409080024e-05, 0.08731391250817952, 0.0005162392826519914, 0.021108967156671155, 0.0004364963629264187, 0.002600813176768645, 0.0010867181074881139, 0.0481900917499794, 0.02230035788917627, 0.03698794050413021, 0.025488030435590912, 0.006103795003419079, 0.002306065777332754, 0.005102752733289506, 0.018587335339293385, 0.0, 3.1745695812742726e-05]
2024-03-07 11:40:07,875 [MainThread  ] [INFO ]  a_mAP visibility visible: 0.029762640249752424
2024-03-07 11:40:07,876 [MainThread  ] [INFO ]  a_mAP visibility visible per class: [0.00010115996762881036, 0.31007418398542064, 0.0006033077824989304, 0.02632388188940397, 0.0005536716022378231, 0.002600813176768645, 0.001130359714708508, 0.048513218507663096, 0.020030820028953192, 0.03762936300361243, 0.025609124726345578, 0.0065446793267664, 0.0028594040618085906, 0.004439433811218166, 0.018662250282466576, 0.0, 0.00028921237828979083]
2024-03-07 11:40:07,876 [MainThread  ] [INFO ]  a_mAP visibility unshown: 0.020530692429212682
2024-03-07 11:40:07,876 [MainThread  ] [INFO ]  a_mAP visibility unshown per class: [0.0, 0.08292920289576472, 0.0, 0.004617828396176714, 0.0001607717041800643, 0.0, 0.0, 0.0044876255312746825, 0.09515899932652042, 0.022366115918849447, 0.021779362643314974, 0.007204825155042971, 0.00022555421893796188, 0.027696299849478752, 0.0002724159402241594, 0.0, 0.0]
2024-03-07 11:40:07,876 [MainThread  ] [INFO ]  Total Execution Time is 30.83592200279236 seconds
