2024-03-07 14:12:45,741 [MainThread  ] [INFO ]  Starting main function
2024-03-07 14:12:45,741 [MainThread  ] [INFO ]  Parameters:
2024-03-07 14:12:45,741 [MainThread  ] [INFO ]   SoccerNet_path : /mnt/patatas_fritas/soccernet-europe_uefa
2024-03-07 14:12:45,741 [MainThread  ] [INFO ]         features : ResNET_TF2_PCA512.npy
2024-03-07 14:12:45,741 [MainThread  ] [INFO ]       max_epochs : 1000
2024-03-07 14:12:45,741 [MainThread  ] [INFO ]     load_weights : None
2024-03-07 14:12:45,741 [MainThread  ] [INFO ]       model_name : NETVLAD_v2_europe_uefa
2024-03-07 14:12:45,741 [MainThread  ] [INFO ]        test_only : True
2024-03-07 14:12:45,741 [MainThread  ] [INFO ]      split_train : ['train']
2024-03-07 14:12:45,741 [MainThread  ] [INFO ]      split_valid : ['valid']
2024-03-07 14:12:45,741 [MainThread  ] [INFO ]       split_test : ['test']
2024-03-07 14:12:45,741 [MainThread  ] [INFO ]          version : 2
2024-03-07 14:12:45,741 [MainThread  ] [INFO ]     num_features : 512
2024-03-07 14:12:45,741 [MainThread  ] [INFO ]  evaluation_frequency : 10
2024-03-07 14:12:45,741 [MainThread  ] [INFO ]        framerate : 2
2024-03-07 14:12:45,742 [MainThread  ] [INFO ]       chunk_size : 20
2024-03-07 14:12:45,742 [MainThread  ] [INFO ]             pool : NetVLAD
2024-03-07 14:12:45,742 [MainThread  ] [INFO ]       NMS_window : 20
2024-03-07 14:12:45,742 [MainThread  ] [INFO ]    NMS_threshold : 0.5
2024-03-07 14:12:45,742 [MainThread  ] [INFO ]       batch_size : 256
2024-03-07 14:12:45,742 [MainThread  ] [INFO ]               LR : 0.001
2024-03-07 14:12:45,742 [MainThread  ] [INFO ]              LRe : 1e-06
2024-03-07 14:12:45,742 [MainThread  ] [INFO ]         patience : 10
2024-03-07 14:12:45,742 [MainThread  ] [INFO ]              GPU : -1
2024-03-07 14:12:45,742 [MainThread  ] [INFO ]   max_num_worker : 4
2024-03-07 14:12:45,742 [MainThread  ] [INFO ]         loglevel : INFO
2024-03-07 14:12:45,743 [MainThread  ] [INFO ]  Checking/Download features and labels locally
2024-03-07 14:12:47,308 [MainThread  ] [INFO ]  Model(
  (pool_layer): NetVLAD(
    (conv): Conv2d(512, 64, kernel_size=(1, 1), stride=(1, 1), bias=False)
  )
  (fc): Linear(in_features=32768, out_features=18, bias=True)
  (drop): Dropout(p=0.4, inplace=False)
  (sigm): Sigmoid()
)
2024-03-07 14:12:47,309 [MainThread  ] [INFO ]  Total number of parameters: 655378
2024-03-07 14:12:47,313 [MainThread  ] [INFO ]  Checking/Download features and labels locally
2024-03-07 14:13:21,118 [MainThread  ] [INFO ]  Metric: loose
2024-03-07 14:13:21,119 [MainThread  ] [INFO ]                        Any    Visible    Unseen
------------------  -----  ---------  --------
Penalty              0          0         0
Kick-off            40.61      47.62     36.36
Goal                43.34      43.34      0
Substitution        56.42      64.58     24.56
Offside              8.82       8.82      0
Shots on target     12.29      12.29      0
Shots off target    15.32      15.39      0
Clearance           23.28      34.3      16.23
Ball out of play    40.78      41.2      36.98
Throw-in            35.83      39.67     27.06
Foul                26.04      26.21      0
Indirect free-kick  15.27      13.15     17.4
Direct free-kick    14.64      14.64      0
Corner              48.76      49.23     41.14
Yellow card         25.89      27.55      0
Red card             0          0         0
Yellow->red card     0          0         0
Average mAP         23.96      25.76     15.36
2024-03-07 14:13:23,367 [MainThread  ] [INFO ]  Metric: tight
2024-03-07 14:13:23,368 [MainThread  ] [INFO ]                        Any    Visible    Unseen
------------------  -----  ---------  --------
Penalty              0          0         0
Kick-off             9.79       8.08     10.34
Goal                 7.95       7.95      0
Substitution        12         13.42      3.3
Offside              1.89       1.89      0
Shots on target      0.87       0.87      0
Shots off target     9.09       9.09      0
Clearance            5.31       6.96      3.09
Ball out of play     3.44       3.63      2.83
Throw-in             3.61       4.18      2.68
Foul                 9.8        9.82      0
Indirect free-kick   1.21       1.23      1.38
Direct free-kick     0.73       0.73      0
Corner               3.1        3.1      10.39
Yellow card          3.28       3.28      0
Red card             0          0         0
Yellow->red card     0          0         0
Average mAP          4.24       4.37      2.62
2024-03-07 14:13:23,368 [MainThread  ] [INFO ]  Best Performance at end of training 
2024-03-07 14:13:23,368 [MainThread  ] [INFO ]  a_mAP visibility all: 0.04239846388428017
2024-03-07 14:13:23,368 [MainThread  ] [INFO ]  a_mAP visibility all per class: [0.0, 0.09789080007267884, 0.07954545454545454, 0.11996315638914931, 0.018939393939393936, 0.008695368922641649, 0.09090909090909091, 0.05311547634048789, 0.03440171705737572, 0.03606914185774975, 0.09800946520193604, 0.012097598364844149, 0.007305194805194805, 0.03104104966533274, 0.03279097796143251, 0.0, 0.0]
2024-03-07 14:13:23,368 [MainThread  ] [INFO ]  a_mAP visibility visible: 0.04366679851994551
2024-03-07 14:13:23,368 [MainThread  ] [INFO ]  a_mAP visibility visible per class: [0.0, 0.0808080808080808, 0.07954545454545454, 0.13420515220630802, 0.018939393939393936, 0.008695368922641649, 0.09090909090909091, 0.06963822588822588, 0.036260397026864157, 0.041812074431609655, 0.0981600931277168, 0.012310606060606062, 0.007305194805194805, 0.030955464206453898, 0.03279097796143251, 0.0, 0.0]
2024-03-07 14:13:23,368 [MainThread  ] [INFO ]  a_mAP visibility unshown: 0.026156017558708018
2024-03-07 14:13:23,368 [MainThread  ] [INFO ]  a_mAP visibility unshown per class: [0.0, 0.10340355779339346, 0.0, 0.03295454545454545, 0.0, 0.0, 0.0, 0.030861638361638362, 0.028328363321877034, 0.02677191187353848, 0.0, 0.013812107562107562, 0.0, 0.10389610389610389, 0.0, 0.0, 0.0]
2024-03-07 14:13:23,369 [MainThread  ] [INFO ]  Total Execution Time is 37.62781238555908 seconds
