2024-03-05 16:00:24,538 [MainThread  ] [INFO ]  Starting main function
2024-03-05 16:00:24,538 [MainThread  ] [INFO ]  Parameters:
2024-03-05 16:00:24,538 [MainThread  ] [INFO ]   SoccerNet_path : /mnt/patatas_fritas/soccernet-spain
2024-03-05 16:00:24,538 [MainThread  ] [INFO ]         features : ResNET_TF2.npy
2024-03-05 16:00:24,538 [MainThread  ] [INFO ]       max_epochs : 1000
2024-03-05 16:00:24,538 [MainThread  ] [INFO ]     load_weights : None
2024-03-05 16:00:24,538 [MainThread  ] [INFO ]       model_name : NetVLAD++_england
2024-03-05 16:00:24,538 [MainThread  ] [INFO ]        test_only : True
2024-03-05 16:00:24,538 [MainThread  ] [INFO ]      split_train : ['train']
2024-03-05 16:00:24,538 [MainThread  ] [INFO ]      split_valid : ['valid']
2024-03-05 16:00:24,538 [MainThread  ] [INFO ]       split_test : ['test']
2024-03-05 16:00:24,538 [MainThread  ] [INFO ]          version : 2
2024-03-05 16:00:24,538 [MainThread  ] [INFO ]      feature_dim : None
2024-03-05 16:00:24,539 [MainThread  ] [INFO ]  evaluation_frequency : 10
2024-03-05 16:00:24,539 [MainThread  ] [INFO ]        framerate : 2
2024-03-05 16:00:24,539 [MainThread  ] [INFO ]      window_size : 15
2024-03-05 16:00:24,539 [MainThread  ] [INFO ]             pool : NetVLAD++
2024-03-05 16:00:24,539 [MainThread  ] [INFO ]       vocab_size : 64
2024-03-05 16:00:24,539 [MainThread  ] [INFO ]       NMS_window : 30
2024-03-05 16:00:24,539 [MainThread  ] [INFO ]    NMS_threshold : 0.0
2024-03-05 16:00:24,539 [MainThread  ] [INFO ]       batch_size : 256
2024-03-05 16:00:24,539 [MainThread  ] [INFO ]               LR : 0.001
2024-03-05 16:00:24,539 [MainThread  ] [INFO ]              LRe : 1e-06
2024-03-05 16:00:24,539 [MainThread  ] [INFO ]         patience : 10
2024-03-05 16:00:24,539 [MainThread  ] [INFO ]              GPU : -1
2024-03-05 16:00:24,539 [MainThread  ] [INFO ]   max_num_worker : 4
2024-03-05 16:00:24,539 [MainThread  ] [INFO ]             seed : 0
2024-03-05 16:00:24,539 [MainThread  ] [INFO ]         loglevel : INFO
2024-03-05 16:00:24,576 [MainThread  ] [INFO ]  Checking/Download features and labels locally
2024-03-05 16:00:27,236 [MainThread  ] [INFO ]  Model(
  (feature_extractor): Linear(in_features=2048, out_features=512, bias=True)
  (pool_layer_before): NetVLAD()
  (pool_layer_after): NetVLAD()
  (fc): Linear(in_features=32768, out_features=18, bias=True)
  (drop): Dropout(p=0.4, inplace=False)
  (sigm): Sigmoid()
)
2024-03-05 16:00:27,236 [MainThread  ] [INFO ]  Total number of parameters: 1704466
2024-03-05 16:00:27,248 [MainThread  ] [INFO ]  Checking/Download features and labels locally
2024-03-05 16:07:11,221 [MainThread  ] [INFO ]  Best Performance at end of training 
2024-03-05 16:07:11,222 [MainThread  ] [INFO ]  a_mAP visibility all: 0.09039235410470643
2024-03-05 16:07:11,222 [MainThread  ] [INFO ]  a_mAP visibility all per class: [0.0022675040738040905, 0.06393319981894155, 0.15233334296398146, 0.049347116819589185, 0.013238434122727252, 0.07392307607963348, 0.1420357596874317, 0.07272510610811281, 0.16097593512275282, 0.1140937236506051, 0.11372716797916106, 0.050434211235890286, 0.22984447392626176, 0.21414877824241463, 0.08337206055376517, 0.0002697812763091903, 3.481186276885201e-07]
2024-03-05 16:07:11,222 [MainThread  ] [INFO ]  a_mAP visibility visible: 0.0959203279746047
2024-03-05 16:07:11,222 [MainThread  ] [INFO ]  a_mAP visibility visible per class: [0.011624783828214526, 0.049966080570241, 0.16119899684828287, 0.06342378663161102, 0.016936725452579342, 0.0778133583369361, 0.14269776843781573, 0.0969615694621514, 0.16308922890874425, 0.13207979152235563, 0.11447217431454466, 0.02870696167241663, 0.2449825375171676, 0.22864049203065084, 0.09204536717618728, 0.0059998532146002545, 6.099643780803201e-06]
2024-03-05 16:07:11,222 [MainThread  ] [INFO ]  a_mAP visibility unshown: 0.05178008568269938
2024-03-05 16:07:11,222 [MainThread  ] [INFO ]  a_mAP visibility unshown per class: [0.0, 0.09810307368304683, 0.0, 0.029642435061983614, 0.00017936493241992222, 0.012557295645530939, 0.08760330578512399, 0.03879119594370126, 0.05650840792089436, 0.0706032942894238, 0.014964460554192318, 0.07412841893206906, 0.07538170163170164, 0.1076688073338289, 0.007009352161175184, 0.0, 0.0]
2024-03-05 16:07:11,222 [MainThread  ] [INFO ]  Total Execution Time is 406.68449807167053 seconds
