2024-03-07 14:18:25,316 [MainThread  ] [INFO ]  Starting main function
2024-03-07 14:18:25,316 [MainThread  ] [INFO ]  Parameters:
2024-03-07 14:18:25,316 [MainThread  ] [INFO ]   SoccerNet_path : /mnt/patatas_fritas/soccernet-spain
2024-03-07 14:18:25,316 [MainThread  ] [INFO ]         features : ResNET_TF2_PCA512.npy
2024-03-07 14:18:25,316 [MainThread  ] [INFO ]       max_epochs : 1000
2024-03-07 14:18:25,317 [MainThread  ] [INFO ]     load_weights : None
2024-03-07 14:18:25,317 [MainThread  ] [INFO ]       model_name : NETVLAD_v2_france
2024-03-07 14:18:25,317 [MainThread  ] [INFO ]        test_only : True
2024-03-07 14:18:25,317 [MainThread  ] [INFO ]      split_train : ['train']
2024-03-07 14:18:25,317 [MainThread  ] [INFO ]      split_valid : ['valid']
2024-03-07 14:18:25,317 [MainThread  ] [INFO ]       split_test : ['test']
2024-03-07 14:18:25,317 [MainThread  ] [INFO ]          version : 2
2024-03-07 14:18:25,317 [MainThread  ] [INFO ]     num_features : 512
2024-03-07 14:18:25,317 [MainThread  ] [INFO ]  evaluation_frequency : 10
2024-03-07 14:18:25,317 [MainThread  ] [INFO ]        framerate : 2
2024-03-07 14:18:25,317 [MainThread  ] [INFO ]       chunk_size : 20
2024-03-07 14:18:25,317 [MainThread  ] [INFO ]             pool : NetVLAD
2024-03-07 14:18:25,317 [MainThread  ] [INFO ]       NMS_window : 20
2024-03-07 14:18:25,317 [MainThread  ] [INFO ]    NMS_threshold : 0.5
2024-03-07 14:18:25,317 [MainThread  ] [INFO ]       batch_size : 256
2024-03-07 14:18:25,317 [MainThread  ] [INFO ]               LR : 0.001
2024-03-07 14:18:25,317 [MainThread  ] [INFO ]              LRe : 1e-06
2024-03-07 14:18:25,317 [MainThread  ] [INFO ]         patience : 10
2024-03-07 14:18:25,317 [MainThread  ] [INFO ]              GPU : -1
2024-03-07 14:18:25,317 [MainThread  ] [INFO ]   max_num_worker : 4
2024-03-07 14:18:25,317 [MainThread  ] [INFO ]         loglevel : INFO
2024-03-07 14:18:25,318 [MainThread  ] [INFO ]  Checking/Download features and labels locally
2024-03-07 14:18:26,910 [MainThread  ] [INFO ]  Model(
  (pool_layer): NetVLAD(
    (conv): Conv2d(512, 64, kernel_size=(1, 1), stride=(1, 1), bias=False)
  )
  (fc): Linear(in_features=32768, out_features=18, bias=True)
  (drop): Dropout(p=0.4, inplace=False)
  (sigm): Sigmoid()
)
2024-03-07 14:18:26,910 [MainThread  ] [INFO ]  Total number of parameters: 655378
2024-03-07 14:18:26,915 [MainThread  ] [INFO ]  Checking/Download features and labels locally
2024-03-07 14:19:08,900 [MainThread  ] [INFO ]  Metric: loose
2024-03-07 14:19:08,901 [MainThread  ] [INFO ]                        Any    Visible    Unseen
------------------  -----  ---------  --------
Penalty              0          0         0
Kick-off            28.79      41.54     22.98
Goal                 7.85       7.85      0
Substitution         0          0         0
Offside              0          0         0
Shots on target      9.09       9.09      0
Shots off target     4.55       4.55      0
Clearance            8.4        7.85      8.68
Ball out of play    20.02      20.24      8.91
Throw-in            13.46      13.3       9.09
Foul                 8.01       8.01      6.2
Indirect free-kick   0          0         0
Direct free-kick     0          0         0
Corner               8.82       8.82      0
Yellow card          2.89       2.89      0
Red card             0          0         0
Yellow->red card     0          0         0
Average mAP          6.58       7.3       4.3
2024-03-07 14:19:11,272 [MainThread  ] [INFO ]  Metric: tight
2024-03-07 14:19:11,273 [MainThread  ] [INFO ]                        Any    Visible    Unseen
------------------  -----  ---------  --------
Penalty              0          0         0
Kick-off            14.74      18.55     14.86
Goal                 0          0         0
Substitution         0          0         0
Offside              0          0         0
Shots on target      9.09       9.09      0
Shots off target     2.39       2.39      0
Clearance            0          0         0
Ball out of play     9.09       9.35      0
Throw-in             4.42       2.18      4.32
Foul                 2.48       2.48      0
Indirect free-kick   0          0         0
Direct free-kick     0          0         0
Corner               3.03       3.03      0
Yellow card          0          0         0
Red card             0          0         0
Yellow->red card     0          0         0
Average mAP          2.66       2.77      1.48
2024-03-07 14:19:11,273 [MainThread  ] [INFO ]  Best Performance at end of training 
2024-03-07 14:19:11,273 [MainThread  ] [INFO ]  a_mAP visibility all: 0.026612925204571897
2024-03-07 14:19:11,273 [MainThread  ] [INFO ]  a_mAP visibility all per class: [0.0, 0.14741735537190082, 0.0, 0.0, 0.0, 0.09090909090909091, 0.0238997113997114, 0.0, 0.09090909090909091, 0.0442187123221606, 0.024762737262737262, 0.0, 0.0, 0.0303030303030303, 0.0, 0.0, 0.0]
2024-03-07 14:19:11,274 [MainThread  ] [INFO ]  a_mAP visibility visible: 0.027686199455296958
2024-03-07 14:19:11,274 [MainThread  ] [INFO ]  a_mAP visibility visible per class: [0.0, 0.18549783549783552, 0.0, 0.0, 0.0, 0.09090909090909091, 0.0238997113997114, 0.0, 0.09347181008902077, 0.02182117527862209, 0.024762737262737262, 0.0, 0.0, 0.0303030303030303, 0.0, 0.0, 0.0]
2024-03-07 14:19:11,274 [MainThread  ] [INFO ]  a_mAP visibility unshown: 0.014752713616349979
2024-03-07 14:19:11,274 [MainThread  ] [INFO ]  a_mAP visibility unshown per class: [0.0, 0.14856902356902355, 0.0, 0.0, 0.0, 0.0, 0.0, 0.0, 0.0, 0.04321625344352617, 0.0, 0.0, 0.0, 0.0, 0.0, 0.0, 0.0]
2024-03-07 14:19:11,274 [MainThread  ] [INFO ]  Total Execution Time is 45.95798921585083 seconds
