2024-03-05 15:22:39,688 [MainThread  ] [INFO ]  Starting main function
2024-03-05 15:22:39,688 [MainThread  ] [INFO ]  Parameters:
2024-03-05 15:22:39,688 [MainThread  ] [INFO ]   SoccerNet_path : /mnt/patatas_fritas/soccernet-spain
2024-03-05 15:22:39,688 [MainThread  ] [INFO ]         features : ResNET_TF2.npy
2024-03-05 15:22:39,688 [MainThread  ] [INFO ]       max_epochs : 1000
2024-03-05 15:22:39,688 [MainThread  ] [INFO ]     load_weights : None
2024-03-05 15:22:39,688 [MainThread  ] [INFO ]       model_name : NetVLAD++_spain
2024-03-05 15:22:39,688 [MainThread  ] [INFO ]        test_only : False
2024-03-05 15:22:39,688 [MainThread  ] [INFO ]      split_train : ['train']
2024-03-05 15:22:39,688 [MainThread  ] [INFO ]      split_valid : ['valid']
2024-03-05 15:22:39,688 [MainThread  ] [INFO ]       split_test : ['test']
2024-03-05 15:22:39,688 [MainThread  ] [INFO ]          version : 2
2024-03-05 15:22:39,688 [MainThread  ] [INFO ]      feature_dim : None
2024-03-05 15:22:39,688 [MainThread  ] [INFO ]  evaluation_frequency : 10
2024-03-05 15:22:39,688 [MainThread  ] [INFO ]        framerate : 2
2024-03-05 15:22:39,688 [MainThread  ] [INFO ]      window_size : 15
2024-03-05 15:22:39,688 [MainThread  ] [INFO ]             pool : NetVLAD++
2024-03-05 15:22:39,688 [MainThread  ] [INFO ]       vocab_size : 64
2024-03-05 15:22:39,688 [MainThread  ] [INFO ]       NMS_window : 30
2024-03-05 15:22:39,688 [MainThread  ] [INFO ]    NMS_threshold : 0.0
2024-03-05 15:22:39,688 [MainThread  ] [INFO ]       batch_size : 256
2024-03-05 15:22:39,689 [MainThread  ] [INFO ]               LR : 0.001
2024-03-05 15:22:39,689 [MainThread  ] [INFO ]              LRe : 1e-06
2024-03-05 15:22:39,689 [MainThread  ] [INFO ]         patience : 10
2024-03-05 15:22:39,689 [MainThread  ] [INFO ]              GPU : -1
2024-03-05 15:22:39,689 [MainThread  ] [INFO ]   max_num_worker : 4
2024-03-05 15:22:39,689 [MainThread  ] [INFO ]             seed : 0
2024-03-05 15:22:39,689 [MainThread  ] [INFO ]         loglevel : INFO
2024-03-05 15:22:39,711 [MainThread  ] [INFO ]  Checking/Download features and labels locally
2024-03-05 15:22:39,711 [MainThread  ] [INFO ]  Pre-compute clips
2024-03-05 15:23:25,059 [MainThread  ] [INFO ]  Checking/Download features and labels locally
2024-03-05 15:23:25,059 [MainThread  ] [INFO ]  Pre-compute clips
2024-03-05 15:23:42,033 [MainThread  ] [INFO ]  Checking/Download features and labels locally
2024-03-05 15:23:42,033 [MainThread  ] [INFO ]  Pre-compute clips
2024-03-05 15:23:44,520 [MainThread  ] [INFO ]  Checking/Download features and labels locally
2024-03-05 15:23:46,542 [MainThread  ] [INFO ]  Model(
  (feature_extractor): Linear(in_features=2048, out_features=512, bias=True)
  (pool_layer_before): NetVLAD()
  (pool_layer_after): NetVLAD()
  (fc): Linear(in_features=32768, out_features=18, bias=True)
  (drop): Dropout(p=0.4, inplace=False)
  (sigm): Sigmoid()
)
2024-03-05 15:23:46,543 [MainThread  ] [INFO ]  Total number of parameters: 1704466
2024-03-05 15:23:46,543 [MainThread  ] [INFO ]  start training
2024-03-05 15:24:39,348 [MainThread  ] [INFO ]  Validation performance at epoch 11 -> 0.2722217360332266
2024-03-05 15:25:26,726 [MainThread  ] [INFO ]  Validation performance at epoch 21 -> 0.32107832780211015
2024-03-05 15:25:41,170 [MainThread  ] [INFO ]  Plateau Reached!
2024-03-05 15:26:15,176 [MainThread  ] [INFO ]  Validation performance at epoch 31 -> 0.31735904659721953
2024-03-05 15:26:33,180 [MainThread  ] [INFO ]  Plateau Reached!
2024-03-05 15:27:03,550 [MainThread  ] [INFO ]  Validation performance at epoch 41 -> 0.31682159074907273
2024-03-05 15:27:26,750 [MainThread  ] [INFO ]  Plateau Reached!
2024-03-05 15:27:51,790 [MainThread  ] [INFO ]  Validation performance at epoch 51 -> 0.316643372292771
2024-03-05 15:28:19,831 [MainThread  ] [INFO ]  Plateau Reached!
2024-03-05 15:28:39,842 [MainThread  ] [INFO ]  Validation performance at epoch 61 -> 0.316681943402455
2024-03-05 15:29:13,480 [MainThread  ] [INFO ]  Plateau Reached!
2024-03-05 15:29:30,267 [MainThread  ] [INFO ]  Validation performance at epoch 71 -> 0.3166804941939752
2024-03-05 15:30:02,855 [MainThread  ] [INFO ]  Plateau Reached and no more reduction -> Exiting Loop
2024-03-05 15:30:02,887 [MainThread  ] [INFO ]  Checking/Download features and labels locally
