2024-03-07 09:32:20,717 [MainThread  ] [INFO ]  Starting main function
2024-03-07 09:32:20,717 [MainThread  ] [INFO ]  Parameters:
2024-03-07 09:32:20,717 [MainThread  ] [INFO ]   SoccerNet_path : /mnt/patatas_fritas/soccernet-europe_uefa
2024-03-07 09:32:20,717 [MainThread  ] [INFO ]         features : ResNET_TF2_PCA512.npy
2024-03-07 09:32:20,717 [MainThread  ] [INFO ]       max_epochs : 1000
2024-03-07 09:32:20,717 [MainThread  ] [INFO ]     load_weights : None
2024-03-07 09:32:20,717 [MainThread  ] [INFO ]       model_name : CALF_england
2024-03-07 09:32:20,717 [MainThread  ] [INFO ]        test_only : True
2024-03-07 09:32:20,717 [MainThread  ] [INFO ]        challenge : False
2024-03-07 09:32:20,717 [MainThread  ] [INFO ]         K_params : None
2024-03-07 09:32:20,718 [MainThread  ] [INFO ]     num_features : 512
2024-03-07 09:32:20,718 [MainThread  ] [INFO ]  chunks_per_epoch : 18000
2024-03-07 09:32:20,718 [MainThread  ] [INFO ]  evaluation_frequency : 20
2024-03-07 09:32:20,718 [MainThread  ] [INFO ]      dim_capsule : 16
2024-03-07 09:32:20,718 [MainThread  ] [INFO ]        framerate : 2
2024-03-07 09:32:20,718 [MainThread  ] [INFO ]       chunk_size : 120
2024-03-07 09:32:20,718 [MainThread  ] [INFO ]  receptive_field : 40
2024-03-07 09:32:20,718 [MainThread  ] [INFO ]     lambda_coord : 5.0
2024-03-07 09:32:20,718 [MainThread  ] [INFO ]     lambda_noobj : 0.5
2024-03-07 09:32:20,718 [MainThread  ] [INFO ]  loss_weight_segmentation : 0.000367
2024-03-07 09:32:20,718 [MainThread  ] [INFO ]  loss_weight_detection : 1.0
2024-03-07 09:32:20,718 [MainThread  ] [INFO ]       batch_size : 32
2024-03-07 09:32:20,718 [MainThread  ] [INFO ]               LR : 0.001
2024-03-07 09:32:20,719 [MainThread  ] [INFO ]         patience : 25
2024-03-07 09:32:20,719 [MainThread  ] [INFO ]              GPU : -1
2024-03-07 09:32:20,719 [MainThread  ] [INFO ]   max_num_worker : 4
2024-03-07 09:32:20,719 [MainThread  ] [INFO ]         loglevel : INFO
2024-03-07 09:32:20,720 [MainThread  ] [INFO ]  Checking/Download features and labels locally
2024-03-07 09:32:20,728 [MainThread  ] [INFO ]  ContextAwareModel(
  (conv_1): Conv2d(1, 128, kernel_size=(1, 512), stride=(1, 1))
  (conv_2): Conv2d(128, 32, kernel_size=(1, 1), stride=(1, 1))
  (pad_p_1): ZeroPad2d(padding=(0, 0, 5, 6), value=0.0)
  (pad_p_2): ZeroPad2d(padding=(0, 0, 13, 13), value=0.0)
  (pad_p_3): ZeroPad2d(padding=(0, 0, 19, 20), value=0.0)
  (pad_p_4): ZeroPad2d(padding=(0, 0, 39, 40), value=0.0)
  (conv_p_1): Conv2d(32, 8, kernel_size=(12, 1), stride=(1, 1))
  (conv_p_2): Conv2d(32, 16, kernel_size=(27, 1), stride=(1, 1))
  (conv_p_3): Conv2d(32, 32, kernel_size=(40, 1), stride=(1, 1))
  (conv_p_4): Conv2d(32, 64, kernel_size=(80, 1), stride=(1, 1))
  (pad_seg): ZeroPad2d(padding=(0, 0, 1, 1), value=0.0)
  (conv_seg): Conv2d(152, 272, kernel_size=(3, 1), stride=(1, 1))
  (batch_seg): BatchNorm2d(240, eps=0.001, momentum=0.01, affine=True, track_running_stats=True)
  (max_pool_spot): MaxPool2d(kernel_size=(3, 1), stride=(2, 1), padding=0, dilation=1, ceil_mode=False)
  (pad_spot_1): ZeroPad2d(padding=(0, 0, 1, 1), value=0.0)
  (conv_spot_1): Conv2d(289, 32, kernel_size=(3, 1), stride=(1, 1))
  (max_pool_spot_1): MaxPool2d(kernel_size=(3, 1), stride=(2, 1), padding=0, dilation=1, ceil_mode=False)
  (pad_spot_2): ZeroPad2d(padding=(0, 0, 1, 1), value=0.0)
  (conv_spot_2): Conv2d(32, 16, kernel_size=(3, 1), stride=(1, 1))
  (max_pool_spot_2): MaxPool2d(kernel_size=(3, 1), stride=(2, 1), padding=0, dilation=1, ceil_mode=False)
  (conv_conf): Conv2d(464, 30, kernel_size=(1, 1), stride=(1, 1))
  (conv_class): Conv2d(464, 255, kernel_size=(1, 1), stride=(1, 1))
  (softmax): Softmax(dim=-1)
)
2024-03-07 09:32:20,728 [MainThread  ] [INFO ]  Total number of parameters: 578245
2024-03-07 09:32:28,000 [MainThread  ] [INFO ]  Metric: loose
2024-03-07 09:32:28,001 [MainThread  ] [INFO ]                        Any    Visible    Unseen
------------------  -----  ---------  --------
Penalty              5.54      11.44      0
Kick-off            15.96       7.3      18.84
Goal                41.04      41.29      0
Substitution        32.59      44.23     11.72
Offside              6.09       6.87      0
Shots on target     14.95      14.95      0
Shots off target    15.58      15.65      0
Clearance           27.61      32.7      26.47
Ball out of play    48.25      48.6      43.97
Throw-in            30.6       33.32     27.35
Foul                29.43      29.7      28.67
Indirect free-kick  24.74      32.4      20
Direct free-kick    32.2       35.34     54.55
Corner              53.17      57.09     37.69
Yellow card         22.53      23.81      5.99
Red card             0          0         0
Yellow->red card     0          0         0
Average mAP         23.55      25.57     21.17
2024-03-07 09:32:30,372 [MainThread  ] [INFO ]  Metric: tight
2024-03-07 09:32:30,373 [MainThread  ] [INFO ]                        Any    Visible    Unseen
------------------  -----  ---------  --------
Penalty              0          0         0
Kick-off             1.87       1.13      2.36
Goal                13.59      13.64      0
Substitution        10          3.69      9.19
Offside              4.14       4.55      0
Shots on target      1.7        1.7       0
Shots off target     9.53       9.53      0
Clearance            4.73       6.97      6.58
Ball out of play    10.68      11.29      3.75
Throw-in             5          5.03      5.65
Foul                 7.04       7.07      0
Indirect free-kick   3.1        4.77      2.49
Direct free-kick    12.15       6.34     54.55
Corner              16.03      16.33     19.55
Yellow card          5.92       6.01      0.57
Red card             0          0         0
Yellow->red card     0          0         0
Average mAP          6.2        5.77      8.05
2024-03-07 09:32:35,012 [MainThread  ] [INFO ]  Total Execution Time is 14.294966220855713 seconds
