2024-03-06 13:38:48,362 [MainThread  ] [INFO ]  Starting main function
2024-03-06 13:38:48,362 [MainThread  ] [INFO ]  Parameters:
2024-03-06 13:38:48,363 [MainThread  ] [INFO ]   SoccerNet_path : /mnt/patatas_fritas/soccernet-england
2024-03-06 13:38:48,363 [MainThread  ] [INFO ]         features : ResNET_TF2_PCA512.npy
2024-03-06 13:38:48,363 [MainThread  ] [INFO ]       max_epochs : 1000
2024-03-06 13:38:48,363 [MainThread  ] [INFO ]     load_weights : None
2024-03-06 13:38:48,363 [MainThread  ] [INFO ]       model_name : CALF_england
2024-03-06 13:38:48,363 [MainThread  ] [INFO ]        test_only : False
2024-03-06 13:38:48,363 [MainThread  ] [INFO ]        challenge : False
2024-03-06 13:38:48,363 [MainThread  ] [INFO ]         K_params : None
2024-03-06 13:38:48,363 [MainThread  ] [INFO ]     num_features : 512
2024-03-06 13:38:48,363 [MainThread  ] [INFO ]  chunks_per_epoch : 18000
2024-03-06 13:38:48,363 [MainThread  ] [INFO ]  evaluation_frequency : 20
2024-03-06 13:38:48,363 [MainThread  ] [INFO ]      dim_capsule : 16
2024-03-06 13:38:48,363 [MainThread  ] [INFO ]        framerate : 2
2024-03-06 13:38:48,363 [MainThread  ] [INFO ]       chunk_size : 120
2024-03-06 13:38:48,363 [MainThread  ] [INFO ]  receptive_field : 40
2024-03-06 13:38:48,363 [MainThread  ] [INFO ]     lambda_coord : 5.0
2024-03-06 13:38:48,363 [MainThread  ] [INFO ]     lambda_noobj : 0.5
2024-03-06 13:38:48,363 [MainThread  ] [INFO ]  loss_weight_segmentation : 0.000367
2024-03-06 13:38:48,363 [MainThread  ] [INFO ]  loss_weight_detection : 1.0
2024-03-06 13:38:48,363 [MainThread  ] [INFO ]       batch_size : 32
2024-03-06 13:38:48,363 [MainThread  ] [INFO ]               LR : 0.001
2024-03-06 13:38:48,363 [MainThread  ] [INFO ]         patience : 25
2024-03-06 13:38:48,363 [MainThread  ] [INFO ]              GPU : -1
2024-03-06 13:38:48,363 [MainThread  ] [INFO ]   max_num_worker : 4
2024-03-06 13:38:48,363 [MainThread  ] [INFO ]         loglevel : INFO
2024-03-06 13:38:48,365 [MainThread  ] [INFO ]  Checking/Download features and labels locally
2024-03-06 13:38:48,365 [MainThread  ] [INFO ]  Pre-compute clips
2024-03-06 13:39:20,646 [MainThread  ] [INFO ]  Checking/Download features and labels locally
2024-03-06 13:39:20,646 [MainThread  ] [INFO ]  Pre-compute clips
2024-03-06 13:39:31,086 [MainThread  ] [INFO ]  Checking/Download features and labels locally
2024-03-06 13:39:31,087 [MainThread  ] [INFO ]  Checking/Download features and labels locally
2024-03-06 13:39:31,092 [MainThread  ] [INFO ]  ContextAwareModel(
  (conv_1): Conv2d(1, 128, kernel_size=(1, 512), stride=(1, 1))
  (conv_2): Conv2d(128, 32, kernel_size=(1, 1), stride=(1, 1))
  (pad_p_1): ZeroPad2d(padding=(0, 0, 5, 6), value=0.0)
  (pad_p_2): ZeroPad2d(padding=(0, 0, 13, 13), value=0.0)
  (pad_p_3): ZeroPad2d(padding=(0, 0, 19, 20), value=0.0)
  (pad_p_4): ZeroPad2d(padding=(0, 0, 39, 40), value=0.0)
  (conv_p_1): Conv2d(32, 8, kernel_size=(12, 1), stride=(1, 1))
  (conv_p_2): Conv2d(32, 16, kernel_size=(27, 1), stride=(1, 1))
  (conv_p_3): Conv2d(32, 32, kernel_size=(40, 1), stride=(1, 1))
  (conv_p_4): Conv2d(32, 64, kernel_size=(80, 1), stride=(1, 1))
  (pad_seg): ZeroPad2d(padding=(0, 0, 1, 1), value=0.0)
  (conv_seg): Conv2d(152, 272, kernel_size=(3, 1), stride=(1, 1))
  (batch_seg): BatchNorm2d(240, eps=0.001, momentum=0.01, affine=True, track_running_stats=True)
  (max_pool_spot): MaxPool2d(kernel_size=(3, 1), stride=(2, 1), padding=0, dilation=1, ceil_mode=False)
  (pad_spot_1): ZeroPad2d(padding=(0, 0, 1, 1), value=0.0)
  (conv_spot_1): Conv2d(289, 32, kernel_size=(3, 1), stride=(1, 1))
  (max_pool_spot_1): MaxPool2d(kernel_size=(3, 1), stride=(2, 1), padding=0, dilation=1, ceil_mode=False)
  (pad_spot_2): ZeroPad2d(padding=(0, 0, 1, 1), value=0.0)
  (conv_spot_2): Conv2d(32, 16, kernel_size=(3, 1), stride=(1, 1))
  (max_pool_spot_2): MaxPool2d(kernel_size=(3, 1), stride=(2, 1), padding=0, dilation=1, ceil_mode=False)
  (conv_conf): Conv2d(464, 30, kernel_size=(1, 1), stride=(1, 1))
  (conv_class): Conv2d(464, 255, kernel_size=(1, 1), stride=(1, 1))
  (softmax): Softmax(dim=-1)
)
2024-03-06 13:39:31,093 [MainThread  ] [INFO ]  Total number of parameters: 578245
2024-03-06 13:39:31,093 [MainThread  ] [INFO ]  start training
2024-03-06 13:52:54,946 [MainThread  ] [INFO ]  Validation performance at epoch 21 -> 0.27890515407271244
2024-03-06 13:53:01,935 [MainThread  ] [INFO ]  Test performance at epoch 21 -> 0.27419851704183723
2024-03-06 14:15:28,327 [MainThread  ] [INFO ]  Validation performance at epoch 41 -> 0.2838796220502749
2024-03-06 14:15:35,605 [MainThread  ] [INFO ]  Test performance at epoch 41 -> 0.2766244000818479
2024-03-06 14:38:10,807 [MainThread  ] [INFO ]  Validation performance at epoch 61 -> 0.29330569649776694
2024-03-06 14:38:17,953 [MainThread  ] [INFO ]  Test performance at epoch 61 -> 0.2787328321223829
2024-03-06 15:00:51,153 [MainThread  ] [INFO ]  Validation performance at epoch 81 -> 0.295195222810911
2024-03-06 15:00:58,197 [MainThread  ] [INFO ]  Test performance at epoch 81 -> 0.2802164703513386
2024-03-06 15:16:40,878 [MainThread  ] [INFO ]  Plateau Reached!
2024-03-06 15:23:32,231 [MainThread  ] [INFO ]  Validation performance at epoch 101 -> 0.32831523550875213
2024-03-06 15:23:39,237 [MainThread  ] [INFO ]  Test performance at epoch 101 -> 0.3141600552267537
2024-03-06 15:46:09,943 [MainThread  ] [INFO ]  Validation performance at epoch 121 -> 0.3218432770281474
2024-03-06 15:58:32,766 [MainThread  ] [INFO ]  Plateau Reached!
2024-03-06 16:08:46,829 [MainThread  ] [INFO ]  Validation performance at epoch 141 -> 0.32072233604566264
2024-03-06 16:27:53,282 [MainThread  ] [INFO ]  Plateau Reached!
2024-03-06 16:31:23,382 [MainThread  ] [INFO ]  Validation performance at epoch 161 -> 0.30709793712331956
2024-03-06 16:53:59,083 [MainThread  ] [INFO ]  Validation performance at epoch 181 -> 0.3170293292892074
2024-03-06 16:57:19,696 [MainThread  ] [INFO ]  Plateau Reached!
2024-03-06 17:11:54,950 [MainThread  ] [INFO ]  Validation performance at epoch 201 -> 0.3169982454498085
2024-03-06 17:19:21,226 [MainThread  ] [INFO ]  Plateau Reached!
2024-03-06 17:28:27,594 [MainThread  ] [INFO ]  Validation performance at epoch 221 -> 0.3170090136727173
2024-03-06 17:37:25,819 [MainThread  ] [INFO ]  Plateau Reached and no more reduction -> Exiting Loop
2024-03-06 17:37:40,088 [MainThread  ] [INFO ]  Total Execution Time is 14331.725873947144 seconds
