2024-03-07 09:37:10,440 [MainThread  ] [INFO ]  Starting main function
2024-03-07 09:37:10,440 [MainThread  ] [INFO ]  Parameters:
2024-03-07 09:37:10,440 [MainThread  ] [INFO ]   SoccerNet_path : /mnt/patatas_fritas/soccernet-germany
2024-03-07 09:37:10,440 [MainThread  ] [INFO ]         features : ResNET_TF2_PCA512.npy
2024-03-07 09:37:10,440 [MainThread  ] [INFO ]       max_epochs : 1000
2024-03-07 09:37:10,440 [MainThread  ] [INFO ]     load_weights : None
2024-03-07 09:37:10,440 [MainThread  ] [INFO ]       model_name : CALF_england
2024-03-07 09:37:10,440 [MainThread  ] [INFO ]        test_only : True
2024-03-07 09:37:10,440 [MainThread  ] [INFO ]        challenge : False
2024-03-07 09:37:10,440 [MainThread  ] [INFO ]         K_params : None
2024-03-07 09:37:10,440 [MainThread  ] [INFO ]     num_features : 512
2024-03-07 09:37:10,441 [MainThread  ] [INFO ]  chunks_per_epoch : 18000
2024-03-07 09:37:10,441 [MainThread  ] [INFO ]  evaluation_frequency : 20
2024-03-07 09:37:10,441 [MainThread  ] [INFO ]      dim_capsule : 16
2024-03-07 09:37:10,441 [MainThread  ] [INFO ]        framerate : 2
2024-03-07 09:37:10,441 [MainThread  ] [INFO ]       chunk_size : 120
2024-03-07 09:37:10,441 [MainThread  ] [INFO ]  receptive_field : 40
2024-03-07 09:37:10,441 [MainThread  ] [INFO ]     lambda_coord : 5.0
2024-03-07 09:37:10,441 [MainThread  ] [INFO ]     lambda_noobj : 0.5
2024-03-07 09:37:10,441 [MainThread  ] [INFO ]  loss_weight_segmentation : 0.000367
2024-03-07 09:37:10,441 [MainThread  ] [INFO ]  loss_weight_detection : 1.0
2024-03-07 09:37:10,441 [MainThread  ] [INFO ]       batch_size : 32
2024-03-07 09:37:10,441 [MainThread  ] [INFO ]               LR : 0.001
2024-03-07 09:37:10,441 [MainThread  ] [INFO ]         patience : 25
2024-03-07 09:37:10,441 [MainThread  ] [INFO ]              GPU : -1
2024-03-07 09:37:10,441 [MainThread  ] [INFO ]   max_num_worker : 4
2024-03-07 09:37:10,441 [MainThread  ] [INFO ]         loglevel : INFO
2024-03-07 09:37:10,442 [MainThread  ] [INFO ]  Checking/Download features and labels locally
2024-03-07 09:37:10,448 [MainThread  ] [INFO ]  ContextAwareModel(
  (conv_1): Conv2d(1, 128, kernel_size=(1, 512), stride=(1, 1))
  (conv_2): Conv2d(128, 32, kernel_size=(1, 1), stride=(1, 1))
  (pad_p_1): ZeroPad2d(padding=(0, 0, 5, 6), value=0.0)
  (pad_p_2): ZeroPad2d(padding=(0, 0, 13, 13), value=0.0)
  (pad_p_3): ZeroPad2d(padding=(0, 0, 19, 20), value=0.0)
  (pad_p_4): ZeroPad2d(padding=(0, 0, 39, 40), value=0.0)
  (conv_p_1): Conv2d(32, 8, kernel_size=(12, 1), stride=(1, 1))
  (conv_p_2): Conv2d(32, 16, kernel_size=(27, 1), stride=(1, 1))
  (conv_p_3): Conv2d(32, 32, kernel_size=(40, 1), stride=(1, 1))
  (conv_p_4): Conv2d(32, 64, kernel_size=(80, 1), stride=(1, 1))
  (pad_seg): ZeroPad2d(padding=(0, 0, 1, 1), value=0.0)
  (conv_seg): Conv2d(152, 272, kernel_size=(3, 1), stride=(1, 1))
  (batch_seg): BatchNorm2d(240, eps=0.001, momentum=0.01, affine=True, track_running_stats=True)
  (max_pool_spot): MaxPool2d(kernel_size=(3, 1), stride=(2, 1), padding=0, dilation=1, ceil_mode=False)
  (pad_spot_1): ZeroPad2d(padding=(0, 0, 1, 1), value=0.0)
  (conv_spot_1): Conv2d(289, 32, kernel_size=(3, 1), stride=(1, 1))
  (max_pool_spot_1): MaxPool2d(kernel_size=(3, 1), stride=(2, 1), padding=0, dilation=1, ceil_mode=False)
  (pad_spot_2): ZeroPad2d(padding=(0, 0, 1, 1), value=0.0)
  (conv_spot_2): Conv2d(32, 16, kernel_size=(3, 1), stride=(1, 1))
  (max_pool_spot_2): MaxPool2d(kernel_size=(3, 1), stride=(2, 1), padding=0, dilation=1, ceil_mode=False)
  (conv_conf): Conv2d(464, 30, kernel_size=(1, 1), stride=(1, 1))
  (conv_class): Conv2d(464, 255, kernel_size=(1, 1), stride=(1, 1))
  (softmax): Softmax(dim=-1)
)
2024-03-07 09:37:10,448 [MainThread  ] [INFO ]  Total number of parameters: 578245
2024-03-07 09:37:16,945 [MainThread  ] [INFO ]  Metric: loose
2024-03-07 09:37:16,946 [MainThread  ] [INFO ]                        Any    Visible    Unseen
------------------  -----  ---------  --------
Penalty             28.06      44.42      0
Kick-off            23.4        6.62     29
Goal                49.71      51.64      0
Substitution        29.67      36.59      4.31
Offside              5.16       7.78      0
Shots on target     17.02      17.19      0
Shots off target    13.66      13.66      0
Clearance           29.28      38.75     21.04
Ball out of play    43.37      43.3      49.03
Throw-in            34.19      35.89     25.72
Foul                24.9       25.06     34.71
Indirect free-kick  23.75      28.01     25.89
Direct free-kick    24.67      26.45      0
Corner              45.37      50.87     14.4
Yellow card         10.87      15.97      2.84
Red card             0          0         0
Yellow->red card     0          0         0
Average mAP         23.71      26.01     15.92
2024-03-07 09:37:19,144 [MainThread  ] [INFO ]  Metric: tight
2024-03-07 09:37:19,145 [MainThread  ] [INFO ]                        Any    Visible    Unseen
------------------  -----  ---------  --------
Penalty              0          0         0
Kick-off             1.21       0         1.36
Goal                 9.16       9.54      0
Substitution         1.34       1.26      2.72
Offside              1.45       2.08      0
Shots on target      5.21       5.23      0
Shots off target     5.11       5.11      0
Clearance            6.43       7.46      5.59
Ball out of play    10.18      10.09     13.46
Throw-in             4.66       4.93      3.15
Foul                 3.89       3.91      0
Indirect free-kick   2.82       4.56      3.55
Direct free-kick     9.94      10.08      0
Corner              13.23      18.26      1.99
Yellow card          4.18       8         2.24
Red card             0          0         0
Yellow->red card     0          0         0
Average mAP          4.64       5.32      2.62
2024-03-07 09:37:23,649 [MainThread  ] [INFO ]  Total Execution Time is 13.209017038345337 seconds
