2024-03-07 09:38:09,077 [MainThread  ] [INFO ]  Starting main function
2024-03-07 09:38:09,077 [MainThread  ] [INFO ]  Parameters:
2024-03-07 09:38:09,077 [MainThread  ] [INFO ]   SoccerNet_path : /mnt/patatas_fritas/soccernet-italy
2024-03-07 09:38:09,077 [MainThread  ] [INFO ]         features : ResNET_TF2_PCA512.npy
2024-03-07 09:38:09,077 [MainThread  ] [INFO ]       max_epochs : 1000
2024-03-07 09:38:09,077 [MainThread  ] [INFO ]     load_weights : None
2024-03-07 09:38:09,078 [MainThread  ] [INFO ]       model_name : CALF_england
2024-03-07 09:38:09,078 [MainThread  ] [INFO ]        test_only : True
2024-03-07 09:38:09,078 [MainThread  ] [INFO ]        challenge : False
2024-03-07 09:38:09,078 [MainThread  ] [INFO ]         K_params : None
2024-03-07 09:38:09,078 [MainThread  ] [INFO ]     num_features : 512
2024-03-07 09:38:09,078 [MainThread  ] [INFO ]  chunks_per_epoch : 18000
2024-03-07 09:38:09,078 [MainThread  ] [INFO ]  evaluation_frequency : 20
2024-03-07 09:38:09,078 [MainThread  ] [INFO ]      dim_capsule : 16
2024-03-07 09:38:09,078 [MainThread  ] [INFO ]        framerate : 2
2024-03-07 09:38:09,078 [MainThread  ] [INFO ]       chunk_size : 120
2024-03-07 09:38:09,078 [MainThread  ] [INFO ]  receptive_field : 40
2024-03-07 09:38:09,078 [MainThread  ] [INFO ]     lambda_coord : 5.0
2024-03-07 09:38:09,078 [MainThread  ] [INFO ]     lambda_noobj : 0.5
2024-03-07 09:38:09,078 [MainThread  ] [INFO ]  loss_weight_segmentation : 0.000367
2024-03-07 09:38:09,078 [MainThread  ] [INFO ]  loss_weight_detection : 1.0
2024-03-07 09:38:09,078 [MainThread  ] [INFO ]       batch_size : 32
2024-03-07 09:38:09,078 [MainThread  ] [INFO ]               LR : 0.001
2024-03-07 09:38:09,078 [MainThread  ] [INFO ]         patience : 25
2024-03-07 09:38:09,078 [MainThread  ] [INFO ]              GPU : -1
2024-03-07 09:38:09,078 [MainThread  ] [INFO ]   max_num_worker : 4
2024-03-07 09:38:09,078 [MainThread  ] [INFO ]         loglevel : INFO
2024-03-07 09:38:09,079 [MainThread  ] [INFO ]  Checking/Download features and labels locally
2024-03-07 09:38:09,085 [MainThread  ] [INFO ]  ContextAwareModel(
  (conv_1): Conv2d(1, 128, kernel_size=(1, 512), stride=(1, 1))
  (conv_2): Conv2d(128, 32, kernel_size=(1, 1), stride=(1, 1))
  (pad_p_1): ZeroPad2d(padding=(0, 0, 5, 6), value=0.0)
  (pad_p_2): ZeroPad2d(padding=(0, 0, 13, 13), value=0.0)
  (pad_p_3): ZeroPad2d(padding=(0, 0, 19, 20), value=0.0)
  (pad_p_4): ZeroPad2d(padding=(0, 0, 39, 40), value=0.0)
  (conv_p_1): Conv2d(32, 8, kernel_size=(12, 1), stride=(1, 1))
  (conv_p_2): Conv2d(32, 16, kernel_size=(27, 1), stride=(1, 1))
  (conv_p_3): Conv2d(32, 32, kernel_size=(40, 1), stride=(1, 1))
  (conv_p_4): Conv2d(32, 64, kernel_size=(80, 1), stride=(1, 1))
  (pad_seg): ZeroPad2d(padding=(0, 0, 1, 1), value=0.0)
  (conv_seg): Conv2d(152, 272, kernel_size=(3, 1), stride=(1, 1))
  (batch_seg): BatchNorm2d(240, eps=0.001, momentum=0.01, affine=True, track_running_stats=True)
  (max_pool_spot): MaxPool2d(kernel_size=(3, 1), stride=(2, 1), padding=0, dilation=1, ceil_mode=False)
  (pad_spot_1): ZeroPad2d(padding=(0, 0, 1, 1), value=0.0)
  (conv_spot_1): Conv2d(289, 32, kernel_size=(3, 1), stride=(1, 1))
  (max_pool_spot_1): MaxPool2d(kernel_size=(3, 1), stride=(2, 1), padding=0, dilation=1, ceil_mode=False)
  (pad_spot_2): ZeroPad2d(padding=(0, 0, 1, 1), value=0.0)
  (conv_spot_2): Conv2d(32, 16, kernel_size=(3, 1), stride=(1, 1))
  (max_pool_spot_2): MaxPool2d(kernel_size=(3, 1), stride=(2, 1), padding=0, dilation=1, ceil_mode=False)
  (conv_conf): Conv2d(464, 30, kernel_size=(1, 1), stride=(1, 1))
  (conv_class): Conv2d(464, 255, kernel_size=(1, 1), stride=(1, 1))
  (softmax): Softmax(dim=-1)
)
2024-03-07 09:38:09,085 [MainThread  ] [INFO ]  Total number of parameters: 578245
2024-03-07 09:38:16,669 [MainThread  ] [INFO ]  Metric: loose
2024-03-07 09:38:16,670 [MainThread  ] [INFO ]                        Any    Visible    Unseen
------------------  -----  ---------  --------
Penalty              9.25      18.49      0
Kick-off            13.67      18.51     10.59
Goal                45.87      46.29      0
Substitution        30.24      36.77      6.94
Offside              0.78       0.88      0
Shots on target     11.46      11.46      0
Shots off target    11.93      11.96      0
Clearance           20.54      19.46     19.83
Ball out of play    42.23      42.13     48.8
Throw-in            29.95      32.88     19.19
Foul                28.58      28.59     23.55
Indirect free-kick  27.84      22.96     28.37
Direct free-kick    13.04      16.91      0
Corner              27.21      29.16     15.67
Yellow card         19.2       21.74      1.08
Red card             0          0         0
Yellow->red card     0          0         0
Average mAP         19.52      21.07     13.39
2024-03-07 09:38:19,065 [MainThread  ] [INFO ]  Metric: tight
2024-03-07 09:38:19,066 [MainThread  ] [INFO ]                        Any    Visible    Unseen
------------------  -----  ---------  --------
Penalty              1.99       3.98      0
Kick-off             1.34       1.87      1.21
Goal                21.27      21.41      0
Substitution         3.66       4.45      1.52
Offside              0.5        0.55      0
Shots on target      1.51       1.51      0
Shots off target     6.49       6.49      0
Clearance            9.58       5.05      9.88
Ball out of play     8.3        8.29     14.03
Throw-in             8.89       8.97      4.95
Foul                 5.96       5.96      0
Indirect free-kick   8.8        1.3       9.45
Direct free-kick     1.14       1.4       0
Corner               6.03       5.92      8.52
Yellow card          9.96      10.23      0
Red card             0          0         0
Yellow->red card     0          0         0
Average mAP          5.61       5.14      3.81
2024-03-07 09:38:23,775 [MainThread  ] [INFO ]  Total Execution Time is 14.697792768478394 seconds
