2024-03-07 09:39:19,117 [MainThread  ] [INFO ]  Starting main function
2024-03-07 09:39:19,117 [MainThread  ] [INFO ]  Parameters:
2024-03-07 09:39:19,117 [MainThread  ] [INFO ]   SoccerNet_path : /mnt/patatas_fritas/soccernet-spain
2024-03-07 09:39:19,117 [MainThread  ] [INFO ]         features : ResNET_TF2_PCA512.npy
2024-03-07 09:39:19,117 [MainThread  ] [INFO ]       max_epochs : 1000
2024-03-07 09:39:19,117 [MainThread  ] [INFO ]     load_weights : None
2024-03-07 09:39:19,117 [MainThread  ] [INFO ]       model_name : CALF_england
2024-03-07 09:39:19,118 [MainThread  ] [INFO ]        test_only : True
2024-03-07 09:39:19,118 [MainThread  ] [INFO ]        challenge : False
2024-03-07 09:39:19,118 [MainThread  ] [INFO ]         K_params : None
2024-03-07 09:39:19,118 [MainThread  ] [INFO ]     num_features : 512
2024-03-07 09:39:19,118 [MainThread  ] [INFO ]  chunks_per_epoch : 18000
2024-03-07 09:39:19,118 [MainThread  ] [INFO ]  evaluation_frequency : 20
2024-03-07 09:39:19,118 [MainThread  ] [INFO ]      dim_capsule : 16
2024-03-07 09:39:19,118 [MainThread  ] [INFO ]        framerate : 2
2024-03-07 09:39:19,118 [MainThread  ] [INFO ]       chunk_size : 120
2024-03-07 09:39:19,118 [MainThread  ] [INFO ]  receptive_field : 40
2024-03-07 09:39:19,118 [MainThread  ] [INFO ]     lambda_coord : 5.0
2024-03-07 09:39:19,118 [MainThread  ] [INFO ]     lambda_noobj : 0.5
2024-03-07 09:39:19,118 [MainThread  ] [INFO ]  loss_weight_segmentation : 0.000367
2024-03-07 09:39:19,118 [MainThread  ] [INFO ]  loss_weight_detection : 1.0
2024-03-07 09:39:19,118 [MainThread  ] [INFO ]       batch_size : 32
2024-03-07 09:39:19,119 [MainThread  ] [INFO ]               LR : 0.001
2024-03-07 09:39:19,119 [MainThread  ] [INFO ]         patience : 25
2024-03-07 09:39:19,119 [MainThread  ] [INFO ]              GPU : -1
2024-03-07 09:39:19,119 [MainThread  ] [INFO ]   max_num_worker : 4
2024-03-07 09:39:19,119 [MainThread  ] [INFO ]         loglevel : INFO
2024-03-07 09:39:19,120 [MainThread  ] [INFO ]  Checking/Download features and labels locally
2024-03-07 09:39:19,130 [MainThread  ] [INFO ]  ContextAwareModel(
  (conv_1): Conv2d(1, 128, kernel_size=(1, 512), stride=(1, 1))
  (conv_2): Conv2d(128, 32, kernel_size=(1, 1), stride=(1, 1))
  (pad_p_1): ZeroPad2d(padding=(0, 0, 5, 6), value=0.0)
  (pad_p_2): ZeroPad2d(padding=(0, 0, 13, 13), value=0.0)
  (pad_p_3): ZeroPad2d(padding=(0, 0, 19, 20), value=0.0)
  (pad_p_4): ZeroPad2d(padding=(0, 0, 39, 40), value=0.0)
  (conv_p_1): Conv2d(32, 8, kernel_size=(12, 1), stride=(1, 1))
  (conv_p_2): Conv2d(32, 16, kernel_size=(27, 1), stride=(1, 1))
  (conv_p_3): Conv2d(32, 32, kernel_size=(40, 1), stride=(1, 1))
  (conv_p_4): Conv2d(32, 64, kernel_size=(80, 1), stride=(1, 1))
  (pad_seg): ZeroPad2d(padding=(0, 0, 1, 1), value=0.0)
  (conv_seg): Conv2d(152, 272, kernel_size=(3, 1), stride=(1, 1))
  (batch_seg): BatchNorm2d(240, eps=0.001, momentum=0.01, affine=True, track_running_stats=True)
  (max_pool_spot): MaxPool2d(kernel_size=(3, 1), stride=(2, 1), padding=0, dilation=1, ceil_mode=False)
  (pad_spot_1): ZeroPad2d(padding=(0, 0, 1, 1), value=0.0)
  (conv_spot_1): Conv2d(289, 32, kernel_size=(3, 1), stride=(1, 1))
  (max_pool_spot_1): MaxPool2d(kernel_size=(3, 1), stride=(2, 1), padding=0, dilation=1, ceil_mode=False)
  (pad_spot_2): ZeroPad2d(padding=(0, 0, 1, 1), value=0.0)
  (conv_spot_2): Conv2d(32, 16, kernel_size=(3, 1), stride=(1, 1))
  (max_pool_spot_2): MaxPool2d(kernel_size=(3, 1), stride=(2, 1), padding=0, dilation=1, ceil_mode=False)
  (conv_conf): Conv2d(464, 30, kernel_size=(1, 1), stride=(1, 1))
  (conv_class): Conv2d(464, 255, kernel_size=(1, 1), stride=(1, 1))
  (softmax): Softmax(dim=-1)
)
2024-03-07 09:39:19,130 [MainThread  ] [INFO ]  Total number of parameters: 578245
2024-03-07 09:39:27,450 [MainThread  ] [INFO ]  Metric: loose
2024-03-07 09:39:27,451 [MainThread  ] [INFO ]                        Any    Visible    Unseen
------------------  -----  ---------  --------
Penalty             11.02      12.56      0
Kick-off            19.13       8.43     22.37
Goal                30.68      32.02      0
Substitution         8.67      12.96      1.79
Offside              0.74       0.97      0
Shots on target     10.27      10.25     40.91
Shots off target     8.67       8.67      0
Clearance           29.1       36.9      26.7
Ball out of play    44.42      45.03     33.01
Throw-in            31.35      33.49     28.64
Foul                30.63      31.04     15.42
Indirect free-kick  19.88      18.97     21.37
Direct free-kick    26.93      28.81      0
Corner              50.85      52.62     31.05
Yellow card          9.02      10         2.85
Red card             0          0         0
Yellow->red card     0          0         0
Average mAP         19.49      20.16     17.24
2024-03-07 09:39:30,043 [MainThread  ] [INFO ]  Metric: tight
2024-03-07 09:39:30,043 [MainThread  ] [INFO ]                        Any    Visible    Unseen
------------------  -----  ---------  --------
Penalty              9.09       9.09      0
Kick-off             1.93       0         2.06
Goal                 7.85       8.06      0
Substitution         0.58       0.84      0.24
Offside              0.11       0.13      0
Shots on target      2.09       2.09      0
Shots off target     4.36       4.36      0
Clearance           10.91      10.45     10.13
Ball out of play     9.03       9.11      5
Throw-in             6.71       7.01      3.46
Foul                10.73      10.86      0.13
Indirect free-kick   3.46       2.66      5.46
Direct free-kick     9.51       9.98      0
Corner              10.27      11.28      8.55
Yellow card          2.46       2.54      0
Red card             0          0         0
Yellow->red card     0          0         0
Average mAP          5.24       5.2       2.7
2024-03-07 09:39:35,081 [MainThread  ] [INFO ]  Total Execution Time is 15.96443510055542 seconds
