2024-03-05 15:07:47,699 [MainThread  ] [INFO ]  Starting main function
2024-03-05 15:07:47,699 [MainThread  ] [INFO ]  Parameters:
2024-03-05 15:07:47,699 [MainThread  ] [INFO ]   SoccerNet_path : /mnt/patatas_fritas/soccernet-italy
2024-03-05 15:07:47,699 [MainThread  ] [INFO ]         features : ResNET_TF2.npy
2024-03-05 15:07:47,699 [MainThread  ] [INFO ]       max_epochs : 1000
2024-03-05 15:07:47,700 [MainThread  ] [INFO ]     load_weights : None
2024-03-05 15:07:47,700 [MainThread  ] [INFO ]       model_name : NetVLAD++_italy
2024-03-05 15:07:47,700 [MainThread  ] [INFO ]        test_only : False
2024-03-05 15:07:47,700 [MainThread  ] [INFO ]      split_train : ['train']
2024-03-05 15:07:47,700 [MainThread  ] [INFO ]      split_valid : ['valid']
2024-03-05 15:07:47,700 [MainThread  ] [INFO ]       split_test : ['test']
2024-03-05 15:07:47,700 [MainThread  ] [INFO ]          version : 2
2024-03-05 15:07:47,700 [MainThread  ] [INFO ]      feature_dim : None
2024-03-05 15:07:47,700 [MainThread  ] [INFO ]  evaluation_frequency : 10
2024-03-05 15:07:47,700 [MainThread  ] [INFO ]        framerate : 2
2024-03-05 15:07:47,700 [MainThread  ] [INFO ]      window_size : 15
2024-03-05 15:07:47,700 [MainThread  ] [INFO ]             pool : NetVLAD++
2024-03-05 15:07:47,700 [MainThread  ] [INFO ]       vocab_size : 64
2024-03-05 15:07:47,700 [MainThread  ] [INFO ]       NMS_window : 30
2024-03-05 15:07:47,700 [MainThread  ] [INFO ]    NMS_threshold : 0.0
2024-03-05 15:07:47,700 [MainThread  ] [INFO ]       batch_size : 256
2024-03-05 15:07:47,700 [MainThread  ] [INFO ]               LR : 0.001
2024-03-05 15:07:47,700 [MainThread  ] [INFO ]              LRe : 1e-06
2024-03-05 15:07:47,700 [MainThread  ] [INFO ]         patience : 10
2024-03-05 15:07:47,700 [MainThread  ] [INFO ]              GPU : -1
2024-03-05 15:07:47,701 [MainThread  ] [INFO ]   max_num_worker : 4
2024-03-05 15:07:47,701 [MainThread  ] [INFO ]             seed : 0
2024-03-05 15:07:47,701 [MainThread  ] [INFO ]         loglevel : INFO
2024-03-05 15:07:47,734 [MainThread  ] [INFO ]  Checking/Download features and labels locally
2024-03-05 15:07:47,734 [MainThread  ] [INFO ]  Pre-compute clips
2024-03-05 15:08:31,804 [MainThread  ] [INFO ]  Checking/Download features and labels locally
2024-03-05 15:08:31,805 [MainThread  ] [INFO ]  Pre-compute clips
2024-03-05 15:08:44,994 [MainThread  ] [INFO ]  Checking/Download features and labels locally
2024-03-05 15:08:44,994 [MainThread  ] [INFO ]  Pre-compute clips
2024-03-05 15:08:46,023 [MainThread  ] [INFO ]  Checking/Download features and labels locally
2024-03-05 15:08:48,120 [MainThread  ] [INFO ]  Model(
  (feature_extractor): Linear(in_features=2048, out_features=512, bias=True)
  (pool_layer_before): NetVLAD()
  (pool_layer_after): NetVLAD()
  (fc): Linear(in_features=32768, out_features=18, bias=True)
  (drop): Dropout(p=0.4, inplace=False)
  (sigm): Sigmoid()
)
2024-03-05 15:08:48,121 [MainThread  ] [INFO ]  Total number of parameters: 1704466
2024-03-05 15:08:48,121 [MainThread  ] [INFO ]  start training
2024-03-05 15:09:29,977 [MainThread  ] [INFO ]  Validation performance at epoch 11 -> 0.2988019762937655
2024-03-05 15:10:07,657 [MainThread  ] [INFO ]  Validation performance at epoch 21 -> 0.3588501427636758
2024-03-05 15:10:25,966 [MainThread  ] [INFO ]  Plateau Reached!
2024-03-05 15:10:45,344 [MainThread  ] [INFO ]  Validation performance at epoch 31 -> 0.36347477502688685
2024-03-05 15:11:07,259 [MainThread  ] [INFO ]  Plateau Reached!
2024-03-05 15:11:22,983 [MainThread  ] [INFO ]  Validation performance at epoch 41 -> 0.3643229872344823
2024-03-05 15:11:48,590 [MainThread  ] [INFO ]  Plateau Reached!
2024-03-05 15:12:00,658 [MainThread  ] [INFO ]  Validation performance at epoch 51 -> 0.3638268567455553
2024-03-05 15:12:30,050 [MainThread  ] [INFO ]  Plateau Reached!
2024-03-05 15:12:38,438 [MainThread  ] [INFO ]  Validation performance at epoch 61 -> 0.3637077894328873
2024-03-05 15:13:11,379 [MainThread  ] [INFO ]  Plateau Reached!
2024-03-05 15:13:16,066 [MainThread  ] [INFO ]  Validation performance at epoch 71 -> 0.36371143227778036
2024-03-05 15:13:49,045 [MainThread  ] [INFO ]  Plateau Reached and no more reduction -> Exiting Loop
2024-03-05 15:13:49,056 [MainThread  ] [INFO ]  Checking/Download features and labels locally
