2024-03-06 13:54:24,234 [MainThread  ] [INFO ]  Starting main function
2024-03-06 13:54:24,234 [MainThread  ] [INFO ]  Parameters:
2024-03-06 13:54:24,234 [MainThread  ] [INFO ]   SoccerNet_path : /mnt/patatas_fritas/soccernet-spain
2024-03-06 13:54:24,234 [MainThread  ] [INFO ]         features : ResNET_TF2_PCA512.npy
2024-03-06 13:54:24,234 [MainThread  ] [INFO ]       max_epochs : 1000
2024-03-06 13:54:24,234 [MainThread  ] [INFO ]     load_weights : None
2024-03-06 13:54:24,235 [MainThread  ] [INFO ]       model_name : CALF_spain
2024-03-06 13:54:24,235 [MainThread  ] [INFO ]        test_only : False
2024-03-06 13:54:24,235 [MainThread  ] [INFO ]        challenge : False
2024-03-06 13:54:24,235 [MainThread  ] [INFO ]         K_params : None
2024-03-06 13:54:24,235 [MainThread  ] [INFO ]     num_features : 512
2024-03-06 13:54:24,235 [MainThread  ] [INFO ]  chunks_per_epoch : 18000
2024-03-06 13:54:24,235 [MainThread  ] [INFO ]  evaluation_frequency : 20
2024-03-06 13:54:24,235 [MainThread  ] [INFO ]      dim_capsule : 16
2024-03-06 13:54:24,235 [MainThread  ] [INFO ]        framerate : 2
2024-03-06 13:54:24,235 [MainThread  ] [INFO ]       chunk_size : 120
2024-03-06 13:54:24,235 [MainThread  ] [INFO ]  receptive_field : 40
2024-03-06 13:54:24,235 [MainThread  ] [INFO ]     lambda_coord : 5.0
2024-03-06 13:54:24,235 [MainThread  ] [INFO ]     lambda_noobj : 0.5
2024-03-06 13:54:24,235 [MainThread  ] [INFO ]  loss_weight_segmentation : 0.000367
2024-03-06 13:54:24,235 [MainThread  ] [INFO ]  loss_weight_detection : 1.0
2024-03-06 13:54:24,235 [MainThread  ] [INFO ]       batch_size : 32
2024-03-06 13:54:24,235 [MainThread  ] [INFO ]               LR : 0.001
2024-03-06 13:54:24,236 [MainThread  ] [INFO ]         patience : 25
2024-03-06 13:54:24,236 [MainThread  ] [INFO ]              GPU : -1
2024-03-06 13:54:24,236 [MainThread  ] [INFO ]   max_num_worker : 4
2024-03-06 13:54:24,236 [MainThread  ] [INFO ]         loglevel : INFO
2024-03-06 13:54:24,238 [MainThread  ] [INFO ]  Checking/Download features and labels locally
2024-03-06 13:54:24,238 [MainThread  ] [INFO ]  Pre-compute clips
2024-03-06 13:55:05,338 [MainThread  ] [INFO ]  Checking/Download features and labels locally
2024-03-06 13:55:05,339 [MainThread  ] [INFO ]  Pre-compute clips
2024-03-06 13:55:20,835 [MainThread  ] [INFO ]  Checking/Download features and labels locally
2024-03-06 13:55:20,836 [MainThread  ] [INFO ]  Checking/Download features and labels locally
2024-03-06 13:55:20,855 [MainThread  ] [INFO ]  ContextAwareModel(
  (conv_1): Conv2d(1, 128, kernel_size=(1, 512), stride=(1, 1))
  (conv_2): Conv2d(128, 32, kernel_size=(1, 1), stride=(1, 1))
  (pad_p_1): ZeroPad2d(padding=(0, 0, 5, 6), value=0.0)
  (pad_p_2): ZeroPad2d(padding=(0, 0, 13, 13), value=0.0)
  (pad_p_3): ZeroPad2d(padding=(0, 0, 19, 20), value=0.0)
  (pad_p_4): ZeroPad2d(padding=(0, 0, 39, 40), value=0.0)
  (conv_p_1): Conv2d(32, 8, kernel_size=(12, 1), stride=(1, 1))
  (conv_p_2): Conv2d(32, 16, kernel_size=(27, 1), stride=(1, 1))
  (conv_p_3): Conv2d(32, 32, kernel_size=(40, 1), stride=(1, 1))
  (conv_p_4): Conv2d(32, 64, kernel_size=(80, 1), stride=(1, 1))
  (pad_seg): ZeroPad2d(padding=(0, 0, 1, 1), value=0.0)
  (conv_seg): Conv2d(152, 272, kernel_size=(3, 1), stride=(1, 1))
  (batch_seg): BatchNorm2d(240, eps=0.001, momentum=0.01, affine=True, track_running_stats=True)
  (max_pool_spot): MaxPool2d(kernel_size=(3, 1), stride=(2, 1), padding=0, dilation=1, ceil_mode=False)
  (pad_spot_1): ZeroPad2d(padding=(0, 0, 1, 1), value=0.0)
  (conv_spot_1): Conv2d(289, 32, kernel_size=(3, 1), stride=(1, 1))
  (max_pool_spot_1): MaxPool2d(kernel_size=(3, 1), stride=(2, 1), padding=0, dilation=1, ceil_mode=False)
  (pad_spot_2): ZeroPad2d(padding=(0, 0, 1, 1), value=0.0)
  (conv_spot_2): Conv2d(32, 16, kernel_size=(3, 1), stride=(1, 1))
  (max_pool_spot_2): MaxPool2d(kernel_size=(3, 1), stride=(2, 1), padding=0, dilation=1, ceil_mode=False)
  (conv_conf): Conv2d(464, 30, kernel_size=(1, 1), stride=(1, 1))
  (conv_class): Conv2d(464, 255, kernel_size=(1, 1), stride=(1, 1))
  (softmax): Softmax(dim=-1)
)
2024-03-06 13:55:20,855 [MainThread  ] [INFO ]  Total number of parameters: 578245
2024-03-06 13:55:20,855 [MainThread  ] [INFO ]  start training
2024-03-06 14:18:51,076 [MainThread  ] [INFO ]  Validation performance at epoch 21 -> 0.25880306464369807
2024-03-06 14:18:59,302 [MainThread  ] [INFO ]  Test performance at epoch 21 -> 0.27233134187320435
2024-03-06 14:31:23,777 [MainThread  ] [INFO ]  Plateau Reached!
2024-03-06 14:41:32,188 [MainThread  ] [INFO ]  Validation performance at epoch 41 -> 0.29125789004927083
2024-03-06 14:41:39,876 [MainThread  ] [INFO ]  Test performance at epoch 41 -> 0.3090888427291842
2024-03-06 15:02:57,521 [MainThread  ] [INFO ]  Plateau Reached!
2024-03-06 15:04:13,761 [MainThread  ] [INFO ]  Validation performance at epoch 61 -> 0.29296110798691394
2024-03-06 15:04:21,662 [MainThread  ] [INFO ]  Test performance at epoch 61 -> 0.31320975658384487
2024-03-06 15:26:54,876 [MainThread  ] [INFO ]  Validation performance at epoch 81 -> 0.29553130525778337
2024-03-06 15:27:03,012 [MainThread  ] [INFO ]  Test performance at epoch 81 -> 0.31099628827936093
2024-03-06 15:32:40,276 [MainThread  ] [INFO ]  Plateau Reached!
2024-03-06 15:49:34,458 [MainThread  ] [INFO ]  Validation performance at epoch 101 -> 0.2932690029146618
2024-03-06 16:01:58,156 [MainThread  ] [INFO ]  Plateau Reached!
2024-03-06 16:12:09,835 [MainThread  ] [INFO ]  Validation performance at epoch 121 -> 0.29338468602972495
2024-03-06 16:31:17,577 [MainThread  ] [INFO ]  Plateau Reached!
2024-03-06 16:34:46,532 [MainThread  ] [INFO ]  Validation performance at epoch 141 -> 0.29275424586760346
2024-03-06 16:57:22,434 [MainThread  ] [INFO ]  Validation performance at epoch 161 -> 0.29282569130130226
2024-03-06 16:59:37,417 [MainThread  ] [INFO ]  Plateau Reached and no more reduction -> Exiting Loop
2024-03-06 16:59:54,401 [MainThread  ] [INFO ]  Total Execution Time is 11130.166630268097 seconds
