2024-03-07 10:05:07,801 [MainThread  ] [INFO ]  Starting main function
2024-03-07 10:05:07,801 [MainThread  ] [INFO ]  Parameters:
2024-03-07 10:05:07,801 [MainThread  ] [INFO ]   SoccerNet_path : /mnt/patatas_fritas/soccernet-england
2024-03-07 10:05:07,801 [MainThread  ] [INFO ]         features : ResNET_TF2_PCA512.npy
2024-03-07 10:05:07,802 [MainThread  ] [INFO ]       max_epochs : 1000
2024-03-07 10:05:07,802 [MainThread  ] [INFO ]     load_weights : None
2024-03-07 10:05:07,802 [MainThread  ] [INFO ]       model_name : CALF_spain
2024-03-07 10:05:07,802 [MainThread  ] [INFO ]        test_only : True
2024-03-07 10:05:07,802 [MainThread  ] [INFO ]        challenge : False
2024-03-07 10:05:07,802 [MainThread  ] [INFO ]         K_params : None
2024-03-07 10:05:07,802 [MainThread  ] [INFO ]     num_features : 512
2024-03-07 10:05:07,802 [MainThread  ] [INFO ]  chunks_per_epoch : 18000
2024-03-07 10:05:07,802 [MainThread  ] [INFO ]  evaluation_frequency : 20
2024-03-07 10:05:07,802 [MainThread  ] [INFO ]      dim_capsule : 16
2024-03-07 10:05:07,802 [MainThread  ] [INFO ]        framerate : 2
2024-03-07 10:05:07,802 [MainThread  ] [INFO ]       chunk_size : 120
2024-03-07 10:05:07,802 [MainThread  ] [INFO ]  receptive_field : 40
2024-03-07 10:05:07,802 [MainThread  ] [INFO ]     lambda_coord : 5.0
2024-03-07 10:05:07,802 [MainThread  ] [INFO ]     lambda_noobj : 0.5
2024-03-07 10:05:07,802 [MainThread  ] [INFO ]  loss_weight_segmentation : 0.000367
2024-03-07 10:05:07,802 [MainThread  ] [INFO ]  loss_weight_detection : 1.0
2024-03-07 10:05:07,802 [MainThread  ] [INFO ]       batch_size : 32
2024-03-07 10:05:07,802 [MainThread  ] [INFO ]               LR : 0.001
2024-03-07 10:05:07,802 [MainThread  ] [INFO ]         patience : 25
2024-03-07 10:05:07,802 [MainThread  ] [INFO ]              GPU : -1
2024-03-07 10:05:07,802 [MainThread  ] [INFO ]   max_num_worker : 4
2024-03-07 10:05:07,802 [MainThread  ] [INFO ]         loglevel : INFO
2024-03-07 10:05:07,803 [MainThread  ] [INFO ]  Checking/Download features and labels locally
2024-03-07 10:05:07,809 [MainThread  ] [INFO ]  ContextAwareModel(
  (conv_1): Conv2d(1, 128, kernel_size=(1, 512), stride=(1, 1))
  (conv_2): Conv2d(128, 32, kernel_size=(1, 1), stride=(1, 1))
  (pad_p_1): ZeroPad2d(padding=(0, 0, 5, 6), value=0.0)
  (pad_p_2): ZeroPad2d(padding=(0, 0, 13, 13), value=0.0)
  (pad_p_3): ZeroPad2d(padding=(0, 0, 19, 20), value=0.0)
  (pad_p_4): ZeroPad2d(padding=(0, 0, 39, 40), value=0.0)
  (conv_p_1): Conv2d(32, 8, kernel_size=(12, 1), stride=(1, 1))
  (conv_p_2): Conv2d(32, 16, kernel_size=(27, 1), stride=(1, 1))
  (conv_p_3): Conv2d(32, 32, kernel_size=(40, 1), stride=(1, 1))
  (conv_p_4): Conv2d(32, 64, kernel_size=(80, 1), stride=(1, 1))
  (pad_seg): ZeroPad2d(padding=(0, 0, 1, 1), value=0.0)
  (conv_seg): Conv2d(152, 272, kernel_size=(3, 1), stride=(1, 1))
  (batch_seg): BatchNorm2d(240, eps=0.001, momentum=0.01, affine=True, track_running_stats=True)
  (max_pool_spot): MaxPool2d(kernel_size=(3, 1), stride=(2, 1), padding=0, dilation=1, ceil_mode=False)
  (pad_spot_1): ZeroPad2d(padding=(0, 0, 1, 1), value=0.0)
  (conv_spot_1): Conv2d(289, 32, kernel_size=(3, 1), stride=(1, 1))
  (max_pool_spot_1): MaxPool2d(kernel_size=(3, 1), stride=(2, 1), padding=0, dilation=1, ceil_mode=False)
  (pad_spot_2): ZeroPad2d(padding=(0, 0, 1, 1), value=0.0)
  (conv_spot_2): Conv2d(32, 16, kernel_size=(3, 1), stride=(1, 1))
  (max_pool_spot_2): MaxPool2d(kernel_size=(3, 1), stride=(2, 1), padding=0, dilation=1, ceil_mode=False)
  (conv_conf): Conv2d(464, 30, kernel_size=(1, 1), stride=(1, 1))
  (conv_class): Conv2d(464, 255, kernel_size=(1, 1), stride=(1, 1))
  (softmax): Softmax(dim=-1)
)
2024-03-07 10:05:07,809 [MainThread  ] [INFO ]  Total number of parameters: 578245
2024-03-07 10:05:14,875 [MainThread  ] [INFO ]  Metric: loose
2024-03-07 10:05:14,876 [MainThread  ] [INFO ]                        Any    Visible    Unseen
------------------  -----  ---------  --------
Penalty              0          0         0
Kick-off            18.31      15.12     18.88
Goal                37.89      37.91      0
Substitution        13.26      22.34      0.88
Offside              4.74       5.09      0
Shots on target     14.24      14.24      0
Shots off target    13.89      14.06      0
Clearance           26         26.05     29.56
Ball out of play    47.24      47.51     41.97
Throw-in            32.8       35.48     26.14
Foul                28.23      29.04      8.45
Indirect free-kick  18.52      23.84     16.82
Direct free-kick    26.6       26.7       0
Corner              39.37      40.39     32.23
Yellow card         15.02      16.21     12.23
Red card             0          0         0
Yellow->red card     0          0         0
Average mAP         19.77      20.82     14.4
2024-03-07 10:05:17,150 [MainThread  ] [INFO ]  Metric: tight
2024-03-07 10:05:17,150 [MainThread  ] [INFO ]                        Any    Visible    Unseen
------------------  -----  ---------  --------
Penalty              0          0         0
Kick-off             0.81       1.87      0.91
Goal                 8.74       8.74      0
Substitution         1.37       2.53      0.09
Offside              0.71       0.84      0
Shots on target      4.12       4.12      0
Shots off target     5.27       6.1       0
Clearance            4.83       4.99      7.15
Ball out of play    13.43      13.57      4.35
Throw-in             5.81       4.39      6.5
Foul                 6.06       6.39      0
Indirect free-kick   1.75       2.19      2.08
Direct free-kick     5.64       5.64      0
Corner               8.48       8.49     10.44
Yellow card          2.91       3.18      0.83
Red card             0          0         0
Yellow->red card     0          0         0
Average mAP          4.11       4.3       2.49
2024-03-07 10:05:21,736 [MainThread  ] [INFO ]  Total Execution Time is 13.934569120407104 seconds
