2024-03-07 10:08:58,742 [MainThread  ] [INFO ]  Starting main function
2024-03-07 10:08:58,742 [MainThread  ] [INFO ]  Parameters:
2024-03-07 10:08:58,742 [MainThread  ] [INFO ]   SoccerNet_path : /mnt/patatas_fritas/soccernet-italy
2024-03-07 10:08:58,742 [MainThread  ] [INFO ]         features : ResNET_TF2_PCA512.npy
2024-03-07 10:08:58,742 [MainThread  ] [INFO ]       max_epochs : 1000
2024-03-07 10:08:58,742 [MainThread  ] [INFO ]     load_weights : None
2024-03-07 10:08:58,742 [MainThread  ] [INFO ]       model_name : CALF_spain
2024-03-07 10:08:58,742 [MainThread  ] [INFO ]        test_only : True
2024-03-07 10:08:58,742 [MainThread  ] [INFO ]        challenge : False
2024-03-07 10:08:58,742 [MainThread  ] [INFO ]         K_params : None
2024-03-07 10:08:58,742 [MainThread  ] [INFO ]     num_features : 512
2024-03-07 10:08:58,742 [MainThread  ] [INFO ]  chunks_per_epoch : 18000
2024-03-07 10:08:58,742 [MainThread  ] [INFO ]  evaluation_frequency : 20
2024-03-07 10:08:58,742 [MainThread  ] [INFO ]      dim_capsule : 16
2024-03-07 10:08:58,742 [MainThread  ] [INFO ]        framerate : 2
2024-03-07 10:08:58,742 [MainThread  ] [INFO ]       chunk_size : 120
2024-03-07 10:08:58,742 [MainThread  ] [INFO ]  receptive_field : 40
2024-03-07 10:08:58,742 [MainThread  ] [INFO ]     lambda_coord : 5.0
2024-03-07 10:08:58,742 [MainThread  ] [INFO ]     lambda_noobj : 0.5
2024-03-07 10:08:58,742 [MainThread  ] [INFO ]  loss_weight_segmentation : 0.000367
2024-03-07 10:08:58,742 [MainThread  ] [INFO ]  loss_weight_detection : 1.0
2024-03-07 10:08:58,742 [MainThread  ] [INFO ]       batch_size : 32
2024-03-07 10:08:58,743 [MainThread  ] [INFO ]               LR : 0.001
2024-03-07 10:08:58,743 [MainThread  ] [INFO ]         patience : 25
2024-03-07 10:08:58,743 [MainThread  ] [INFO ]              GPU : -1
2024-03-07 10:08:58,743 [MainThread  ] [INFO ]   max_num_worker : 4
2024-03-07 10:08:58,743 [MainThread  ] [INFO ]         loglevel : INFO
2024-03-07 10:08:58,744 [MainThread  ] [INFO ]  Checking/Download features and labels locally
2024-03-07 10:08:58,749 [MainThread  ] [INFO ]  ContextAwareModel(
  (conv_1): Conv2d(1, 128, kernel_size=(1, 512), stride=(1, 1))
  (conv_2): Conv2d(128, 32, kernel_size=(1, 1), stride=(1, 1))
  (pad_p_1): ZeroPad2d(padding=(0, 0, 5, 6), value=0.0)
  (pad_p_2): ZeroPad2d(padding=(0, 0, 13, 13), value=0.0)
  (pad_p_3): ZeroPad2d(padding=(0, 0, 19, 20), value=0.0)
  (pad_p_4): ZeroPad2d(padding=(0, 0, 39, 40), value=0.0)
  (conv_p_1): Conv2d(32, 8, kernel_size=(12, 1), stride=(1, 1))
  (conv_p_2): Conv2d(32, 16, kernel_size=(27, 1), stride=(1, 1))
  (conv_p_3): Conv2d(32, 32, kernel_size=(40, 1), stride=(1, 1))
  (conv_p_4): Conv2d(32, 64, kernel_size=(80, 1), stride=(1, 1))
  (pad_seg): ZeroPad2d(padding=(0, 0, 1, 1), value=0.0)
  (conv_seg): Conv2d(152, 272, kernel_size=(3, 1), stride=(1, 1))
  (batch_seg): BatchNorm2d(240, eps=0.001, momentum=0.01, affine=True, track_running_stats=True)
  (max_pool_spot): MaxPool2d(kernel_size=(3, 1), stride=(2, 1), padding=0, dilation=1, ceil_mode=False)
  (pad_spot_1): ZeroPad2d(padding=(0, 0, 1, 1), value=0.0)
  (conv_spot_1): Conv2d(289, 32, kernel_size=(3, 1), stride=(1, 1))
  (max_pool_spot_1): MaxPool2d(kernel_size=(3, 1), stride=(2, 1), padding=0, dilation=1, ceil_mode=False)
  (pad_spot_2): ZeroPad2d(padding=(0, 0, 1, 1), value=0.0)
  (conv_spot_2): Conv2d(32, 16, kernel_size=(3, 1), stride=(1, 1))
  (max_pool_spot_2): MaxPool2d(kernel_size=(3, 1), stride=(2, 1), padding=0, dilation=1, ceil_mode=False)
  (conv_conf): Conv2d(464, 30, kernel_size=(1, 1), stride=(1, 1))
  (conv_class): Conv2d(464, 255, kernel_size=(1, 1), stride=(1, 1))
  (softmax): Softmax(dim=-1)
)
2024-03-07 10:08:58,750 [MainThread  ] [INFO ]  Total number of parameters: 578245
2024-03-07 10:09:06,670 [MainThread  ] [INFO ]  Metric: loose
2024-03-07 10:09:06,672 [MainThread  ] [INFO ]                        Any    Visible    Unseen
------------------  -----  ---------  --------
Penalty             11.36      12.53      0
Kick-off            19.38      20.68     17.76
Goal                46.42      47.35      0
Substitution        16.21      26.01      4.24
Offside              4.89       5.53      0
Shots on target     16.1       16.1       0
Shots off target     6.1        6.1       0
Clearance           30.1       33.83     23.37
Ball out of play    53.31      53.35     56.42
Throw-in            36.79      38.47     31.7
Foul                36.65      36.69      0
Indirect free-kick  24.31      21.49     33.57
Direct free-kick    19.64      23.34      0
Corner              41.63      43.99     25.19
Yellow card         24.87      27.15      4.95
Red card             0          0         0
Yellow->red card     0          0         0
Average mAP         22.81      24.27     15.17
2024-03-07 10:09:09,179 [MainThread  ] [INFO ]  Metric: tight
2024-03-07 10:09:09,180 [MainThread  ] [INFO ]                        Any    Visible    Unseen
------------------  -----  ---------  --------
Penalty              0          0         0
Kick-off             2.67       5.89      1.01
Goal                14.84      14.96      0
Substitution         1.24       0.94      1.93
Offside              2.69       2.7       0
Shots on target      3.6        3.6       0
Shots off target     2.35       2.35      0
Clearance            2.99       3.91      2.9
Ball out of play     9.95      10.37      7.41
Throw-in             6.88       6.43      8.92
Foul                10.35      10.35      0
Indirect free-kick   3.41       2.14      8.53
Direct free-kick     5.41       6.25      0
Corner               6.94       8.44      6.22
Yellow card          6.04       6.3       1.62
Red card             0          0         0
Yellow->red card     0          0         0
Average mAP          4.67       4.98      2.97
2024-03-07 10:09:14,133 [MainThread  ] [INFO ]  Total Execution Time is 15.391876220703125 seconds
