2024-03-07 10:07:05,256 [MainThread  ] [INFO ]  Starting main function
2024-03-07 10:07:05,256 [MainThread  ] [INFO ]  Parameters:
2024-03-07 10:07:05,256 [MainThread  ] [INFO ]   SoccerNet_path : /mnt/patatas_fritas/soccernet-france
2024-03-07 10:07:05,257 [MainThread  ] [INFO ]         features : ResNET_TF2_PCA512.npy
2024-03-07 10:07:05,257 [MainThread  ] [INFO ]       max_epochs : 1000
2024-03-07 10:07:05,257 [MainThread  ] [INFO ]     load_weights : None
2024-03-07 10:07:05,257 [MainThread  ] [INFO ]       model_name : CALF_spain
2024-03-07 10:07:05,257 [MainThread  ] [INFO ]        test_only : True
2024-03-07 10:07:05,257 [MainThread  ] [INFO ]        challenge : False
2024-03-07 10:07:05,257 [MainThread  ] [INFO ]         K_params : None
2024-03-07 10:07:05,257 [MainThread  ] [INFO ]     num_features : 512
2024-03-07 10:07:05,257 [MainThread  ] [INFO ]  chunks_per_epoch : 18000
2024-03-07 10:07:05,257 [MainThread  ] [INFO ]  evaluation_frequency : 20
2024-03-07 10:07:05,257 [MainThread  ] [INFO ]      dim_capsule : 16
2024-03-07 10:07:05,257 [MainThread  ] [INFO ]        framerate : 2
2024-03-07 10:07:05,258 [MainThread  ] [INFO ]       chunk_size : 120
2024-03-07 10:07:05,258 [MainThread  ] [INFO ]  receptive_field : 40
2024-03-07 10:07:05,258 [MainThread  ] [INFO ]     lambda_coord : 5.0
2024-03-07 10:07:05,258 [MainThread  ] [INFO ]     lambda_noobj : 0.5
2024-03-07 10:07:05,258 [MainThread  ] [INFO ]  loss_weight_segmentation : 0.000367
2024-03-07 10:07:05,258 [MainThread  ] [INFO ]  loss_weight_detection : 1.0
2024-03-07 10:07:05,258 [MainThread  ] [INFO ]       batch_size : 32
2024-03-07 10:07:05,258 [MainThread  ] [INFO ]               LR : 0.001
2024-03-07 10:07:05,258 [MainThread  ] [INFO ]         patience : 25
2024-03-07 10:07:05,258 [MainThread  ] [INFO ]              GPU : -1
2024-03-07 10:07:05,258 [MainThread  ] [INFO ]   max_num_worker : 4
2024-03-07 10:07:05,258 [MainThread  ] [INFO ]         loglevel : INFO
2024-03-07 10:07:05,259 [MainThread  ] [INFO ]  Checking/Download features and labels locally
2024-03-07 10:07:05,265 [MainThread  ] [INFO ]  ContextAwareModel(
  (conv_1): Conv2d(1, 128, kernel_size=(1, 512), stride=(1, 1))
  (conv_2): Conv2d(128, 32, kernel_size=(1, 1), stride=(1, 1))
  (pad_p_1): ZeroPad2d(padding=(0, 0, 5, 6), value=0.0)
  (pad_p_2): ZeroPad2d(padding=(0, 0, 13, 13), value=0.0)
  (pad_p_3): ZeroPad2d(padding=(0, 0, 19, 20), value=0.0)
  (pad_p_4): ZeroPad2d(padding=(0, 0, 39, 40), value=0.0)
  (conv_p_1): Conv2d(32, 8, kernel_size=(12, 1), stride=(1, 1))
  (conv_p_2): Conv2d(32, 16, kernel_size=(27, 1), stride=(1, 1))
  (conv_p_3): Conv2d(32, 32, kernel_size=(40, 1), stride=(1, 1))
  (conv_p_4): Conv2d(32, 64, kernel_size=(80, 1), stride=(1, 1))
  (pad_seg): ZeroPad2d(padding=(0, 0, 1, 1), value=0.0)
  (conv_seg): Conv2d(152, 272, kernel_size=(3, 1), stride=(1, 1))
  (batch_seg): BatchNorm2d(240, eps=0.001, momentum=0.01, affine=True, track_running_stats=True)
  (max_pool_spot): MaxPool2d(kernel_size=(3, 1), stride=(2, 1), padding=0, dilation=1, ceil_mode=False)
  (pad_spot_1): ZeroPad2d(padding=(0, 0, 1, 1), value=0.0)
  (conv_spot_1): Conv2d(289, 32, kernel_size=(3, 1), stride=(1, 1))
  (max_pool_spot_1): MaxPool2d(kernel_size=(3, 1), stride=(2, 1), padding=0, dilation=1, ceil_mode=False)
  (pad_spot_2): ZeroPad2d(padding=(0, 0, 1, 1), value=0.0)
  (conv_spot_2): Conv2d(32, 16, kernel_size=(3, 1), stride=(1, 1))
  (max_pool_spot_2): MaxPool2d(kernel_size=(3, 1), stride=(2, 1), padding=0, dilation=1, ceil_mode=False)
  (conv_conf): Conv2d(464, 30, kernel_size=(1, 1), stride=(1, 1))
  (conv_class): Conv2d(464, 255, kernel_size=(1, 1), stride=(1, 1))
  (softmax): Softmax(dim=-1)
)
2024-03-07 10:07:05,265 [MainThread  ] [INFO ]  Total number of parameters: 578245
2024-03-07 10:07:09,658 [MainThread  ] [INFO ]  Metric: loose
2024-03-07 10:07:09,659 [MainThread  ] [INFO ]                        Any    Visible    Unseen
------------------  -----  ---------  --------
Penalty             52.07      52.07      0
Kick-off            11.56      26.65      9.4
Goal                52.89      52.89      0
Substitution        17.53      24.92      0
Offside             18.62      18.62      0
Shots on target     31.5       31.5       0
Shots off target    16.32      16.32      0
Clearance           19.55       8.72     30.75
Ball out of play    56.29      55.71     72.64
Throw-in            47.48      45.59     60.39
Foul                31.19      32.2      26.83
Indirect free-kick  32.42      38.48     32.46
Direct free-kick     8.68      12.4       0
Corner              27.13      31.4       0
Yellow card         60.28      61.72      0
Red card             0          0         0
Yellow->red card     0          0         0
Average mAP         28.44      29.95     17.88
2024-03-07 10:07:11,329 [MainThread  ] [INFO ]  Metric: tight
2024-03-07 10:07:11,330 [MainThread  ] [INFO ]                        Any    Visible    Unseen
------------------  -----  ---------  --------
Penalty              0          0         0
Kick-off             0          0         0
Goal                20.45      20.45      0
Substitution         0.92       1.38      0
Offside             13.07      13.07      0
Shots on target      6.11       6.11      0
Shots off target     4.55       4.55      0
Clearance            2.25       0.13      4.87
Ball out of play    11.99      11.99     27.84
Throw-in             4.44       3.77     14.35
Foul                12.47      14.3       0
Indirect free-kick   6.59      12.95      3.41
Direct free-kick     0          0         0
Corner               5.49       6.73      0
Yellow card         33.33      33.33      0
Red card             0          0         0
Yellow->red card     0          0         0
Average mAP          7.16       7.57      3.88
2024-03-07 10:07:15,168 [MainThread  ] [INFO ]  Total Execution Time is 9.911216020584106 seconds
