2024-03-07 14:26:57,758 [MainThread  ] [INFO ]  Starting main function
2024-03-07 14:26:57,759 [MainThread  ] [INFO ]  Parameters:
2024-03-07 14:26:57,759 [MainThread  ] [INFO ]   SoccerNet_path : /mnt/patatas_fritas/soccernet-europe_uefa
2024-03-07 14:26:57,759 [MainThread  ] [INFO ]         features : ResNET_TF2_PCA512.npy
2024-03-07 14:26:57,759 [MainThread  ] [INFO ]       max_epochs : 1000
2024-03-07 14:26:57,759 [MainThread  ] [INFO ]     load_weights : None
2024-03-07 14:26:57,759 [MainThread  ] [INFO ]       model_name : NETVLAD_v2_spain
2024-03-07 14:26:57,759 [MainThread  ] [INFO ]        test_only : True
2024-03-07 14:26:57,759 [MainThread  ] [INFO ]      split_train : ['train']
2024-03-07 14:26:57,759 [MainThread  ] [INFO ]      split_valid : ['valid']
2024-03-07 14:26:57,759 [MainThread  ] [INFO ]       split_test : ['test']
2024-03-07 14:26:57,759 [MainThread  ] [INFO ]          version : 2
2024-03-07 14:26:57,759 [MainThread  ] [INFO ]     num_features : 512
2024-03-07 14:26:57,759 [MainThread  ] [INFO ]  evaluation_frequency : 10
2024-03-07 14:26:57,759 [MainThread  ] [INFO ]        framerate : 2
2024-03-07 14:26:57,759 [MainThread  ] [INFO ]       chunk_size : 20
2024-03-07 14:26:57,759 [MainThread  ] [INFO ]             pool : NetVLAD
2024-03-07 14:26:57,759 [MainThread  ] [INFO ]       NMS_window : 20
2024-03-07 14:26:57,759 [MainThread  ] [INFO ]    NMS_threshold : 0.5
2024-03-07 14:26:57,759 [MainThread  ] [INFO ]       batch_size : 256
2024-03-07 14:26:57,759 [MainThread  ] [INFO ]               LR : 0.001
2024-03-07 14:26:57,759 [MainThread  ] [INFO ]              LRe : 1e-06
2024-03-07 14:26:57,759 [MainThread  ] [INFO ]         patience : 10
2024-03-07 14:26:57,759 [MainThread  ] [INFO ]              GPU : -1
2024-03-07 14:26:57,759 [MainThread  ] [INFO ]   max_num_worker : 4
2024-03-07 14:26:57,759 [MainThread  ] [INFO ]         loglevel : INFO
2024-03-07 14:26:57,760 [MainThread  ] [INFO ]  Checking/Download features and labels locally
2024-03-07 14:26:59,326 [MainThread  ] [INFO ]  Model(
  (pool_layer): NetVLAD(
    (conv): Conv2d(512, 64, kernel_size=(1, 1), stride=(1, 1), bias=False)
  )
  (fc): Linear(in_features=32768, out_features=18, bias=True)
  (drop): Dropout(p=0.4, inplace=False)
  (sigm): Sigmoid()
)
2024-03-07 14:26:59,327 [MainThread  ] [INFO ]  Total number of parameters: 655378
2024-03-07 14:26:59,331 [MainThread  ] [INFO ]  Checking/Download features and labels locally
2024-03-07 14:27:33,072 [MainThread  ] [INFO ]  Metric: loose
2024-03-07 14:27:33,074 [MainThread  ] [INFO ]                        Any    Visible    Unseen
------------------  -----  ---------  --------
Penalty              5.79       5.79      0
Kick-off            18.58      32.81     16.1
Goal                27.86      27.86      0
Substitution        19.72      19.44     23.8
Offside              0          0         0
Shots on target      8.72       8.72      0
Shots off target     4.42       4.42      0
Clearance           13.91      21.52      8.71
Ball out of play    28.84      29.39     24.75
Throw-in            26.62      27.32     24.44
Foul                14.91      14.99      0
Indirect free-kick   6.71       6.4       9.09
Direct free-kick    13.23      13.23      0
Corner              32.82      33.05     25.21
Yellow card         23.85      25.86      0
Red card             0          0         0
Yellow->red card     0          0         0
Average mAP         14.47      15.93     10.16
2024-03-07 14:27:35,275 [MainThread  ] [INFO ]  Metric: tight
2024-03-07 14:27:35,276 [MainThread  ] [INFO ]                        Any    Visible    Unseen
------------------  -----  ---------  --------
Penalty              0          0         0
Kick-off             4.72       9.33      1.26
Goal                 1.55       1.55      0
Substitution         8.65       8.24      3.98
Offside              0          0         0
Shots on target      0.56       0.56      0
Shots off target     1.59       1.59      0
Clearance            3.26       3.79      0.47
Ball out of play     2.8        3.24      2.11
Throw-in             2.44       2.4       5.12
Foul                 8.97       9.69      0
Indirect free-kick   1.92       1.49      9.09
Direct free-kick     0.81       0.81      0
Corner               3.33       3.37      0
Yellow card          3.35       3.35      0
Red card             0          0         0
Yellow->red card     0          0         0
Average mAP          2.59       2.91      1.69
2024-03-07 14:27:35,276 [MainThread  ] [INFO ]  Best Performance at end of training 
2024-03-07 14:27:35,276 [MainThread  ] [INFO ]  a_mAP visibility all: 0.02585112978878179
2024-03-07 14:27:35,276 [MainThread  ] [INFO ]  a_mAP visibility all per class: [0.0, 0.047215108834827144, 0.01553030303030303, 0.08653499278499278, 0.0, 0.005566801619433199, 0.01590909090909091, 0.03257575757575758, 0.027952961237029957, 0.0243638175197029, 0.0896701982228298, 0.019230769230769232, 0.008116883116883116, 0.03334138428093489, 0.033461138046735873, 0.0, 0.0]
2024-03-07 14:27:35,276 [MainThread  ] [INFO ]  a_mAP visibility visible: 0.029068435198499318
2024-03-07 14:27:35,276 [MainThread  ] [INFO ]  a_mAP visibility visible per class: [0.0, 0.09334415584415584, 0.01553030303030303, 0.08238636363636365, 0.0, 0.005566801619433199, 0.01590909090909091, 0.03787878787878788, 0.032379745149033176, 0.02404788269325714, 0.09688764294027452, 0.014898989898989901, 0.008116883116883116, 0.033704883091699646, 0.03351186856621639, 0.0, 0.0]
2024-03-07 14:27:35,276 [MainThread  ] [INFO ]  a_mAP visibility unshown: 0.01694595966177759
2024-03-07 14:27:35,276 [MainThread  ] [INFO ]  a_mAP visibility unshown per class: [0.0, 0.012556818181818183, 0.0, 0.03977272727272727, 0.0, 0.0, 0.0, 0.004734848484848484, 0.021103896103896104, 0.051220094650727716, 0.0, 0.09090909090909091, 0.0, 0.0, 0.0, 0.0, 0.0]
2024-03-07 14:27:35,277 [MainThread  ] [INFO ]  Total Execution Time is 37.51810073852539 seconds
