2024-03-07 13:23:04,066 [MainThread  ] [INFO ]  Starting main function
2024-03-07 13:23:04,066 [MainThread  ] [INFO ]  Parameters:
2024-03-07 13:23:04,066 [MainThread  ] [INFO ]   SoccerNet_path : /mnt/patatas_fritas/soccernet-england
2024-03-07 13:23:04,066 [MainThread  ] [INFO ]         features : ResNET_TF2_PCA512.npy
2024-03-07 13:23:04,066 [MainThread  ] [INFO ]       max_epochs : 1000
2024-03-07 13:23:04,066 [MainThread  ] [INFO ]     load_weights : None
2024-03-07 13:23:04,066 [MainThread  ] [INFO ]       model_name : MAXPOOL_v2
2024-03-07 13:23:04,066 [MainThread  ] [INFO ]        test_only : True
2024-03-07 13:23:04,066 [MainThread  ] [INFO ]      split_train : ['train']
2024-03-07 13:23:04,066 [MainThread  ] [INFO ]      split_valid : ['valid']
2024-03-07 13:23:04,066 [MainThread  ] [INFO ]       split_test : ['test']
2024-03-07 13:23:04,066 [MainThread  ] [INFO ]          version : 2
2024-03-07 13:23:04,066 [MainThread  ] [INFO ]     num_features : 512
2024-03-07 13:23:04,066 [MainThread  ] [INFO ]  evaluation_frequency : 10
2024-03-07 13:23:04,066 [MainThread  ] [INFO ]        framerate : 2
2024-03-07 13:23:04,066 [MainThread  ] [INFO ]       chunk_size : 20
2024-03-07 13:23:04,066 [MainThread  ] [INFO ]             pool : MAX
2024-03-07 13:23:04,067 [MainThread  ] [INFO ]       NMS_window : 20
2024-03-07 13:23:04,067 [MainThread  ] [INFO ]    NMS_threshold : 0.0
2024-03-07 13:23:04,067 [MainThread  ] [INFO ]       batch_size : 256
2024-03-07 13:23:04,067 [MainThread  ] [INFO ]               LR : 0.001
2024-03-07 13:23:04,067 [MainThread  ] [INFO ]              LRe : 1e-06
2024-03-07 13:23:04,067 [MainThread  ] [INFO ]         patience : 10
2024-03-07 13:23:04,067 [MainThread  ] [INFO ]              GPU : -1
2024-03-07 13:23:04,067 [MainThread  ] [INFO ]   max_num_worker : 4
2024-03-07 13:23:04,067 [MainThread  ] [INFO ]         loglevel : INFO
2024-03-07 13:23:04,068 [MainThread  ] [INFO ]  Checking/Download features and labels locally
2024-03-07 13:23:05,663 [MainThread  ] [INFO ]  Model(
  (pool_layer): MaxPool1d(kernel_size=40, stride=1, padding=0, dilation=1, ceil_mode=False)
  (fc): Linear(in_features=512, out_features=18, bias=True)
  (drop): Dropout(p=0.4, inplace=False)
  (sigm): Sigmoid()
)
2024-03-07 13:23:05,663 [MainThread  ] [INFO ]  Total number of parameters: 9234
2024-03-07 13:23:05,666 [MainThread  ] [INFO ]  Checking/Download features and labels locally
2024-03-07 13:23:29,376 [MainThread  ] [INFO ]  Metric: loose
2024-03-07 13:23:29,377 [MainThread  ] [INFO ]                        Any    Visible    Unseen
------------------  -----  ---------  --------
Penalty              0.02       0.44      0
Kick-off            34.36      33.05     35.89
Goal                18.16      19.11      0
Substitution        35.09      44.54      5.4
Offside              2.1        2.66      0
Shots on target     11.01      11.01      0
Shots off target    13.21      13.39     12.47
Clearance           15.63      13.45     19.23
Ball out of play    39.5       39.13     51.45
Throw-in            38.64      45.95     23.8
Foul                26.18      26.37     21
Indirect free-kick  16.84      16.26     14.81
Direct free-kick    12.42      13.94      0.37
Corner              26.68      27.23     32.01
Yellow card         11         14.03      4.32
Red card             0.02       0.41      0
Yellow->red card     0.02       0.38      0
Average mAP         17.7       18.9      16.98
2024-03-07 13:23:32,821 [MainThread  ] [INFO ]  Metric: tight
2024-03-07 13:23:32,821 [MainThread  ] [INFO ]                        Any    Visible    Unseen
------------------  -----  ---------  --------
Penalty              0          0.08      0
Kick-off            21.25      23.69     20.48
Goal                 1.23       1.4       0
Substitution         3.66       4.81      0.64
Offside              0.27       0.36      0
Shots on target      0.63       0.63      0
Shots off target     0.58       0.6       0
Clearance            0.84       0.63      1.32
Ball out of play     8.21       8.2       3.67
Throw-in             3          3.43      2.08
Foul                 2.01       2.04      1.43
Indirect free-kick   0.38       0.32      0.61
Direct free-kick     0.61       0.66      0.05
Corner               3.13       3.51      2.47
Yellow card          0.34       0.38      0.45
Red card             0          0         0
Yellow->red card     0          0         0
Average mAP          2.71       2.98      2.55
2024-03-07 13:23:32,822 [MainThread  ] [INFO ]  Best Performance at end of training 
2024-03-07 13:23:32,823 [MainThread  ] [INFO ]  a_mAP visibility all: 0.027138751454732706
2024-03-07 13:23:32,823 [MainThread  ] [INFO ]  a_mAP visibility all per class: [4.2502068433997124e-05, 0.2124882816560119, 0.012298917174295217, 0.036550282046702284, 0.002685424736611349, 0.006321261670484353, 0.005780979140798247, 0.008442056892725702, 0.08209186245345551, 0.02996780405523154, 0.02014688873234322, 0.0037748806217316154, 0.006058779592625867, 0.031347356722459974, 0.0033614971665451784, 0.0, 0.0]
2024-03-07 13:23:32,823 [MainThread  ] [INFO ]  a_mAP visibility visible: 0.029842518920914315
2024-03-07 13:23:32,823 [MainThread  ] [INFO ]  a_mAP visibility visible per class: [0.0007712875359934185, 0.23691748008830724, 0.014013249588767908, 0.04809996545066551, 0.0035527700766200426, 0.006321261670484353, 0.005963303423082202, 0.006328614963597519, 0.08200899975518541, 0.0342657023265288, 0.020371606950239755, 0.003244796895750417, 0.0066265847175998845, 0.0350542281749574, 0.003782970037763504, 0.0, 0.0]
2024-03-07 13:23:32,823 [MainThread  ] [INFO ]  a_mAP visibility unshown: 0.025532153572731572
2024-03-07 13:23:32,823 [MainThread  ] [INFO ]  a_mAP visibility unshown per class: [0.0, 0.20481282923439725, 0.0, 0.006368251360212083, 0.0, 0.0, 0.0, 0.013160207697165704, 0.036742938222737165, 0.020825767035293763, 0.014257049733398832, 0.00605897863659721, 0.0005088195386702849, 0.024669937707863403, 0.004513217279174726, 0.0, 0.0]
2024-03-07 13:23:32,823 [MainThread  ] [INFO ]  Total Execution Time is 28.757240056991577 seconds
