2024-03-07 14:10:04,501 [MainThread  ] [INFO ]  Starting main function
2024-03-07 14:10:04,502 [MainThread  ] [INFO ]  Parameters:
2024-03-07 14:10:04,502 [MainThread  ] [INFO ]   SoccerNet_path : /mnt/patatas_fritas/soccernet-germany
2024-03-07 14:10:04,502 [MainThread  ] [INFO ]         features : ResNET_TF2_PCA512.npy
2024-03-07 14:10:04,502 [MainThread  ] [INFO ]       max_epochs : 1000
2024-03-07 14:10:04,502 [MainThread  ] [INFO ]     load_weights : None
2024-03-07 14:10:04,502 [MainThread  ] [INFO ]       model_name : NETVLAD_v2_england
2024-03-07 14:10:04,502 [MainThread  ] [INFO ]        test_only : True
2024-03-07 14:10:04,502 [MainThread  ] [INFO ]      split_train : ['train']
2024-03-07 14:10:04,502 [MainThread  ] [INFO ]      split_valid : ['valid']
2024-03-07 14:10:04,502 [MainThread  ] [INFO ]       split_test : ['test']
2024-03-07 14:10:04,502 [MainThread  ] [INFO ]          version : 2
2024-03-07 14:10:04,502 [MainThread  ] [INFO ]     num_features : 512
2024-03-07 14:10:04,502 [MainThread  ] [INFO ]  evaluation_frequency : 10
2024-03-07 14:10:04,502 [MainThread  ] [INFO ]        framerate : 2
2024-03-07 14:10:04,502 [MainThread  ] [INFO ]       chunk_size : 20
2024-03-07 14:10:04,502 [MainThread  ] [INFO ]             pool : NetVLAD
2024-03-07 14:10:04,502 [MainThread  ] [INFO ]       NMS_window : 20
2024-03-07 14:10:04,502 [MainThread  ] [INFO ]    NMS_threshold : 0.5
2024-03-07 14:10:04,502 [MainThread  ] [INFO ]       batch_size : 256
2024-03-07 14:10:04,502 [MainThread  ] [INFO ]               LR : 0.001
2024-03-07 14:10:04,502 [MainThread  ] [INFO ]              LRe : 1e-06
2024-03-07 14:10:04,502 [MainThread  ] [INFO ]         patience : 10
2024-03-07 14:10:04,502 [MainThread  ] [INFO ]              GPU : -1
2024-03-07 14:10:04,502 [MainThread  ] [INFO ]   max_num_worker : 4
2024-03-07 14:10:04,502 [MainThread  ] [INFO ]         loglevel : INFO
2024-03-07 14:10:04,503 [MainThread  ] [INFO ]  Checking/Download features and labels locally
2024-03-07 14:10:06,093 [MainThread  ] [INFO ]  Model(
  (pool_layer): NetVLAD(
    (conv): Conv2d(512, 64, kernel_size=(1, 1), stride=(1, 1), bias=False)
  )
  (fc): Linear(in_features=32768, out_features=18, bias=True)
  (drop): Dropout(p=0.4, inplace=False)
  (sigm): Sigmoid()
)
2024-03-07 14:10:06,093 [MainThread  ] [INFO ]  Total number of parameters: 655378
2024-03-07 14:10:06,097 [MainThread  ] [INFO ]  Checking/Download features and labels locally
2024-03-07 14:10:32,545 [MainThread  ] [INFO ]  Metric: loose
2024-03-07 14:10:32,546 [MainThread  ] [INFO ]                        Any    Visible    Unseen
------------------  -----  ---------  --------
Penalty              0          0         0
Kick-off             7.12       9.43      7.62
Goal                 7.02       7.02      0
Substitution        55.62      59.03     26.77
Offside              0          0         0
Shots on target      3.94       4.19      0
Shots off target     9.09       9.09      0
Clearance           14.31      14.92      6.16
Ball out of play    28.74      28.82     24.84
Throw-in            27.35      28.39     21.19
Foul                 8.4        8.4       0
Indirect free-kick   2.89       2.89      0
Direct free-kick    11.25      11.25      0
Corner              33.36      34.58      3.1
Yellow card          9.09       9.09      0
Red card             0          0         0
Yellow->red card     0          0         0
Average mAP         12.83      13.36      6.9
2024-03-07 14:10:34,554 [MainThread  ] [INFO ]  Metric: tight
2024-03-07 14:10:34,555 [MainThread  ] [INFO ]                        Any    Visible    Unseen
------------------  -----  ---------  --------
Penalty              0          0         0
Kick-off             2.87       1.82      3.11
Goal                 0          0         0
Substitution        17.79      22.27      7.59
Offside              0          0         0
Shots on target      1.07       1.14      0
Shots off target     2.88       2.88      0
Clearance            1.17       1.28      0.76
Ball out of play     2.28       2.38      3.22
Throw-in             9.64       9.69      1.6
Foul                 1.97       1.97      0
Indirect free-kick   0          0         0
Direct free-kick     1.14       1.14      0
Corner               9.09       9.3       0
Yellow card          1.14       1.14      0
Red card             0          0         0
Yellow->red card     0          0         0
Average mAP          3          3.24      1.25
2024-03-07 14:10:34,556 [MainThread  ] [INFO ]  Best Performance at end of training 
2024-03-07 14:10:34,556 [MainThread  ] [INFO ]  a_mAP visibility all: 0.03002403087478641
2024-03-07 14:10:34,556 [MainThread  ] [INFO ]  a_mAP visibility all per class: [0.0, 0.028687177672160988, 0.0, 0.17793829835995745, 0.0, 0.010695187165775399, 0.028787878787878786, 0.011732585596221961, 0.022809643378484984, 0.09642442057755607, 0.019696969696969695, 0.0, 0.011363636363636364, 0.09090909090909091, 0.011363636363636364, 0.0, 0.0]
2024-03-07 14:10:34,556 [MainThread  ] [INFO ]  a_mAP visibility visible: 0.03235867625605422
2024-03-07 14:10:34,556 [MainThread  ] [INFO ]  a_mAP visibility visible per class: [0.0, 0.018181818181818184, 0.0, 0.2226914577576492, 0.0, 0.011363636363636364, 0.028787878787878786, 0.012849650349650351, 0.02382308975232114, 0.09694798775883777, 0.019696969696969695, 0.0, 0.011363636363636364, 0.09302773497688752, 0.011363636363636364, 0.0, 0.0]
2024-03-07 14:10:34,556 [MainThread  ] [INFO ]  a_mAP visibility unshown: 0.012519214853773676
2024-03-07 14:10:34,556 [MainThread  ] [INFO ]  a_mAP visibility unshown per class: [0.0, 0.031139315230224326, 0.0, 0.0759090909090909, 0.0, 0.0, 0.0, 0.007575757575757575, 0.032150127613028684, 0.015975501770956316, 0.0, 0.0, 0.0, 0.0, 0.0, 0.0, 0.0]
2024-03-07 14:10:34,556 [MainThread  ] [INFO ]  Total Execution Time is 30.054678440093994 seconds
