2024-03-05 21:41:32,934 [MainThread  ] [INFO ]  Starting main function
2024-03-05 21:41:32,934 [MainThread  ] [INFO ]  Parameters:
2024-03-05 21:41:32,934 [MainThread  ] [INFO ]   SoccerNet_path : /mnt/patatas_fritas/soccernet-england
2024-03-05 21:41:32,934 [MainThread  ] [INFO ]         features : ResNET_TF2_PCA512.npy
2024-03-05 21:41:32,934 [MainThread  ] [INFO ]       max_epochs : 1000
2024-03-05 21:41:32,934 [MainThread  ] [INFO ]     load_weights : None
2024-03-05 21:41:32,934 [MainThread  ] [INFO ]       model_name : NETVLAD_v2_england
2024-03-05 21:41:32,934 [MainThread  ] [INFO ]        test_only : False
2024-03-05 21:41:32,934 [MainThread  ] [INFO ]      split_train : ['train']
2024-03-05 21:41:32,934 [MainThread  ] [INFO ]      split_valid : ['valid']
2024-03-05 21:41:32,934 [MainThread  ] [INFO ]       split_test : ['test']
2024-03-05 21:41:32,934 [MainThread  ] [INFO ]          version : 2
2024-03-05 21:41:32,934 [MainThread  ] [INFO ]     num_features : 512
2024-03-05 21:41:32,934 [MainThread  ] [INFO ]  evaluation_frequency : 10
2024-03-05 21:41:32,934 [MainThread  ] [INFO ]        framerate : 2
2024-03-05 21:41:32,934 [MainThread  ] [INFO ]       chunk_size : 20
2024-03-05 21:41:32,934 [MainThread  ] [INFO ]             pool : NetVLAD
2024-03-05 21:41:32,934 [MainThread  ] [INFO ]       NMS_window : 20
2024-03-05 21:41:32,934 [MainThread  ] [INFO ]    NMS_threshold : 0.5
2024-03-05 21:41:32,934 [MainThread  ] [INFO ]       batch_size : 256
2024-03-05 21:41:32,934 [MainThread  ] [INFO ]               LR : 0.001
2024-03-05 21:41:32,934 [MainThread  ] [INFO ]              LRe : 1e-06
2024-03-05 21:41:32,934 [MainThread  ] [INFO ]         patience : 10
2024-03-05 21:41:32,934 [MainThread  ] [INFO ]              GPU : -1
2024-03-05 21:41:32,934 [MainThread  ] [INFO ]   max_num_worker : 4
2024-03-05 21:41:32,934 [MainThread  ] [INFO ]         loglevel : INFO
2024-03-05 21:41:32,936 [MainThread  ] [INFO ]  Checking/Download features and labels locally
2024-03-05 21:41:32,936 [MainThread  ] [INFO ]  Pre-compute clips
2024-03-05 21:41:33,606 [MainThread  ] [INFO ]  Checking/Download features and labels locally
2024-03-05 21:41:33,606 [MainThread  ] [INFO ]  Pre-compute clips
2024-03-05 21:41:33,817 [MainThread  ] [INFO ]  Checking/Download features and labels locally
2024-03-05 21:41:33,817 [MainThread  ] [INFO ]  Pre-compute clips
2024-03-05 21:41:34,016 [MainThread  ] [INFO ]  Checking/Download features and labels locally
2024-03-05 21:41:35,462 [MainThread  ] [INFO ]  Model(
  (pool_layer): NetVLAD(
    (conv): Conv2d(512, 64, kernel_size=(1, 1), stride=(1, 1), bias=False)
  )
  (fc): Linear(in_features=32768, out_features=18, bias=True)
  (drop): Dropout(p=0.4, inplace=False)
  (sigm): Sigmoid()
)
2024-03-05 21:41:35,463 [MainThread  ] [INFO ]  Total number of parameters: 655378
2024-03-05 21:41:35,463 [MainThread  ] [INFO ]  start training
2024-03-05 21:42:46,936 [MainThread  ] [INFO ]  Validation performance at epoch 11 -> 0.09879963572271547
2024-03-05 21:43:51,808 [MainThread  ] [INFO ]  Validation performance at epoch 21 -> 0.115739939756535
2024-03-05 21:44:56,706 [MainThread  ] [INFO ]  Validation performance at epoch 31 -> 0.16703518079945207
2024-03-05 21:46:01,667 [MainThread  ] [INFO ]  Validation performance at epoch 41 -> 0.21831789122803205
2024-03-05 21:47:06,553 [MainThread  ] [INFO ]  Validation performance at epoch 51 -> 0.25103796261356887
2024-03-05 21:48:11,484 [MainThread  ] [INFO ]  Validation performance at epoch 61 -> 0.27344969272146097
2024-03-05 21:49:16,474 [MainThread  ] [INFO ]  Validation performance at epoch 71 -> 0.289125819056498
2024-03-05 21:50:21,475 [MainThread  ] [INFO ]  Validation performance at epoch 81 -> 0.30060086043602324
2024-03-05 21:51:26,521 [MainThread  ] [INFO ]  Validation performance at epoch 91 -> 0.3108181376115242
2024-03-05 21:52:31,502 [MainThread  ] [INFO ]  Validation performance at epoch 101 -> 0.3186530386161178
2024-03-05 21:53:36,349 [MainThread  ] [INFO ]  Validation performance at epoch 111 -> 0.3256678499120175
2024-03-05 21:54:41,411 [MainThread  ] [INFO ]  Validation performance at epoch 121 -> 0.33173940750819936
2024-03-05 21:55:46,439 [MainThread  ] [INFO ]  Validation performance at epoch 131 -> 0.33623941644912964
2024-03-05 21:56:51,358 [MainThread  ] [INFO ]  Validation performance at epoch 141 -> 0.3416855668623875
2024-03-05 21:57:56,328 [MainThread  ] [INFO ]  Validation performance at epoch 151 -> 0.34481256581932096
2024-03-05 21:59:01,395 [MainThread  ] [INFO ]  Validation performance at epoch 161 -> 0.3486779604571118
2024-03-05 21:59:27,104 [MainThread  ] [INFO ]  Plateau Reached!
2024-03-05 22:00:06,472 [MainThread  ] [INFO ]  Validation performance at epoch 171 -> 0.35062794858456997
2024-03-05 22:01:11,396 [MainThread  ] [INFO ]  Validation performance at epoch 181 -> 0.3509968190404911
2024-03-05 22:02:16,406 [MainThread  ] [INFO ]  Validation performance at epoch 191 -> 0.3513890694439966
2024-03-05 22:03:01,234 [MainThread  ] [INFO ]  Plateau Reached!
2024-03-05 22:03:21,334 [MainThread  ] [INFO ]  Validation performance at epoch 201 -> 0.35201805433666605
2024-03-05 22:04:12,491 [MainThread  ] [INFO ]  Plateau Reached!
2024-03-05 22:04:26,212 [MainThread  ] [INFO ]  Validation performance at epoch 211 -> 0.35203074783634836
2024-03-05 22:05:23,789 [MainThread  ] [INFO ]  Plateau Reached!
2024-03-05 22:05:31,058 [MainThread  ] [INFO ]  Validation performance at epoch 221 -> 0.352036375894106
2024-03-05 22:06:35,937 [MainThread  ] [INFO ]  Validation performance at epoch 231 -> 0.3520433037075949
2024-03-05 22:06:35,937 [MainThread  ] [INFO ]  Plateau Reached!
2024-03-05 22:07:40,932 [MainThread  ] [INFO ]  Validation performance at epoch 241 -> 0.3520434971346185
2024-03-05 22:07:40,932 [MainThread  ] [INFO ]  Plateau Reached and no more reduction -> Exiting Loop
2024-03-05 22:07:40,939 [MainThread  ] [INFO ]  Checking/Download features and labels locally
2024-03-05 22:10:14,113 [MainThread  ] [INFO ]  Best Performance at end of training 
2024-03-05 22:10:14,113 [MainThread  ] [INFO ]  a_mAP visibility all: 0.04520280782837796
2024-03-05 22:10:14,113 [MainThread  ] [INFO ]  a_mAP visibility all per class: [0.09460227272727272, 0.1773567974993627, 0.050066782137760266, 0.06943737993258949, 0.02719980219463797, 0.025184275184275184, 0.020291837036772127, 0.0644425203579184, 0.051700436497280844, 0.04208939803820475, 0.04918867309308024, 0.029829545454545452, 0.008125974191266287, 0.03897579822705102, 0.019956240510407994, 0.0, 0.0]
2024-03-05 22:10:14,113 [MainThread  ] [INFO ]  a_mAP visibility visible: 0.04990911301823028
2024-03-05 22:10:14,113 [MainThread  ] [INFO ]  a_mAP visibility visible per class: [0.09460227272727272, 0.24840133294994066, 0.05007714537617555, 0.07934520213889991, 0.027618371212121212, 0.02439164370982553, 0.02027710620113969, 0.07176584940849565, 0.05168593391933796, 0.04428677131498396, 0.049252272301564995, 0.016742424242424246, 0.008166687584543083, 0.03882482961522635, 0.023017078607963447, 0.0, 0.0]
2024-03-05 22:10:14,113 [MainThread  ] [INFO ]  a_mAP visibility unshown: 0.06607701347574256
2024-03-05 22:10:14,113 [MainThread  ] [INFO ]  a_mAP visibility unshown per class: [0.0, 0.162836672340408, 0.0, 0.019570707070707072, 0.0, 0.14772727272727273, 0.22727272727272727, 0.08051257253384914, 0.0363055667490792, 0.03895143531750766, 0.017045454545454544, 0.09090909090909091, 0.009469696969696968, 0.024848842385223557, 0.0035511363636363635, 0.0, 0.0]
2024-03-05 22:10:14,117 [MainThread  ] [INFO ]  Total Execution Time is 1721.1838595867157 seconds
