2024-03-07 12:07:43,149 [MainThread  ] [INFO ]  Starting main function
2024-03-07 12:07:43,149 [MainThread  ] [INFO ]  Parameters:
2024-03-07 12:07:43,149 [MainThread  ] [INFO ]   SoccerNet_path : /mnt/patatas_fritas/soccernet-italy
2024-03-07 12:07:43,150 [MainThread  ] [INFO ]         features : ResNET_TF2_PCA512.npy
2024-03-07 12:07:43,150 [MainThread  ] [INFO ]       max_epochs : 1000
2024-03-07 12:07:43,150 [MainThread  ] [INFO ]     load_weights : None
2024-03-07 12:07:43,150 [MainThread  ] [INFO ]       model_name : MAXPOOL_v2_germany
2024-03-07 12:07:43,150 [MainThread  ] [INFO ]        test_only : True
2024-03-07 12:07:43,150 [MainThread  ] [INFO ]      split_train : ['train']
2024-03-07 12:07:43,150 [MainThread  ] [INFO ]      split_valid : ['valid']
2024-03-07 12:07:43,150 [MainThread  ] [INFO ]       split_test : ['test']
2024-03-07 12:07:43,150 [MainThread  ] [INFO ]          version : 2
2024-03-07 12:07:43,150 [MainThread  ] [INFO ]     num_features : 512
2024-03-07 12:07:43,150 [MainThread  ] [INFO ]  evaluation_frequency : 10
2024-03-07 12:07:43,150 [MainThread  ] [INFO ]        framerate : 2
2024-03-07 12:07:43,150 [MainThread  ] [INFO ]       chunk_size : 20
2024-03-07 12:07:43,150 [MainThread  ] [INFO ]             pool : MAX
2024-03-07 12:07:43,150 [MainThread  ] [INFO ]       NMS_window : 20
2024-03-07 12:07:43,150 [MainThread  ] [INFO ]    NMS_threshold : 0.0
2024-03-07 12:07:43,150 [MainThread  ] [INFO ]       batch_size : 256
2024-03-07 12:07:43,150 [MainThread  ] [INFO ]               LR : 0.001
2024-03-07 12:07:43,150 [MainThread  ] [INFO ]              LRe : 1e-06
2024-03-07 12:07:43,150 [MainThread  ] [INFO ]         patience : 10
2024-03-07 12:07:43,150 [MainThread  ] [INFO ]              GPU : -1
2024-03-07 12:07:43,150 [MainThread  ] [INFO ]   max_num_worker : 4
2024-03-07 12:07:43,151 [MainThread  ] [INFO ]         loglevel : INFO
2024-03-07 12:07:43,151 [MainThread  ] [INFO ]  Checking/Download features and labels locally
2024-03-07 12:07:44,734 [MainThread  ] [INFO ]  Model(
  (pool_layer): MaxPool1d(kernel_size=40, stride=1, padding=0, dilation=1, ceil_mode=False)
  (fc): Linear(in_features=512, out_features=18, bias=True)
  (drop): Dropout(p=0.4, inplace=False)
  (sigm): Sigmoid()
)
2024-03-07 12:07:44,734 [MainThread  ] [INFO ]  Total number of parameters: 9234
2024-03-07 12:07:44,736 [MainThread  ] [INFO ]  Checking/Download features and labels locally
2024-03-07 12:08:13,888 [MainThread  ] [INFO ]  Metric: loose
2024-03-07 12:08:13,889 [MainThread  ] [INFO ]                        Any    Visible    Unseen
------------------  -----  ---------  --------
Penalty              1.01       4.47      0
Kick-off            16.32      23.28      6.78
Goal                 1.9        2.54      0
Substitution        17.46      23.73      2.52
Offside              1.33       1.71      0.53
Shots on target     10.55      10.55      0
Shots off target    12.37      12.57      0
Clearance            6.65       7.7       5.81
Ball out of play    31.5       32.09     25.83
Throw-in            25.35      28.25     12.85
Foul                13.81      13.84      4.42
Indirect free-kick  11.29      11.97     10.51
Direct free-kick    13.21      16.19      0
Corner              16.69      17.48      6.63
Yellow card          4.76       5.12      0.95
Red card             0.02       0.36      0
Yellow->red card     0.07       0.96      0
Average mAP         10.84      12.52      5.91
2024-03-07 12:08:17,771 [MainThread  ] [INFO ]  Metric: tight
2024-03-07 12:08:17,772 [MainThread  ] [INFO ]                        Any    Visible    Unseen
------------------  -----  ---------  --------
Penalty              0.08       0.36      0
Kick-off             5.29       6.04      5.64
Goal                 0.2        0.27      0
Substitution         1.7        2.2       0.1
Offside              0.05       0.05      0.52
Shots on target      0.32       0.32      0
Shots off target     0.21       0.22      0
Clearance            0.45       0.5       0.43
Ball out of play     1.49       1.36      3.25
Throw-in             3.27       3.32      0.9
Foul                 0.63       0.63      0
Indirect free-kick   0.68       0.82      0.79
Direct free-kick     0.19       0.26      0
Corner               1.84       1.88      0.4
Yellow card          0.09       0.11      0.02
Red card             0          0.07      0
Yellow->red card     0.01       0.14      0
Average mAP          0.97       1.09      0.93
2024-03-07 12:08:17,773 [MainThread  ] [INFO ]  Best Performance at end of training 
2024-03-07 12:08:17,773 [MainThread  ] [INFO ]  a_mAP visibility all: 0.009707399321127842
2024-03-07 12:08:17,773 [MainThread  ] [INFO ]  a_mAP visibility all per class: [0.0007810301153954405, 0.05292063620224578, 0.0020204140370562963, 0.016998802558160428, 0.0005011502996677567, 0.0031545207807172414, 0.002102730347578139, 0.004451199945079682, 0.014897684853683006, 0.032746044187828824, 0.006301036890921366, 0.006777114531120392, 0.0019242949477438639, 0.018397976316096607, 0.0009223816898390551, 3.515251504527644e-05, 9.361824099415638e-05]
2024-03-07 12:08:17,773 [MainThread  ] [INFO ]  a_mAP visibility visible: 0.01091371671169111
2024-03-07 12:08:17,773 [MainThread  ] [INFO ]  a_mAP visibility visible per class: [0.0035595087590300726, 0.06043464234975565, 0.002726445289226875, 0.022020088422722697, 0.00047734435669239344, 0.0031545207807172414, 0.0021791484607540336, 0.005024840984118524, 0.013630604547535235, 0.03318086716264598, 0.006305848795418511, 0.00823249427469191, 0.0026175085288191874, 0.018793859117753536, 0.0010874829119793693, 0.0007443429932512901, 0.0013636363636363637]
2024-03-07 12:08:17,773 [MainThread  ] [INFO ]  a_mAP visibility unshown: 0.00927243970713466
2024-03-07 12:08:17,773 [MainThread  ] [INFO ]  a_mAP visibility unshown per class: [0.0, 0.05643349645226139, 0.0, 0.0010357402363244859, 0.005184511039311978, 0.0, 0.0, 0.004296591386755321, 0.032501886382502884, 0.009004512648643166, 0.0, 0.007880297598373337, 0.0, 0.003964874058534329, 0.00023980639004366356, 0.0, 0.0]
2024-03-07 12:08:17,773 [MainThread  ] [INFO ]  Total Execution Time is 34.62394165992737 seconds
