2024-03-07 12:04:39,732 [MainThread  ] [INFO ]  Starting main function
2024-03-07 12:04:39,733 [MainThread  ] [INFO ]  Parameters:
2024-03-07 12:04:39,733 [MainThread  ] [INFO ]   SoccerNet_path : /mnt/patatas_fritas/soccernet-europe_uefa
2024-03-07 12:04:39,733 [MainThread  ] [INFO ]         features : ResNET_TF2_PCA512.npy
2024-03-07 12:04:39,733 [MainThread  ] [INFO ]       max_epochs : 1000
2024-03-07 12:04:39,733 [MainThread  ] [INFO ]     load_weights : None
2024-03-07 12:04:39,733 [MainThread  ] [INFO ]       model_name : MAXPOOL_v2_germany
2024-03-07 12:04:39,733 [MainThread  ] [INFO ]        test_only : True
2024-03-07 12:04:39,733 [MainThread  ] [INFO ]      split_train : ['train']
2024-03-07 12:04:39,733 [MainThread  ] [INFO ]      split_valid : ['valid']
2024-03-07 12:04:39,733 [MainThread  ] [INFO ]       split_test : ['test']
2024-03-07 12:04:39,733 [MainThread  ] [INFO ]          version : 2
2024-03-07 12:04:39,733 [MainThread  ] [INFO ]     num_features : 512
2024-03-07 12:04:39,733 [MainThread  ] [INFO ]  evaluation_frequency : 10
2024-03-07 12:04:39,733 [MainThread  ] [INFO ]        framerate : 2
2024-03-07 12:04:39,733 [MainThread  ] [INFO ]       chunk_size : 20
2024-03-07 12:04:39,733 [MainThread  ] [INFO ]             pool : MAX
2024-03-07 12:04:39,733 [MainThread  ] [INFO ]       NMS_window : 20
2024-03-07 12:04:39,733 [MainThread  ] [INFO ]    NMS_threshold : 0.0
2024-03-07 12:04:39,733 [MainThread  ] [INFO ]       batch_size : 256
2024-03-07 12:04:39,733 [MainThread  ] [INFO ]               LR : 0.001
2024-03-07 12:04:39,733 [MainThread  ] [INFO ]              LRe : 1e-06
2024-03-07 12:04:39,733 [MainThread  ] [INFO ]         patience : 10
2024-03-07 12:04:39,733 [MainThread  ] [INFO ]              GPU : -1
2024-03-07 12:04:39,733 [MainThread  ] [INFO ]   max_num_worker : 4
2024-03-07 12:04:39,734 [MainThread  ] [INFO ]         loglevel : INFO
2024-03-07 12:04:39,734 [MainThread  ] [INFO ]  Checking/Download features and labels locally
2024-03-07 12:04:41,329 [MainThread  ] [INFO ]  Model(
  (pool_layer): MaxPool1d(kernel_size=40, stride=1, padding=0, dilation=1, ceil_mode=False)
  (fc): Linear(in_features=512, out_features=18, bias=True)
  (drop): Dropout(p=0.4, inplace=False)
  (sigm): Sigmoid()
)
2024-03-07 12:04:41,329 [MainThread  ] [INFO ]  Total number of parameters: 9234
2024-03-07 12:04:41,331 [MainThread  ] [INFO ]  Checking/Download features and labels locally
2024-03-07 12:05:06,566 [MainThread  ] [INFO ]  Metric: loose
2024-03-07 12:05:06,568 [MainThread  ] [INFO ]                        Any    Visible    Unseen
------------------  -----  ---------  --------
Penalty              0.11       0.47      0
Kick-off            14.62      33.4      12.49
Goal                 2.54       2.72      0
Substitution        45.6       56.27      7.13
Offside              1.62       1.99      0.46
Shots on target      8.73       8.73      0
Shots off target     6.34       6.44      0
Clearance           13.6       14.94      5.75
Ball out of play    34.91      35.19     31.39
Throw-in            28.71      32.98     18.32
Foul                10.94      10.98     14.01
Indirect free-kick   8.21      10.45      6.69
Direct free-kick     5.56       6.16      0.11
Corner               5.54       5.44      7.07
Yellow card          4.84       5.1       0.7
Red card             0          0         0
Yellow->red card     0.04       0.38      0
Average mAP         11.29      13.63      8.01
2024-03-07 12:05:10,034 [MainThread  ] [INFO ]  Metric: tight
2024-03-07 12:05:10,035 [MainThread  ] [INFO ]                        Any    Visible    Unseen
------------------  -----  ---------  --------
Penalty              0.02       0.09      0
Kick-off             9.27      19.81      9.97
Goal                 0.66       0.67      0
Substitution         6.63       7.32      1.3
Offside              0.08       0.08      0.13
Shots on target      0.22       0.22      0
Shots off target     0.1        0.11      0
Clearance            0.5        0.62      0.47
Ball out of play     3.19       3.19      3.65
Throw-in             2.22       2.63      2.26
Foul                 0.59       0.6       1.2
Indirect free-kick   0.54       0.53      0.64
Direct free-kick     0.21       0.3       0
Corner               0.88       0.92      0.84
Yellow card          0.08       0.08      0.09
Red card             0          0         0
Yellow->red card     0          0.02      0
Average mAP          1.48       2.19      1.58
2024-03-07 12:05:10,036 [MainThread  ] [INFO ]  Best Performance at end of training 
2024-03-07 12:05:10,037 [MainThread  ] [INFO ]  a_mAP visibility all: 0.014821446105022236
2024-03-07 12:05:10,037 [MainThread  ] [INFO ]  a_mAP visibility all per class: [0.0002092207332382005, 0.0927110869146603, 0.006616524482297936, 0.06629049772703458, 0.0007853205478077182, 0.0022070113719389996, 0.0010067064888857691, 0.004962573122605815, 0.03186540480129108, 0.022238342254797646, 0.005930667063114476, 0.005421083020228009, 0.0021263217412303007, 0.008774276629894552, 0.0007996595283483575, 0.0, 1.988735800426385e-05]
2024-03-07 12:05:10,037 [MainThread  ] [INFO ]  a_mAP visibility visible: 0.021877404181714497
2024-03-07 12:05:10,037 [MainThread  ] [INFO ]  a_mAP visibility visible per class: [0.0008592958180936854, 0.19813299616592783, 0.006709521770211934, 0.07316463783050949, 0.0007679344058518395, 0.0022070113719389996, 0.0010552890735618082, 0.006197387046339439, 0.031944494719734984, 0.02632639463128363, 0.005959862808030019, 0.005334906893923168, 0.0030285598710723125, 0.009210552675965059, 0.0008345264933676379, 0.0, 0.00018249951333463113]
2024-03-07 12:05:10,037 [MainThread  ] [INFO ]  a_mAP visibility unshown: 0.015808422984921997
2024-03-07 12:05:10,037 [MainThread  ] [INFO ]  a_mAP visibility unshown per class: [0.0, 0.09973235417359586, 0.0, 0.013018804430329272, 0.0012698947545740067, 0.0, 0.0, 0.0047300024200019105, 0.036466431485560655, 0.022553404522419634, 0.012006861063464835, 0.006437634911211292, 3.216123499142367e-05, 0.008398595388264592, 0.0008633544195724774, 0.0, 0.0]
2024-03-07 12:05:10,037 [MainThread  ] [INFO ]  Total Execution Time is 30.304483652114868 seconds
