2024-03-07 12:10:12,047 [MainThread  ] [INFO ]  Starting main function
2024-03-07 12:10:12,047 [MainThread  ] [INFO ]  Parameters:
2024-03-07 12:10:12,047 [MainThread  ] [INFO ]   SoccerNet_path : /mnt/patatas_fritas/soccernet-england
2024-03-07 12:10:12,047 [MainThread  ] [INFO ]         features : ResNET_TF2_PCA512.npy
2024-03-07 12:10:12,047 [MainThread  ] [INFO ]       max_epochs : 1000
2024-03-07 12:10:12,047 [MainThread  ] [INFO ]     load_weights : None
2024-03-07 12:10:12,047 [MainThread  ] [INFO ]       model_name : MAXPOOL_v2_italy
2024-03-07 12:10:12,048 [MainThread  ] [INFO ]        test_only : True
2024-03-07 12:10:12,048 [MainThread  ] [INFO ]      split_train : ['train']
2024-03-07 12:10:12,048 [MainThread  ] [INFO ]      split_valid : ['valid']
2024-03-07 12:10:12,048 [MainThread  ] [INFO ]       split_test : ['test']
2024-03-07 12:10:12,048 [MainThread  ] [INFO ]          version : 2
2024-03-07 12:10:12,048 [MainThread  ] [INFO ]     num_features : 512
2024-03-07 12:10:12,048 [MainThread  ] [INFO ]  evaluation_frequency : 10
2024-03-07 12:10:12,048 [MainThread  ] [INFO ]        framerate : 2
2024-03-07 12:10:12,048 [MainThread  ] [INFO ]       chunk_size : 20
2024-03-07 12:10:12,048 [MainThread  ] [INFO ]             pool : MAX
2024-03-07 12:10:12,048 [MainThread  ] [INFO ]       NMS_window : 20
2024-03-07 12:10:12,048 [MainThread  ] [INFO ]    NMS_threshold : 0.0
2024-03-07 12:10:12,048 [MainThread  ] [INFO ]       batch_size : 256
2024-03-07 12:10:12,048 [MainThread  ] [INFO ]               LR : 0.001
2024-03-07 12:10:12,048 [MainThread  ] [INFO ]              LRe : 1e-06
2024-03-07 12:10:12,048 [MainThread  ] [INFO ]         patience : 10
2024-03-07 12:10:12,048 [MainThread  ] [INFO ]              GPU : -1
2024-03-07 12:10:12,048 [MainThread  ] [INFO ]   max_num_worker : 4
2024-03-07 12:10:12,048 [MainThread  ] [INFO ]         loglevel : INFO
2024-03-07 12:10:12,049 [MainThread  ] [INFO ]  Checking/Download features and labels locally
2024-03-07 12:10:13,639 [MainThread  ] [INFO ]  Model(
  (pool_layer): MaxPool1d(kernel_size=40, stride=1, padding=0, dilation=1, ceil_mode=False)
  (fc): Linear(in_features=512, out_features=18, bias=True)
  (drop): Dropout(p=0.4, inplace=False)
  (sigm): Sigmoid()
)
2024-03-07 12:10:13,639 [MainThread  ] [INFO ]  Total number of parameters: 9234
2024-03-07 12:10:13,641 [MainThread  ] [INFO ]  Checking/Download features and labels locally
2024-03-07 12:10:37,900 [MainThread  ] [INFO ]  Metric: loose
2024-03-07 12:10:37,901 [MainThread  ] [INFO ]                        Any    Visible    Unseen
------------------  -----  ---------  --------
Penalty              0.02       0.44      0
Kick-off            14.41      27.87     11.61
Goal                 1.46       1.95      0
Substitution        15.04      23.03      2.18
Offside              1.53       1.89      0
Shots on target      5.28       5.28      0
Shots off target     5.2        5.13     29.65
Clearance           12.28      13.84      5.78
Ball out of play    38.41      38.29     42.53
Throw-in            31.85      38.69     18.44
Foul                10.87      11.03      7.12
Indirect free-kick   8.37       9.92      7.17
Direct free-kick     8.39       9.3       0.26
Corner               7.4        7.25     15.69
Yellow card          3.61       4.98      1.05
Red card             0.24       4.06      0
Yellow->red card     0.02       0.37      0
Average mAP          9.67      11.96     10.88
2024-03-07 12:10:41,383 [MainThread  ] [INFO ]  Metric: tight
2024-03-07 12:10:41,384 [MainThread  ] [INFO ]                        Any    Visible    Unseen
------------------  -----  ---------  --------
Penalty              0          0         0
Kick-off            12.78      24.33     10.23
Goal                 0.06       0.08      0
Substitution         0.82       1.21      0.21
Offside              0.12       0.15      0
Shots on target      0.17       0.17      0
Shots off target     0.25       0.26      0
Clearance            0.34       0.36      0.41
Ball out of play     4.11       4.09      5.02
Throw-in             1.98       2.23      1.88
Foul                 0.61       0.62      0.47
Indirect free-kick   0.41       0.5       0.45
Direct free-kick     0.34       0.39      0.03
Corner               0.58       0.58      0.58
Yellow card          0.25       0.38      0
Red card             0          0         0
Yellow->red card     0          0         0
Average mAP          1.34       2.08      1.48
2024-03-07 12:10:41,385 [MainThread  ] [INFO ]  Best Performance at end of training 
2024-03-07 12:10:41,385 [MainThread  ] [INFO ]  a_mAP visibility all: 0.013435458786953347
2024-03-07 12:10:41,385 [MainThread  ] [INFO ]  a_mAP visibility all per class: [0.0, 0.12776791327773102, 0.0006413272688875389, 0.008230164149470646, 0.0012445076230983916, 0.001661919682191344, 0.002545482735107927, 0.003417320525320194, 0.04110182521906709, 0.0198488440130605, 0.006117396403974382, 0.004142597755983822, 0.0034083185931143467, 0.0057610378776458485, 0.002514144253553808, 0.0, 0.0]
2024-03-07 12:10:41,385 [MainThread  ] [INFO ]  a_mAP visibility visible: 0.02079921570766174
2024-03-07 12:10:41,385 [MainThread  ] [INFO ]  a_mAP visibility visible per class: [0.0, 0.2432750349096111, 0.0008009705082051142, 0.012141010140809401, 0.0014655558913893956, 0.001661919682191344, 0.0026103978821632933, 0.0036280305148999503, 0.040933743584183196, 0.022332635088109017, 0.006244113733830752, 0.005034825420608576, 0.003861026323301525, 0.005779575011138681, 0.0038178283398082576, 0.0, 0.0]
2024-03-07 12:10:41,385 [MainThread  ] [INFO ]  a_mAP visibility unshown: 0.014822509138352358
2024-03-07 12:10:41,385 [MainThread  ] [INFO ]  a_mAP visibility unshown per class: [0.0, 0.10232163632460156, 0.0, 0.002063783819867775, 0.0, 0.0, 0.0, 0.00406218120694186, 0.05020371263910329, 0.018792709022507213, 0.004659140433437077, 0.00447394277880519, 0.00028081473715740597, 0.0058035645858479385, 3.11332503113325e-05, 0.0, 0.0]
2024-03-07 12:10:41,385 [MainThread  ] [INFO ]  Total Execution Time is 29.338332414627075 seconds
