2024-03-07 13:00:57,937 [MainThread  ] [INFO ]  Starting main function
2024-03-07 13:00:57,937 [MainThread  ] [INFO ]  Parameters:
2024-03-07 13:00:57,937 [MainThread  ] [INFO ]   SoccerNet_path : /mnt/patatas_fritas/soccernet-germany
2024-03-07 13:00:57,937 [MainThread  ] [INFO ]         features : ResNET_TF2_PCA512.npy
2024-03-07 13:00:57,937 [MainThread  ] [INFO ]       max_epochs : 1000
2024-03-07 13:00:57,937 [MainThread  ] [INFO ]     load_weights : None
2024-03-07 13:00:57,937 [MainThread  ] [INFO ]       model_name : MAXPOOL_v2_italy
2024-03-07 13:00:57,938 [MainThread  ] [INFO ]        test_only : True
2024-03-07 13:00:57,938 [MainThread  ] [INFO ]      split_train : ['train']
2024-03-07 13:00:57,938 [MainThread  ] [INFO ]      split_valid : ['valid']
2024-03-07 13:00:57,938 [MainThread  ] [INFO ]       split_test : ['test']
2024-03-07 13:00:57,938 [MainThread  ] [INFO ]          version : 2
2024-03-07 13:00:57,938 [MainThread  ] [INFO ]     num_features : 512
2024-03-07 13:00:57,938 [MainThread  ] [INFO ]  evaluation_frequency : 10
2024-03-07 13:00:57,938 [MainThread  ] [INFO ]        framerate : 2
2024-03-07 13:00:57,938 [MainThread  ] [INFO ]       chunk_size : 20
2024-03-07 13:00:57,938 [MainThread  ] [INFO ]             pool : MAX
2024-03-07 13:00:57,938 [MainThread  ] [INFO ]       NMS_window : 20
2024-03-07 13:00:57,938 [MainThread  ] [INFO ]    NMS_threshold : 0.0
2024-03-07 13:00:57,938 [MainThread  ] [INFO ]       batch_size : 256
2024-03-07 13:00:57,938 [MainThread  ] [INFO ]               LR : 0.001
2024-03-07 13:00:57,938 [MainThread  ] [INFO ]              LRe : 1e-06
2024-03-07 13:00:57,938 [MainThread  ] [INFO ]         patience : 10
2024-03-07 13:00:57,938 [MainThread  ] [INFO ]              GPU : -1
2024-03-07 13:00:57,939 [MainThread  ] [INFO ]   max_num_worker : 4
2024-03-07 13:00:57,939 [MainThread  ] [INFO ]         loglevel : INFO
2024-03-07 13:00:57,939 [MainThread  ] [INFO ]  Checking/Download features and labels locally
2024-03-07 13:00:59,522 [MainThread  ] [INFO ]  Model(
  (pool_layer): MaxPool1d(kernel_size=40, stride=1, padding=0, dilation=1, ceil_mode=False)
  (fc): Linear(in_features=512, out_features=18, bias=True)
  (drop): Dropout(p=0.4, inplace=False)
  (sigm): Sigmoid()
)
2024-03-07 13:00:59,522 [MainThread  ] [INFO ]  Total number of parameters: 9234
2024-03-07 13:00:59,524 [MainThread  ] [INFO ]  Checking/Download features and labels locally
2024-03-07 13:01:20,120 [MainThread  ] [INFO ]  Metric: loose
2024-03-07 13:01:20,121 [MainThread  ] [INFO ]                        Any    Visible    Unseen
------------------  -----  ---------  --------
Penalty              3          6.27      0
Kick-off            13.45      35.14      9.42
Goal                 1.54       1.77      0
Substitution        21.76      24.61     22.38
Offside              1.86       1.93      2.35
Shots on target      6.05       6.27      0
Shots off target    11.96      11.96      0
Clearance            7.35       9.36      6.2
Ball out of play    35.37      38.77     22.66
Throw-in            31.41      34.01     20.04
Foul                18.63      18.73      7.94
Indirect free-kick  12.05      13.92     10.65
Direct free-kick     5.59       9.57      0
Corner               9.85      10.44      6.96
Yellow card          4.92       5.26      0.19
Red card             0.03       0.45      0
Yellow->red card     0.02       0.45      0
Average mAP         10.87      13.46      8.37
2024-03-07 13:01:23,254 [MainThread  ] [INFO ]  Metric: tight
2024-03-07 13:01:23,254 [MainThread  ] [INFO ]                        Any    Visible    Unseen
------------------  -----  ---------  --------
Penalty              0          0         0
Kick-off            10.94      28.06      7.29
Goal                 0.16       0.19      0
Substitution         4.06       5.29      1.31
Offside              0.14       0.13      0.16
Shots on target      0.38       0.39      0
Shots off target     0.27       0.27      0
Clearance            0.34       0.45      0.39
Ball out of play     5.64      10.23      1.19
Throw-in             2.52       2.74      1.36
Foul                 0.72       0.72      0.28
Indirect free-kick   0.65       0.8       0.55
Direct free-kick     0.22       0.27      0
Corner               1.93       2.42      0.06
Yellow card          0.17       0.19      0.19
Red card             0          0         0
Yellow->red card     0.01       0.39      0
Average mAP          1.66       3.09      0.98
2024-03-07 13:01:23,256 [MainThread  ] [INFO ]  Best Performance at end of training 
2024-03-07 13:01:23,256 [MainThread  ] [INFO ]  a_mAP visibility all: 0.016562259842140208
2024-03-07 13:01:23,256 [MainThread  ] [INFO ]  a_mAP visibility all per class: [0.0, 0.10940052728362169, 0.0015808370497142682, 0.0405735320335015, 0.001365082776185928, 0.0038464955474071206, 0.002739137081532342, 0.003380650167229158, 0.05642854240058459, 0.02520173709152291, 0.007156444148454709, 0.0065183832267350144, 0.002172493980684087, 0.019336695281371854, 0.0017174774092373417, 0.0, 0.0001403818386009947]
2024-03-07 13:01:23,256 [MainThread  ] [INFO ]  a_mAP visibility visible: 0.03091005349288917
2024-03-07 13:01:23,256 [MainThread  ] [INFO ]  a_mAP visibility visible per class: [0.0, 0.2805949955926829, 0.0018754425639713017, 0.052896762487063556, 0.0013124332761625356, 0.003906757072817224, 0.002739137081532342, 0.004510522345061296, 0.10232393569946238, 0.027442413105874967, 0.0072190792251843215, 0.007974290953124307, 0.0027032381620997557, 0.024167979083523, 0.0018801559144125085, 0.0, 0.003923766816143498]
2024-03-07 13:01:23,256 [MainThread  ] [INFO ]  a_mAP visibility unshown: 0.00983416343003098
2024-03-07 13:01:23,256 [MainThread  ] [INFO ]  a_mAP visibility unshown per class: [0.0, 0.07287890319373656, 0.0, 0.013052762525641543, 0.0016292408870808776, 0.0, 0.0, 0.003943064416879878, 0.011896510156108733, 0.013596898938553367, 0.0028409090909090906, 0.005523682712268241, 0.0, 0.0005989134978496681, 0.0018832391713747643, 0.0, 0.0]
2024-03-07 13:01:23,256 [MainThread  ] [INFO ]  Total Execution Time is 25.31938099861145 seconds
