2024-03-07 12:58:30,841 [MainThread  ] [INFO ]  Starting main function
2024-03-07 12:58:30,841 [MainThread  ] [INFO ]  Parameters:
2024-03-07 12:58:30,841 [MainThread  ] [INFO ]   SoccerNet_path : /mnt/patatas_fritas/soccernet-europe_uefa
2024-03-07 12:58:30,841 [MainThread  ] [INFO ]         features : ResNET_TF2_PCA512.npy
2024-03-07 12:58:30,841 [MainThread  ] [INFO ]       max_epochs : 1000
2024-03-07 12:58:30,841 [MainThread  ] [INFO ]     load_weights : None
2024-03-07 12:58:30,841 [MainThread  ] [INFO ]       model_name : MAXPOOL_v2_italy
2024-03-07 12:58:30,841 [MainThread  ] [INFO ]        test_only : True
2024-03-07 12:58:30,841 [MainThread  ] [INFO ]      split_train : ['train']
2024-03-07 12:58:30,842 [MainThread  ] [INFO ]      split_valid : ['valid']
2024-03-07 12:58:30,842 [MainThread  ] [INFO ]       split_test : ['test']
2024-03-07 12:58:30,842 [MainThread  ] [INFO ]          version : 2
2024-03-07 12:58:30,842 [MainThread  ] [INFO ]     num_features : 512
2024-03-07 12:58:30,842 [MainThread  ] [INFO ]  evaluation_frequency : 10
2024-03-07 12:58:30,842 [MainThread  ] [INFO ]        framerate : 2
2024-03-07 12:58:30,842 [MainThread  ] [INFO ]       chunk_size : 20
2024-03-07 12:58:30,842 [MainThread  ] [INFO ]             pool : MAX
2024-03-07 12:58:30,842 [MainThread  ] [INFO ]       NMS_window : 20
2024-03-07 12:58:30,842 [MainThread  ] [INFO ]    NMS_threshold : 0.0
2024-03-07 12:58:30,842 [MainThread  ] [INFO ]       batch_size : 256
2024-03-07 12:58:30,842 [MainThread  ] [INFO ]               LR : 0.001
2024-03-07 12:58:30,842 [MainThread  ] [INFO ]              LRe : 1e-06
2024-03-07 12:58:30,842 [MainThread  ] [INFO ]         patience : 10
2024-03-07 12:58:30,842 [MainThread  ] [INFO ]              GPU : -1
2024-03-07 12:58:30,842 [MainThread  ] [INFO ]   max_num_worker : 4
2024-03-07 12:58:30,842 [MainThread  ] [INFO ]         loglevel : INFO
2024-03-07 12:58:30,843 [MainThread  ] [INFO ]  Checking/Download features and labels locally
2024-03-07 12:58:32,437 [MainThread  ] [INFO ]  Model(
  (pool_layer): MaxPool1d(kernel_size=40, stride=1, padding=0, dilation=1, ceil_mode=False)
  (fc): Linear(in_features=512, out_features=18, bias=True)
  (drop): Dropout(p=0.4, inplace=False)
  (sigm): Sigmoid()
)
2024-03-07 12:58:32,437 [MainThread  ] [INFO ]  Total number of parameters: 9234
2024-03-07 12:58:32,439 [MainThread  ] [INFO ]  Checking/Download features and labels locally
2024-03-07 12:58:57,488 [MainThread  ] [INFO ]  Metric: loose
2024-03-07 12:58:57,489 [MainThread  ] [INFO ]                        Any    Visible    Unseen
------------------  -----  ---------  --------
Penalty              0.16       0.66      0
Kick-off            20.18      38.02     17.31
Goal                 1.62       1.85      0
Substitution        27.62      33.57     10.15
Offside              1.74       2.23      0.43
Shots on target     12.22      12.22      0
Shots off target     5.36       5.53      0
Clearance            7.89      10.39      6.43
Ball out of play    35.74      35.91     32.48
Throw-in            28.56      30.79     23.96
Foul                11.04      11.08     13.17
Indirect free-kick   9.06      13.25      7.01
Direct free-kick     3.66       5.22      0.1
Corner               8.41       8.58     10.61
Yellow card         10.16      10.64      0.96
Red card             0          0         0
Yellow->red card     0.04       0.38      0
Average mAP         10.79      12.96      9.43
2024-03-07 12:59:00,744 [MainThread  ] [INFO ]  Metric: tight
2024-03-07 12:59:00,745 [MainThread  ] [INFO ]                        Any    Visible    Unseen
------------------  -----  ---------  --------
Penalty              0.03       0.11      0
Kick-off            12.88      20.74     13.04
Goal                 0.09       0.1       0
Substitution         2.53       3.54      0.34
Offside              0.04       0.04      0.05
Shots on target      0.19       0.19      0
Shots off target     0.15       0.16      0
Clearance            0.54       0.85      0.4
Ball out of play     5.57       2.32     10.6
Throw-in             6.59       1.79      6.61
Foul                 0.56       0.56      0.06
Indirect free-kick   0.82       1.18      0.81
Direct free-kick     0.39       0.59      0.01
Corner               1.2        1.3       2.11
Yellow card          2.05       2.05      0.23
Red card             0          0         0
Yellow->red card     0          0.03      0
Average mAP          1.98       2.09      2.63
2024-03-07 12:59:00,746 [MainThread  ] [INFO ]  Best Performance at end of training 
2024-03-07 12:59:00,746 [MainThread  ] [INFO ]  a_mAP visibility all: 0.019788254201131547
2024-03-07 12:59:00,746 [MainThread  ] [INFO ]  a_mAP visibility all per class: [0.0002729434655712896, 0.128818544597877, 0.0008669383145491715, 0.02529372294407147, 0.0003868623478305661, 0.001884815961368228, 0.0015451439945626515, 0.005372487940848044, 0.05569514082495222, 0.06594785448581797, 0.005597928620089717, 0.008210190758144154, 0.003882069081133285, 0.012044494586239633, 0.020549437800368154, 0.0, 3.1745695812742726e-05]
2024-03-07 12:59:00,746 [MainThread  ] [INFO ]  a_mAP visibility visible: 0.02091100102737184
2024-03-07 12:59:00,746 [MainThread  ] [INFO ]  a_mAP visibility visible per class: [0.0011208274147727273, 0.2074089089470573, 0.0010040973074491048, 0.03538338917177484, 0.0004244388447100408, 0.001884815961368228, 0.0015923251038717004, 0.008488439425638272, 0.023229712554223365, 0.017933319742669068, 0.005623615031361129, 0.011785620125756395, 0.005871840330197604, 0.012972951672323919, 0.02047411554354727, 0.0, 0.0002886002886002886]
2024-03-07 12:59:00,746 [MainThread  ] [INFO ]  a_mAP visibility unshown: 0.026348352573686538
2024-03-07 12:59:00,746 [MainThread  ] [INFO ]  a_mAP visibility unshown per class: [0.0, 0.13044537847980645, 0.0, 0.0033524421840174555, 0.0005189154529632683, 0.0, 0.0, 0.003966903970159401, 0.10596909062045706, 0.06606878452224448, 0.0006198347107438016, 0.00811838713377724, 0.00011014833308855925, 0.021068672171186027, 0.0022900258794812823, 0.0, 0.0]
2024-03-07 12:59:00,746 [MainThread  ] [INFO ]  Total Execution Time is 29.90585732460022 seconds
