2024-03-07 09:42:21,927 [MainThread  ] [INFO ]  Starting main function
2024-03-07 09:42:21,927 [MainThread  ] [INFO ]  Parameters:
2024-03-07 09:42:21,927 [MainThread  ] [INFO ]   SoccerNet_path : /mnt/patatas_fritas/soccernet-france
2024-03-07 09:42:21,927 [MainThread  ] [INFO ]         features : ResNET_TF2_PCA512.npy
2024-03-07 09:42:21,927 [MainThread  ] [INFO ]       max_epochs : 1000
2024-03-07 09:42:21,927 [MainThread  ] [INFO ]     load_weights : None
2024-03-07 09:42:21,927 [MainThread  ] [INFO ]       model_name : CALF_europe_uefa
2024-03-07 09:42:21,927 [MainThread  ] [INFO ]        test_only : True
2024-03-07 09:42:21,927 [MainThread  ] [INFO ]        challenge : False
2024-03-07 09:42:21,927 [MainThread  ] [INFO ]         K_params : None
2024-03-07 09:42:21,927 [MainThread  ] [INFO ]     num_features : 512
2024-03-07 09:42:21,928 [MainThread  ] [INFO ]  chunks_per_epoch : 18000
2024-03-07 09:42:21,928 [MainThread  ] [INFO ]  evaluation_frequency : 20
2024-03-07 09:42:21,928 [MainThread  ] [INFO ]      dim_capsule : 16
2024-03-07 09:42:21,928 [MainThread  ] [INFO ]        framerate : 2
2024-03-07 09:42:21,928 [MainThread  ] [INFO ]       chunk_size : 120
2024-03-07 09:42:21,928 [MainThread  ] [INFO ]  receptive_field : 40
2024-03-07 09:42:21,928 [MainThread  ] [INFO ]     lambda_coord : 5.0
2024-03-07 09:42:21,928 [MainThread  ] [INFO ]     lambda_noobj : 0.5
2024-03-07 09:42:21,928 [MainThread  ] [INFO ]  loss_weight_segmentation : 0.000367
2024-03-07 09:42:21,928 [MainThread  ] [INFO ]  loss_weight_detection : 1.0
2024-03-07 09:42:21,928 [MainThread  ] [INFO ]       batch_size : 32
2024-03-07 09:42:21,928 [MainThread  ] [INFO ]               LR : 0.001
2024-03-07 09:42:21,928 [MainThread  ] [INFO ]         patience : 25
2024-03-07 09:42:21,928 [MainThread  ] [INFO ]              GPU : -1
2024-03-07 09:42:21,928 [MainThread  ] [INFO ]   max_num_worker : 4
2024-03-07 09:42:21,928 [MainThread  ] [INFO ]         loglevel : INFO
2024-03-07 09:42:21,929 [MainThread  ] [INFO ]  Checking/Download features and labels locally
2024-03-07 09:42:21,934 [MainThread  ] [INFO ]  ContextAwareModel(
  (conv_1): Conv2d(1, 128, kernel_size=(1, 512), stride=(1, 1))
  (conv_2): Conv2d(128, 32, kernel_size=(1, 1), stride=(1, 1))
  (pad_p_1): ZeroPad2d(padding=(0, 0, 5, 6), value=0.0)
  (pad_p_2): ZeroPad2d(padding=(0, 0, 13, 13), value=0.0)
  (pad_p_3): ZeroPad2d(padding=(0, 0, 19, 20), value=0.0)
  (pad_p_4): ZeroPad2d(padding=(0, 0, 39, 40), value=0.0)
  (conv_p_1): Conv2d(32, 8, kernel_size=(12, 1), stride=(1, 1))
  (conv_p_2): Conv2d(32, 16, kernel_size=(27, 1), stride=(1, 1))
  (conv_p_3): Conv2d(32, 32, kernel_size=(40, 1), stride=(1, 1))
  (conv_p_4): Conv2d(32, 64, kernel_size=(80, 1), stride=(1, 1))
  (pad_seg): ZeroPad2d(padding=(0, 0, 1, 1), value=0.0)
  (conv_seg): Conv2d(152, 272, kernel_size=(3, 1), stride=(1, 1))
  (batch_seg): BatchNorm2d(240, eps=0.001, momentum=0.01, affine=True, track_running_stats=True)
  (max_pool_spot): MaxPool2d(kernel_size=(3, 1), stride=(2, 1), padding=0, dilation=1, ceil_mode=False)
  (pad_spot_1): ZeroPad2d(padding=(0, 0, 1, 1), value=0.0)
  (conv_spot_1): Conv2d(289, 32, kernel_size=(3, 1), stride=(1, 1))
  (max_pool_spot_1): MaxPool2d(kernel_size=(3, 1), stride=(2, 1), padding=0, dilation=1, ceil_mode=False)
  (pad_spot_2): ZeroPad2d(padding=(0, 0, 1, 1), value=0.0)
  (conv_spot_2): Conv2d(32, 16, kernel_size=(3, 1), stride=(1, 1))
  (max_pool_spot_2): MaxPool2d(kernel_size=(3, 1), stride=(2, 1), padding=0, dilation=1, ceil_mode=False)
  (conv_conf): Conv2d(464, 30, kernel_size=(1, 1), stride=(1, 1))
  (conv_class): Conv2d(464, 255, kernel_size=(1, 1), stride=(1, 1))
  (softmax): Softmax(dim=-1)
)
2024-03-07 09:42:21,935 [MainThread  ] [INFO ]  Total number of parameters: 578245
2024-03-07 09:42:26,348 [MainThread  ] [INFO ]  Metric: loose
2024-03-07 09:42:26,349 [MainThread  ] [INFO ]                        Any    Visible    Unseen
------------------  -----  ---------  --------
Penalty              0          0         0
Kick-off             8.02       2.23      9.96
Goal                43.39      43.39      0
Substitution        42.89      48.08      0
Offside             11.78      11.78      0
Shots on target     28.91      28.91      0
Shots off target     7.59       7.59      0
Clearance           24.77      24.06     31.33
Ball out of play    61.14      59.67     79.92
Throw-in            48.89      52.88     49.79
Foul                41.3       40.04     49.17
Indirect free-kick   4.24       1.99     14.66
Direct free-kick     9.09       9.09      0
Corner              61.05      61.13     59.92
Yellow card         30.06      34.67      0
Red card             0          0         0
Yellow->red card     0          0         0
Average mAP         24.89      25.03     22.67
2024-03-07 09:42:28,005 [MainThread  ] [INFO ]  Metric: tight
2024-03-07 09:42:28,006 [MainThread  ] [INFO ]                        Any    Visible    Unseen
------------------  -----  ---------  --------
Penalty              0          0         0
Kick-off             0          0         0
Goal                26.52      26.52      0
Substitution         0          0         0
Offside              1.14       1.14      0
Shots on target      1.56       1.56      0
Shots off target     2.24       2.24      0
Clearance            3.55       5.12      2.25
Ball out of play    20.8       15.43     34.55
Throw-in            15.89      19.44      7.74
Foul                 6.28       7.08      2.27
Indirect free-kick   0.17       0         0.88
Direct free-kick     9.09       9.09      0
Corner              24.65      26.96     22.73
Yellow card          0.95       1.14      0
Red card             0          0         0
Yellow->red card     0          0         0
Average mAP          6.64       6.81      5.42
2024-03-07 09:42:31,813 [MainThread  ] [INFO ]  Total Execution Time is 9.88632082939148 seconds
