2024-03-07 09:45:22,485 [MainThread  ] [INFO ]  Starting main function
2024-03-07 09:45:22,485 [MainThread  ] [INFO ]  Parameters:
2024-03-07 09:45:22,485 [MainThread  ] [INFO ]   SoccerNet_path : /mnt/patatas_fritas/soccernet-spain
2024-03-07 09:45:22,485 [MainThread  ] [INFO ]         features : ResNET_TF2_PCA512.npy
2024-03-07 09:45:22,485 [MainThread  ] [INFO ]       max_epochs : 1000
2024-03-07 09:45:22,486 [MainThread  ] [INFO ]     load_weights : None
2024-03-07 09:45:22,486 [MainThread  ] [INFO ]       model_name : CALF_europe_uefa
2024-03-07 09:45:22,486 [MainThread  ] [INFO ]        test_only : True
2024-03-07 09:45:22,486 [MainThread  ] [INFO ]        challenge : False
2024-03-07 09:45:22,486 [MainThread  ] [INFO ]         K_params : None
2024-03-07 09:45:22,486 [MainThread  ] [INFO ]     num_features : 512
2024-03-07 09:45:22,486 [MainThread  ] [INFO ]  chunks_per_epoch : 18000
2024-03-07 09:45:22,486 [MainThread  ] [INFO ]  evaluation_frequency : 20
2024-03-07 09:45:22,486 [MainThread  ] [INFO ]      dim_capsule : 16
2024-03-07 09:45:22,486 [MainThread  ] [INFO ]        framerate : 2
2024-03-07 09:45:22,486 [MainThread  ] [INFO ]       chunk_size : 120
2024-03-07 09:45:22,486 [MainThread  ] [INFO ]  receptive_field : 40
2024-03-07 09:45:22,486 [MainThread  ] [INFO ]     lambda_coord : 5.0
2024-03-07 09:45:22,486 [MainThread  ] [INFO ]     lambda_noobj : 0.5
2024-03-07 09:45:22,486 [MainThread  ] [INFO ]  loss_weight_segmentation : 0.000367
2024-03-07 09:45:22,486 [MainThread  ] [INFO ]  loss_weight_detection : 1.0
2024-03-07 09:45:22,487 [MainThread  ] [INFO ]       batch_size : 32
2024-03-07 09:45:22,487 [MainThread  ] [INFO ]               LR : 0.001
2024-03-07 09:45:22,487 [MainThread  ] [INFO ]         patience : 25
2024-03-07 09:45:22,487 [MainThread  ] [INFO ]              GPU : -1
2024-03-07 09:45:22,487 [MainThread  ] [INFO ]   max_num_worker : 4
2024-03-07 09:45:22,487 [MainThread  ] [INFO ]         loglevel : INFO
2024-03-07 09:45:22,488 [MainThread  ] [INFO ]  Checking/Download features and labels locally
2024-03-07 09:45:22,494 [MainThread  ] [INFO ]  ContextAwareModel(
  (conv_1): Conv2d(1, 128, kernel_size=(1, 512), stride=(1, 1))
  (conv_2): Conv2d(128, 32, kernel_size=(1, 1), stride=(1, 1))
  (pad_p_1): ZeroPad2d(padding=(0, 0, 5, 6), value=0.0)
  (pad_p_2): ZeroPad2d(padding=(0, 0, 13, 13), value=0.0)
  (pad_p_3): ZeroPad2d(padding=(0, 0, 19, 20), value=0.0)
  (pad_p_4): ZeroPad2d(padding=(0, 0, 39, 40), value=0.0)
  (conv_p_1): Conv2d(32, 8, kernel_size=(12, 1), stride=(1, 1))
  (conv_p_2): Conv2d(32, 16, kernel_size=(27, 1), stride=(1, 1))
  (conv_p_3): Conv2d(32, 32, kernel_size=(40, 1), stride=(1, 1))
  (conv_p_4): Conv2d(32, 64, kernel_size=(80, 1), stride=(1, 1))
  (pad_seg): ZeroPad2d(padding=(0, 0, 1, 1), value=0.0)
  (conv_seg): Conv2d(152, 272, kernel_size=(3, 1), stride=(1, 1))
  (batch_seg): BatchNorm2d(240, eps=0.001, momentum=0.01, affine=True, track_running_stats=True)
  (max_pool_spot): MaxPool2d(kernel_size=(3, 1), stride=(2, 1), padding=0, dilation=1, ceil_mode=False)
  (pad_spot_1): ZeroPad2d(padding=(0, 0, 1, 1), value=0.0)
  (conv_spot_1): Conv2d(289, 32, kernel_size=(3, 1), stride=(1, 1))
  (max_pool_spot_1): MaxPool2d(kernel_size=(3, 1), stride=(2, 1), padding=0, dilation=1, ceil_mode=False)
  (pad_spot_2): ZeroPad2d(padding=(0, 0, 1, 1), value=0.0)
  (conv_spot_2): Conv2d(32, 16, kernel_size=(3, 1), stride=(1, 1))
  (max_pool_spot_2): MaxPool2d(kernel_size=(3, 1), stride=(2, 1), padding=0, dilation=1, ceil_mode=False)
  (conv_conf): Conv2d(464, 30, kernel_size=(1, 1), stride=(1, 1))
  (conv_class): Conv2d(464, 255, kernel_size=(1, 1), stride=(1, 1))
  (softmax): Softmax(dim=-1)
)
2024-03-07 09:45:22,495 [MainThread  ] [INFO ]  Total number of parameters: 578245
2024-03-07 09:45:30,963 [MainThread  ] [INFO ]  Metric: loose
2024-03-07 09:45:30,964 [MainThread  ] [INFO ]                        Any    Visible    Unseen
------------------  -----  ---------  --------
Penalty              4.5        9.17      0
Kick-off            14.27      13.43     15.94
Goal                39.28      40.86      0
Substitution        15.14      18.82      5.74
Offside              5.01       5.18      0
Shots on target     10.19      10.2       0
Shots off target    14.54      14.54      0
Clearance           29.9       33.81     27.72
Ball out of play    46.25      45.99     48.66
Throw-in            35.67      37.41     33.34
Foul                37.55      38.25     14.7
Indirect free-kick  24.82      21.61     30.54
Direct free-kick    23.38      25.1       0
Corner              35.4       37        26.23
Yellow card         12.92      14.14      7.03
Red card             0          0         0
Yellow->red card     0          0         0
Average mAP         20.52      21.5      16.15
2024-03-07 09:45:33,625 [MainThread  ] [INFO ]  Metric: tight
2024-03-07 09:45:33,626 [MainThread  ] [INFO ]                        Any    Visible    Unseen
------------------  -----  ---------  --------
Penalty              0          0         0
Kick-off             1.78       4.55      1.9
Goal                10.05      10.5       0
Substitution         0.72       0.48      1.8
Offside              4.55       4.55      0
Shots on target      3.73       3.73      0
Shots off target     8.86       8.86      0
Clearance            6.58       9.74      3.73
Ball out of play    11.81      11.91      5.35
Throw-in            10.95       6.79     12.06
Foul                14.01      14.09      6.06
Indirect free-kick   3.46       3.04      4.92
Direct free-kick     9.77       9.96      0
Corner               7.92       9.18      2.6
Yellow card          4.03       4.47      0.62
Red card             0          0         0
Yellow->red card     0          0         0
Average mAP          5.78       5.99      3
2024-03-07 09:45:38,822 [MainThread  ] [INFO ]  Total Execution Time is 16.3364839553833 seconds
