2024-03-07 09:41:16,734 [MainThread  ] [INFO ]  Starting main function
2024-03-07 09:41:16,735 [MainThread  ] [INFO ]  Parameters:
2024-03-07 09:41:16,735 [MainThread  ] [INFO ]   SoccerNet_path : /mnt/patatas_fritas/soccernet-england
2024-03-07 09:41:16,735 [MainThread  ] [INFO ]         features : ResNET_TF2_PCA512.npy
2024-03-07 09:41:16,735 [MainThread  ] [INFO ]       max_epochs : 1000
2024-03-07 09:41:16,735 [MainThread  ] [INFO ]     load_weights : None
2024-03-07 09:41:16,735 [MainThread  ] [INFO ]       model_name : CALF_europe_uefa
2024-03-07 09:41:16,735 [MainThread  ] [INFO ]        test_only : True
2024-03-07 09:41:16,735 [MainThread  ] [INFO ]        challenge : False
2024-03-07 09:41:16,735 [MainThread  ] [INFO ]         K_params : None
2024-03-07 09:41:16,735 [MainThread  ] [INFO ]     num_features : 512
2024-03-07 09:41:16,735 [MainThread  ] [INFO ]  chunks_per_epoch : 18000
2024-03-07 09:41:16,735 [MainThread  ] [INFO ]  evaluation_frequency : 20
2024-03-07 09:41:16,735 [MainThread  ] [INFO ]      dim_capsule : 16
2024-03-07 09:41:16,735 [MainThread  ] [INFO ]        framerate : 2
2024-03-07 09:41:16,735 [MainThread  ] [INFO ]       chunk_size : 120
2024-03-07 09:41:16,735 [MainThread  ] [INFO ]  receptive_field : 40
2024-03-07 09:41:16,735 [MainThread  ] [INFO ]     lambda_coord : 5.0
2024-03-07 09:41:16,735 [MainThread  ] [INFO ]     lambda_noobj : 0.5
2024-03-07 09:41:16,735 [MainThread  ] [INFO ]  loss_weight_segmentation : 0.000367
2024-03-07 09:41:16,735 [MainThread  ] [INFO ]  loss_weight_detection : 1.0
2024-03-07 09:41:16,735 [MainThread  ] [INFO ]       batch_size : 32
2024-03-07 09:41:16,735 [MainThread  ] [INFO ]               LR : 0.001
2024-03-07 09:41:16,735 [MainThread  ] [INFO ]         patience : 25
2024-03-07 09:41:16,735 [MainThread  ] [INFO ]              GPU : -1
2024-03-07 09:41:16,736 [MainThread  ] [INFO ]   max_num_worker : 4
2024-03-07 09:41:16,736 [MainThread  ] [INFO ]         loglevel : INFO
2024-03-07 09:41:16,736 [MainThread  ] [INFO ]  Checking/Download features and labels locally
2024-03-07 09:41:16,742 [MainThread  ] [INFO ]  ContextAwareModel(
  (conv_1): Conv2d(1, 128, kernel_size=(1, 512), stride=(1, 1))
  (conv_2): Conv2d(128, 32, kernel_size=(1, 1), stride=(1, 1))
  (pad_p_1): ZeroPad2d(padding=(0, 0, 5, 6), value=0.0)
  (pad_p_2): ZeroPad2d(padding=(0, 0, 13, 13), value=0.0)
  (pad_p_3): ZeroPad2d(padding=(0, 0, 19, 20), value=0.0)
  (pad_p_4): ZeroPad2d(padding=(0, 0, 39, 40), value=0.0)
  (conv_p_1): Conv2d(32, 8, kernel_size=(12, 1), stride=(1, 1))
  (conv_p_2): Conv2d(32, 16, kernel_size=(27, 1), stride=(1, 1))
  (conv_p_3): Conv2d(32, 32, kernel_size=(40, 1), stride=(1, 1))
  (conv_p_4): Conv2d(32, 64, kernel_size=(80, 1), stride=(1, 1))
  (pad_seg): ZeroPad2d(padding=(0, 0, 1, 1), value=0.0)
  (conv_seg): Conv2d(152, 272, kernel_size=(3, 1), stride=(1, 1))
  (batch_seg): BatchNorm2d(240, eps=0.001, momentum=0.01, affine=True, track_running_stats=True)
  (max_pool_spot): MaxPool2d(kernel_size=(3, 1), stride=(2, 1), padding=0, dilation=1, ceil_mode=False)
  (pad_spot_1): ZeroPad2d(padding=(0, 0, 1, 1), value=0.0)
  (conv_spot_1): Conv2d(289, 32, kernel_size=(3, 1), stride=(1, 1))
  (max_pool_spot_1): MaxPool2d(kernel_size=(3, 1), stride=(2, 1), padding=0, dilation=1, ceil_mode=False)
  (pad_spot_2): ZeroPad2d(padding=(0, 0, 1, 1), value=0.0)
  (conv_spot_2): Conv2d(32, 16, kernel_size=(3, 1), stride=(1, 1))
  (max_pool_spot_2): MaxPool2d(kernel_size=(3, 1), stride=(2, 1), padding=0, dilation=1, ceil_mode=False)
  (conv_conf): Conv2d(464, 30, kernel_size=(1, 1), stride=(1, 1))
  (conv_class): Conv2d(464, 255, kernel_size=(1, 1), stride=(1, 1))
  (softmax): Softmax(dim=-1)
)
2024-03-07 09:41:16,742 [MainThread  ] [INFO ]  Total number of parameters: 578245
2024-03-07 09:41:23,930 [MainThread  ] [INFO ]  Metric: loose
2024-03-07 09:41:23,931 [MainThread  ] [INFO ]                        Any    Visible    Unseen
------------------  -----  ---------  --------
Penalty              0          0         0
Kick-off            14.6       10.74     17.61
Goal                43.84      43.84      0
Substitution        18         28.09      1.09
Offside             10.01      10.18      0
Shots on target     13.96      13.96      0
Shots off target    16.69      16.75     32.23
Clearance           31.6       37.12     28.21
Ball out of play    53.65      53.51     58.87
Throw-in            44.36      48.39     35.9
Foul                36.89      36.98     41.11
Indirect free-kick  24.32      25.74     23.25
Direct free-kick    16.5       15.4      54.55
Corner              42.93      46.08     20.71
Yellow card         17.88      18.82     13.32
Red card             0          0         0
Yellow->red card     0          0         0
Average mAP         22.66      23.86     25.14
2024-03-07 09:41:26,237 [MainThread  ] [INFO ]  Metric: tight
2024-03-07 09:41:26,238 [MainThread  ] [INFO ]                        Any    Visible    Unseen
------------------  -----  ---------  --------
Penalty              0          0         0
Kick-off             2.62       0.31      3.57
Goal                14.23      14.23      0
Substitution         1.45       2.06      0
Offside              0.74       0.82      0
Shots on target      4.84       4.84      0
Shots off target     5.09       5.77      0
Clearance            4.7        6.97      4.14
Ball out of play    11.1       11.22      8.27
Throw-in             7.64       7.99     12.12
Foul                12.45      12.44     22.35
Indirect free-kick   2.71       3.66      3.01
Direct free-kick     4.14       3.89     34.09
Corner               8.17      10.28      6.21
Yellow card          1.24       1.28      1.36
Red card             0          0         0
Yellow->red card     0          0         0
Average mAP          4.77       5.05      7.32
2024-03-07 09:41:30,920 [MainThread  ] [INFO ]  Total Execution Time is 14.18583369255066 seconds
