2024-03-07 14:21:57,949 [MainThread  ] [INFO ]  Starting main function
2024-03-07 14:21:57,949 [MainThread  ] [INFO ]  Parameters:
2024-03-07 14:21:57,949 [MainThread  ] [INFO ]   SoccerNet_path : /mnt/patatas_fritas/soccernet-spain
2024-03-07 14:21:57,949 [MainThread  ] [INFO ]         features : ResNET_TF2_PCA512.npy
2024-03-07 14:21:57,949 [MainThread  ] [INFO ]       max_epochs : 1000
2024-03-07 14:21:57,949 [MainThread  ] [INFO ]     load_weights : None
2024-03-07 14:21:57,949 [MainThread  ] [INFO ]       model_name : NETVLAD_v2_germany
2024-03-07 14:21:57,949 [MainThread  ] [INFO ]        test_only : True
2024-03-07 14:21:57,949 [MainThread  ] [INFO ]      split_train : ['train']
2024-03-07 14:21:57,949 [MainThread  ] [INFO ]      split_valid : ['valid']
2024-03-07 14:21:57,949 [MainThread  ] [INFO ]       split_test : ['test']
2024-03-07 14:21:57,949 [MainThread  ] [INFO ]          version : 2
2024-03-07 14:21:57,949 [MainThread  ] [INFO ]     num_features : 512
2024-03-07 14:21:57,949 [MainThread  ] [INFO ]  evaluation_frequency : 10
2024-03-07 14:21:57,949 [MainThread  ] [INFO ]        framerate : 2
2024-03-07 14:21:57,949 [MainThread  ] [INFO ]       chunk_size : 20
2024-03-07 14:21:57,950 [MainThread  ] [INFO ]             pool : NetVLAD
2024-03-07 14:21:57,950 [MainThread  ] [INFO ]       NMS_window : 20
2024-03-07 14:21:57,950 [MainThread  ] [INFO ]    NMS_threshold : 0.5
2024-03-07 14:21:57,950 [MainThread  ] [INFO ]       batch_size : 256
2024-03-07 14:21:57,950 [MainThread  ] [INFO ]               LR : 0.001
2024-03-07 14:21:57,950 [MainThread  ] [INFO ]              LRe : 1e-06
2024-03-07 14:21:57,950 [MainThread  ] [INFO ]         patience : 10
2024-03-07 14:21:57,950 [MainThread  ] [INFO ]              GPU : -1
2024-03-07 14:21:57,950 [MainThread  ] [INFO ]   max_num_worker : 4
2024-03-07 14:21:57,950 [MainThread  ] [INFO ]         loglevel : INFO
2024-03-07 14:21:57,951 [MainThread  ] [INFO ]  Checking/Download features and labels locally
2024-03-07 14:21:59,521 [MainThread  ] [INFO ]  Model(
  (pool_layer): NetVLAD(
    (conv): Conv2d(512, 64, kernel_size=(1, 1), stride=(1, 1), bias=False)
  )
  (fc): Linear(in_features=32768, out_features=18, bias=True)
  (drop): Dropout(p=0.4, inplace=False)
  (sigm): Sigmoid()
)
2024-03-07 14:21:59,521 [MainThread  ] [INFO ]  Total number of parameters: 655378
2024-03-07 14:21:59,525 [MainThread  ] [INFO ]  Checking/Download features and labels locally
2024-03-07 14:22:41,478 [MainThread  ] [INFO ]  Metric: loose
2024-03-07 14:22:41,479 [MainThread  ] [INFO ]                        Any    Visible    Unseen
------------------  -----  ---------  --------
Penalty              0          0         0
Kick-off            28.24      35.91     26.78
Goal                15.43      15.43      0
Substitution         0          0         0
Offside              0          0         0
Shots on target      5.45       5.45      0
Shots off target     2.52       2.52      0
Clearance           12.67      19.85      5.3
Ball out of play    19.24      19.64     19.91
Throw-in             9.09      12.84      8.76
Foul                 8.03       8.03      0
Indirect free-kick   3.03       3.16      4.34
Direct free-kick     4.24       5.7       0
Corner              31.14      31.29     16.72
Yellow card          6.2        6.2       0
Red card             0          0         0
Yellow->red card     0          0         0
Average mAP          8.55       9.77      6.29
2024-03-07 14:22:43,881 [MainThread  ] [INFO ]  Metric: tight
2024-03-07 14:22:43,882 [MainThread  ] [INFO ]                        Any    Visible    Unseen
------------------  -----  ---------  --------
Penalty              0          0         0
Kick-off            14.51      13.96     13.78
Goal                 3.98       3.98      0
Substitution         0          0         0
Offside              0          0         0
Shots on target      2.27       2.27      0
Shots off target     0          0         0
Clearance            1.92       2.9       1.14
Ball out of play     2.3        1.95      8.1
Throw-in             9.09       9.09      1.82
Foul                 1.53       1.54      0
Indirect free-kick   0.71       1.37      0
Direct free-kick     1.99       2.65      0
Corner               9.09       1.4       9.09
Yellow card          0          0         0
Red card             0          0         0
Yellow->red card     0          0         0
Average mAP          2.79       2.42      2.61
2024-03-07 14:22:43,882 [MainThread  ] [INFO ]  Best Performance at end of training 
2024-03-07 14:22:43,882 [MainThread  ] [INFO ]  a_mAP visibility all: 0.027869336181560636
2024-03-07 14:22:43,883 [MainThread  ] [INFO ]  a_mAP visibility all per class: [0.0, 0.1450579863769722, 0.03977272727272727, 0.0, 0.0, 0.022727272727272728, 0.0, 0.019155844155844155, 0.02301576132845483, 0.09090909090909091, 0.015270714134350497, 0.007073863636363637, 0.019886363636363636, 0.09090909090909091, 0.0, 0.0, 0.0]
2024-03-07 14:22:43,883 [MainThread  ] [INFO ]  a_mAP visibility visible: 0.024182268580948615
2024-03-07 14:22:43,883 [MainThread  ] [INFO ]  a_mAP visibility visible per class: [0.0, 0.13964646464646463, 0.03977272727272727, 0.0, 0.0, 0.022727272727272728, 0.0, 0.029040404040404037, 0.01949896694214876, 0.09090909090909091, 0.015362468009346833, 0.013658216783216782, 0.026515151515151512, 0.01396780303030303, 0.0, 0.0, 0.0]
2024-03-07 14:22:43,883 [MainThread  ] [INFO ]  a_mAP visibility unshown: 0.026090380533053622
2024-03-07 14:22:43,883 [MainThread  ] [INFO ]  a_mAP visibility unshown per class: [0.0, 0.13775449238424253, 0.0, 0.0, 0.0, 0.0, 0.0, 0.011363636363636364, 0.08096590909090909, 0.018181818181818184, 0.0, 0.0, 0.0, 0.09090909090909091, 0.0, 0.0, 0.0]
2024-03-07 14:22:43,883 [MainThread  ] [INFO ]  Total Execution Time is 45.934016942977905 seconds
